
2017-07-23 09:35:31
[ERROR]-[Thread: qtp525571-31]-[com.jfinal.core.ActionHandler.handle()]: /user
java.lang.NullPointerException
	at omq.user.newsfeed.UserNewsFeedController.newsfeed(UserNewsFeedController.java:17)
	at sun.reflect.NativeMethodAccessorImpl.invoke0(Native Method)
	at sun.reflect.NativeMethodAccessorImpl.invoke(NativeMethodAccessorImpl.java:62)
	at sun.reflect.DelegatingMethodAccessorImpl.invoke(DelegatingMethodAccessorImpl.java:43)
	at java.lang.reflect.Method.invoke(Method.java:498)
	at com.jfinal.aop.Invocation.invoke(Invocation.java:73)
	at omq.common.interceptor.LoginSessionInterceptor.intercept(LoginSessionInterceptor.java:34)
	at com.jfinal.aop.Invocation.invoke(Invocation.java:67)
	at com.jfinal.core.ActionHandler.handle(ActionHandler.java:74)
	at omq.common.handler.UrlSeoHandler.handle(UrlSeoHandler.java:55)
	at com.jfinal.core.JFinalFilter.doFilter(JFinalFilter.java:74)
	at org.eclipse.jetty.servlet.ServletHandler$CachedChain.doFilter(ServletHandler.java:1307)
	at org.eclipse.jetty.servlet.ServletHandler.doHandle(ServletHandler.java:453)
	at org.eclipse.jetty.server.handler.ScopedHandler.handle(ScopedHandler.java:137)
	at org.eclipse.jetty.security.SecurityHandler.handle(SecurityHandler.java:560)
	at org.eclipse.jetty.server.session.SessionHandler.doHandle(SessionHandler.java:231)
	at org.eclipse.jetty.server.handler.ContextHandler.doHandle(ContextHandler.java:1072)
	at org.eclipse.jetty.servlet.ServletHandler.doScope(ServletHandler.java:382)
	at org.eclipse.jetty.server.session.SessionHandler.doScope(SessionHandler.java:193)
	at org.eclipse.jetty.server.handler.ContextHandler.doScope(ContextHandler.java:1006)
	at org.eclipse.jetty.server.handler.ScopedHandler.handle(ScopedHandler.java:135)
	at org.eclipse.jetty.server.handler.HandlerWrapper.handle(HandlerWrapper.java:116)
	at org.eclipse.jetty.server.Server.handle(Server.java:365)
	at org.eclipse.jetty.server.AbstractHttpConnection.handleRequest(AbstractHttpConnection.java:485)
	at org.eclipse.jetty.server.AbstractHttpConnection.headerComplete(AbstractHttpConnection.java:926)
	at org.eclipse.jetty.server.AbstractHttpConnection$RequestHandler.headerComplete(AbstractHttpConnection.java:988)
	at org.eclipse.jetty.http.HttpParser.parseNext(HttpParser.java:635)
	at org.eclipse.jetty.http.HttpParser.parseAvailable(HttpParser.java:235)
	at org.eclipse.jetty.server.AsyncHttpConnection.handle(AsyncHttpConnection.java:82)
	at org.eclipse.jetty.io.nio.SelectChannelEndPoint.handle(SelectChannelEndPoint.java:628)
	at org.eclipse.jetty.io.nio.SelectChannelEndPoint$1.run(SelectChannelEndPoint.java:52)
	at org.eclipse.jetty.util.thread.QueuedThreadPool.runJob(QueuedThreadPool.java:608)
	at org.eclipse.jetty.util.thread.QueuedThreadPool$3.run(QueuedThreadPool.java:543)
	at java.lang.Thread.run(Thread.java:748)

2017-07-23 09:36:05
[ERROR]-[Thread: qtp525571-30]-[com.jfinal.core.ActionHandler.handle()]: /user
java.lang.NullPointerException
	at omq.user.newsfeed.UserNewsFeedController.newsfeed(UserNewsFeedController.java:17)
	at sun.reflect.NativeMethodAccessorImpl.invoke0(Native Method)
	at sun.reflect.NativeMethodAccessorImpl.invoke(NativeMethodAccessorImpl.java:62)
	at sun.reflect.DelegatingMethodAccessorImpl.invoke(DelegatingMethodAccessorImpl.java:43)
	at java.lang.reflect.Method.invoke(Method.java:498)
	at com.jfinal.aop.Invocation.invoke(Invocation.java:73)
	at omq.common.interceptor.LoginSessionInterceptor.intercept(LoginSessionInterceptor.java:34)
	at com.jfinal.aop.Invocation.invoke(Invocation.java:67)
	at com.jfinal.core.ActionHandler.handle(ActionHandler.java:74)
	at omq.common.handler.UrlSeoHandler.handle(UrlSeoHandler.java:55)
	at com.jfinal.core.JFinalFilter.doFilter(JFinalFilter.java:74)
	at org.eclipse.jetty.servlet.ServletHandler$CachedChain.doFilter(ServletHandler.java:1307)
	at org.eclipse.jetty.servlet.ServletHandler.doHandle(ServletHandler.java:453)
	at org.eclipse.jetty.server.handler.ScopedHandler.handle(ScopedHandler.java:137)
	at org.eclipse.jetty.security.SecurityHandler.handle(SecurityHandler.java:560)
	at org.eclipse.jetty.server.session.SessionHandler.doHandle(SessionHandler.java:231)
	at org.eclipse.jetty.server.handler.ContextHandler.doHandle(ContextHandler.java:1072)
	at org.eclipse.jetty.servlet.ServletHandler.doScope(ServletHandler.java:382)
	at org.eclipse.jetty.server.session.SessionHandler.doScope(SessionHandler.java:193)
	at org.eclipse.jetty.server.handler.ContextHandler.doScope(ContextHandler.java:1006)
	at org.eclipse.jetty.server.handler.ScopedHandler.handle(ScopedHandler.java:135)
	at org.eclipse.jetty.server.handler.HandlerWrapper.handle(HandlerWrapper.java:116)
	at org.eclipse.jetty.server.Server.handle(Server.java:365)
	at org.eclipse.jetty.server.AbstractHttpConnection.handleRequest(AbstractHttpConnection.java:485)
	at org.eclipse.jetty.server.AbstractHttpConnection.headerComplete(AbstractHttpConnection.java:926)
	at org.eclipse.jetty.server.AbstractHttpConnection$RequestHandler.headerComplete(AbstractHttpConnection.java:988)
	at org.eclipse.jetty.http.HttpParser.parseNext(HttpParser.java:635)
	at org.eclipse.jetty.http.HttpParser.parseAvailable(HttpParser.java:235)
	at org.eclipse.jetty.server.AsyncHttpConnection.handle(AsyncHttpConnection.java:82)
	at org.eclipse.jetty.io.nio.SelectChannelEndPoint.handle(SelectChannelEndPoint.java:628)
	at org.eclipse.jetty.io.nio.SelectChannelEndPoint$1.run(SelectChannelEndPoint.java:52)
	at org.eclipse.jetty.util.thread.QueuedThreadPool.runJob(QueuedThreadPool.java:608)
	at org.eclipse.jetty.util.thread.QueuedThreadPool$3.run(QueuedThreadPool.java:543)
	at java.lang.Thread.run(Thread.java:748)

2017-07-23 09:36:52
[ERROR]-[Thread: qtp525571-31]-[com.jfinal.core.ActionHandler.handle()]: /my
com.jfinal.render.RenderException: com.jfinal.template.TemplateException: Method not found: omq.common.model.NewsFeed.isRefTypeProject()
Template: "/view/my/newsfeed/_news_feed_list.html". Line: 44
	at com.jfinal.render.TemplateRender.render(TemplateRender.java:63)
	at com.jfinal.core.ActionHandler.handle(ActionHandler.java:99)
	at omq.common.handler.UrlSeoHandler.handle(UrlSeoHandler.java:55)
	at com.jfinal.core.JFinalFilter.doFilter(JFinalFilter.java:74)
	at org.eclipse.jetty.servlet.ServletHandler$CachedChain.doFilter(ServletHandler.java:1307)
	at org.eclipse.jetty.servlet.ServletHandler.doHandle(ServletHandler.java:453)
	at org.eclipse.jetty.server.handler.ScopedHandler.handle(ScopedHandler.java:137)
	at org.eclipse.jetty.security.SecurityHandler.handle(SecurityHandler.java:560)
	at org.eclipse.jetty.server.session.SessionHandler.doHandle(SessionHandler.java:231)
	at org.eclipse.jetty.server.handler.ContextHandler.doHandle(ContextHandler.java:1072)
	at org.eclipse.jetty.servlet.ServletHandler.doScope(ServletHandler.java:382)
	at org.eclipse.jetty.server.session.SessionHandler.doScope(SessionHandler.java:193)
	at org.eclipse.jetty.server.handler.ContextHandler.doScope(ContextHandler.java:1006)
	at org.eclipse.jetty.server.handler.ScopedHandler.handle(ScopedHandler.java:135)
	at org.eclipse.jetty.server.handler.HandlerWrapper.handle(HandlerWrapper.java:116)
	at org.eclipse.jetty.server.Server.handle(Server.java:365)
	at org.eclipse.jetty.server.AbstractHttpConnection.handleRequest(AbstractHttpConnection.java:485)
	at org.eclipse.jetty.server.AbstractHttpConnection.headerComplete(AbstractHttpConnection.java:926)
	at org.eclipse.jetty.server.AbstractHttpConnection$RequestHandler.headerComplete(AbstractHttpConnection.java:988)
	at org.eclipse.jetty.http.HttpParser.parseNext(HttpParser.java:635)
	at org.eclipse.jetty.http.HttpParser.parseAvailable(HttpParser.java:235)
	at org.eclipse.jetty.server.AsyncHttpConnection.handle(AsyncHttpConnection.java:82)
	at org.eclipse.jetty.io.nio.SelectChannelEndPoint.handle(SelectChannelEndPoint.java:628)
	at org.eclipse.jetty.io.nio.SelectChannelEndPoint$1.run(SelectChannelEndPoint.java:52)
	at org.eclipse.jetty.util.thread.QueuedThreadPool.runJob(QueuedThreadPool.java:608)
	at org.eclipse.jetty.util.thread.QueuedThreadPool$3.run(QueuedThreadPool.java:543)
	at java.lang.Thread.run(Thread.java:748)
Caused by: com.jfinal.template.TemplateException: Method not found: omq.common.model.NewsFeed.isRefTypeProject()
Template: "/view/my/newsfeed/_news_feed_list.html". Line: 44
	at com.jfinal.template.expr.ast.Method.eval(Method.java:77)
	at com.jfinal.template.expr.ast.ExprList.eval(ExprList.java:67)
	at com.jfinal.template.stat.ast.If.exec(If.java:52)
	at com.jfinal.template.stat.ast.StatList.exec(StatList.java:48)
	at com.jfinal.template.stat.ast.For.forIterator(For.java:74)
	at com.jfinal.template.stat.ast.For.exec(For.java:53)
	at com.jfinal.template.stat.ast.StatList.exec(StatList.java:48)
	at com.jfinal.template.stat.ast.Include.exec(Include.java:138)
	at com.jfinal.template.stat.ast.StatList.exec(StatList.java:48)
	at com.jfinal.template.stat.ast.Define.call(Define.java:105)
	at com.jfinal.template.stat.ast.Call.exec(Call.java:49)
	at com.jfinal.template.stat.ast.StatList.exec(StatList.java:48)
	at com.jfinal.template.stat.ast.Define.call(Define.java:105)
	at com.jfinal.template.stat.ast.Call.exec(Call.java:49)
	at com.jfinal.template.stat.ast.StatList.exec(StatList.java:48)
	at com.jfinal.template.Template.render(Template.java:49)
	at com.jfinal.render.TemplateRender.render(TemplateRender.java:61)
	... 26 more

2017-07-23 09:36:54
[ERROR]-[Thread: qtp525571-30]-[com.jfinal.core.ActionHandler.handle()]: /my
com.jfinal.render.RenderException: com.jfinal.template.TemplateException: Method not found: omq.common.model.NewsFeed.isRefTypeProject()
Template: "/view/my/newsfeed/_news_feed_list.html". Line: 44
	at com.jfinal.render.TemplateRender.render(TemplateRender.java:63)
	at com.jfinal.core.ActionHandler.handle(ActionHandler.java:99)
	at omq.common.handler.UrlSeoHandler.handle(UrlSeoHandler.java:55)
	at com.jfinal.core.JFinalFilter.doFilter(JFinalFilter.java:74)
	at org.eclipse.jetty.servlet.ServletHandler$CachedChain.doFilter(ServletHandler.java:1307)
	at org.eclipse.jetty.servlet.ServletHandler.doHandle(ServletHandler.java:453)
	at org.eclipse.jetty.server.handler.ScopedHandler.handle(ScopedHandler.java:137)
	at org.eclipse.jetty.security.SecurityHandler.handle(SecurityHandler.java:560)
	at org.eclipse.jetty.server.session.SessionHandler.doHandle(SessionHandler.java:231)
	at org.eclipse.jetty.server.handler.ContextHandler.doHandle(ContextHandler.java:1072)
	at org.eclipse.jetty.servlet.ServletHandler.doScope(ServletHandler.java:382)
	at org.eclipse.jetty.server.session.SessionHandler.doScope(SessionHandler.java:193)
	at org.eclipse.jetty.server.handler.ContextHandler.doScope(ContextHandler.java:1006)
	at org.eclipse.jetty.server.handler.ScopedHandler.handle(ScopedHandler.java:135)
	at org.eclipse.jetty.server.handler.HandlerWrapper.handle(HandlerWrapper.java:116)
	at org.eclipse.jetty.server.Server.handle(Server.java:365)
	at org.eclipse.jetty.server.AbstractHttpConnection.handleRequest(AbstractHttpConnection.java:485)
	at org.eclipse.jetty.server.AbstractHttpConnection.headerComplete(AbstractHttpConnection.java:926)
	at org.eclipse.jetty.server.AbstractHttpConnection$RequestHandler.headerComplete(AbstractHttpConnection.java:988)
	at org.eclipse.jetty.http.HttpParser.parseNext(HttpParser.java:635)
	at org.eclipse.jetty.http.HttpParser.parseAvailable(HttpParser.java:235)
	at org.eclipse.jetty.server.AsyncHttpConnection.handle(AsyncHttpConnection.java:82)
	at org.eclipse.jetty.io.nio.SelectChannelEndPoint.handle(SelectChannelEndPoint.java:628)
	at org.eclipse.jetty.io.nio.SelectChannelEndPoint$1.run(SelectChannelEndPoint.java:52)
	at org.eclipse.jetty.util.thread.QueuedThreadPool.runJob(QueuedThreadPool.java:608)
	at org.eclipse.jetty.util.thread.QueuedThreadPool$3.run(QueuedThreadPool.java:543)
	at java.lang.Thread.run(Thread.java:748)
Caused by: com.jfinal.template.TemplateException: Method not found: omq.common.model.NewsFeed.isRefTypeProject()
Template: "/view/my/newsfeed/_news_feed_list.html". Line: 44
	at com.jfinal.template.expr.ast.Method.eval(Method.java:77)
	at com.jfinal.template.expr.ast.ExprList.eval(ExprList.java:67)
	at com.jfinal.template.stat.ast.If.exec(If.java:52)
	at com.jfinal.template.stat.ast.StatList.exec(StatList.java:48)
	at com.jfinal.template.stat.ast.For.forIterator(For.java:74)
	at com.jfinal.template.stat.ast.For.exec(For.java:53)
	at com.jfinal.template.stat.ast.StatList.exec(StatList.java:48)
	at com.jfinal.template.stat.ast.Include.exec(Include.java:138)
	at com.jfinal.template.stat.ast.StatList.exec(StatList.java:48)
	at com.jfinal.template.stat.ast.Define.call(Define.java:105)
	at com.jfinal.template.stat.ast.Call.exec(Call.java:49)
	at com.jfinal.template.stat.ast.StatList.exec(StatList.java:48)
	at com.jfinal.template.stat.ast.Define.call(Define.java:105)
	at com.jfinal.template.stat.ast.Call.exec(Call.java:49)
	at com.jfinal.template.stat.ast.StatList.exec(StatList.java:48)
	at com.jfinal.template.Template.render(Template.java:49)
	at com.jfinal.render.TemplateRender.render(TemplateRender.java:61)
	... 26 more

2017-07-23 09:40:58
[ERROR]-[Thread: qtp525571-28]-[com.jfinal.core.ActionHandler.handle()]: /my
com.jfinal.render.RenderException: com.jfinal.template.TemplateException: Method not found: omq.common.model.NewsFeed.isRefTypeProject()
Template: "/view/my/newsfeed/_news_feed_list.html". Line: 44
	at com.jfinal.render.TemplateRender.render(TemplateRender.java:63)
	at com.jfinal.core.ActionHandler.handle(ActionHandler.java:99)
	at omq.common.handler.UrlSeoHandler.handle(UrlSeoHandler.java:55)
	at com.jfinal.core.JFinalFilter.doFilter(JFinalFilter.java:74)
	at org.eclipse.jetty.servlet.ServletHandler$CachedChain.doFilter(ServletHandler.java:1307)
	at org.eclipse.jetty.servlet.ServletHandler.doHandle(ServletHandler.java:453)
	at org.eclipse.jetty.server.handler.ScopedHandler.handle(ScopedHandler.java:137)
	at org.eclipse.jetty.security.SecurityHandler.handle(SecurityHandler.java:560)
	at org.eclipse.jetty.server.session.SessionHandler.doHandle(SessionHandler.java:231)
	at org.eclipse.jetty.server.handler.ContextHandler.doHandle(ContextHandler.java:1072)
	at org.eclipse.jetty.servlet.ServletHandler.doScope(ServletHandler.java:382)
	at org.eclipse.jetty.server.session.SessionHandler.doScope(SessionHandler.java:193)
	at org.eclipse.jetty.server.handler.ContextHandler.doScope(ContextHandler.java:1006)
	at org.eclipse.jetty.server.handler.ScopedHandler.handle(ScopedHandler.java:135)
	at org.eclipse.jetty.server.handler.HandlerWrapper.handle(HandlerWrapper.java:116)
	at org.eclipse.jetty.server.Server.handle(Server.java:365)
	at org.eclipse.jetty.server.AbstractHttpConnection.handleRequest(AbstractHttpConnection.java:485)
	at org.eclipse.jetty.server.AbstractHttpConnection.headerComplete(AbstractHttpConnection.java:926)
	at org.eclipse.jetty.server.AbstractHttpConnection$RequestHandler.headerComplete(AbstractHttpConnection.java:988)
	at org.eclipse.jetty.http.HttpParser.parseNext(HttpParser.java:635)
	at org.eclipse.jetty.http.HttpParser.parseAvailable(HttpParser.java:235)
	at org.eclipse.jetty.server.AsyncHttpConnection.handle(AsyncHttpConnection.java:82)
	at org.eclipse.jetty.io.nio.SelectChannelEndPoint.handle(SelectChannelEndPoint.java:628)
	at org.eclipse.jetty.io.nio.SelectChannelEndPoint$1.run(SelectChannelEndPoint.java:52)
	at org.eclipse.jetty.util.thread.QueuedThreadPool.runJob(QueuedThreadPool.java:608)
	at org.eclipse.jetty.util.thread.QueuedThreadPool$3.run(QueuedThreadPool.java:543)
	at java.lang.Thread.run(Thread.java:748)
Caused by: com.jfinal.template.TemplateException: Method not found: omq.common.model.NewsFeed.isRefTypeProject()
Template: "/view/my/newsfeed/_news_feed_list.html". Line: 44
	at com.jfinal.template.expr.ast.Method.eval(Method.java:77)
	at com.jfinal.template.expr.ast.ExprList.eval(ExprList.java:67)
	at com.jfinal.template.stat.ast.If.exec(If.java:52)
	at com.jfinal.template.stat.ast.StatList.exec(StatList.java:48)
	at com.jfinal.template.stat.ast.For.forIterator(For.java:74)
	at com.jfinal.template.stat.ast.For.exec(For.java:53)
	at com.jfinal.template.stat.ast.StatList.exec(StatList.java:48)
	at com.jfinal.template.stat.ast.Include.exec(Include.java:138)
	at com.jfinal.template.stat.ast.StatList.exec(StatList.java:48)
	at com.jfinal.template.stat.ast.Define.call(Define.java:105)
	at com.jfinal.template.stat.ast.Call.exec(Call.java:49)
	at com.jfinal.template.stat.ast.StatList.exec(StatList.java:48)
	at com.jfinal.template.stat.ast.Define.call(Define.java:105)
	at com.jfinal.template.stat.ast.Call.exec(Call.java:49)
	at com.jfinal.template.stat.ast.StatList.exec(StatList.java:48)
	at com.jfinal.template.Template.render(Template.java:49)
	at com.jfinal.render.TemplateRender.render(TemplateRender.java:61)
	... 26 more

2017-07-23 09:44:32
[ERROR]-[Thread: qtp525571-30]-[com.jfinal.core.ActionHandler.handle()]: /my/fans
com.jfinal.render.RenderException: com.jfinal.template.TemplateException: Method not found: omq.common.model.NewsFeed.isRefTypeProject()
Template: "/view/my/newsfeed/_news_feed_list.html". Line: 44
	at com.jfinal.render.TemplateRender.render(TemplateRender.java:63)
	at com.jfinal.core.ActionHandler.handle(ActionHandler.java:99)
	at omq.common.handler.UrlSeoHandler.handle(UrlSeoHandler.java:55)
	at com.jfinal.core.JFinalFilter.doFilter(JFinalFilter.java:74)
	at org.eclipse.jetty.servlet.ServletHandler$CachedChain.doFilter(ServletHandler.java:1307)
	at org.eclipse.jetty.servlet.ServletHandler.doHandle(ServletHandler.java:453)
	at org.eclipse.jetty.server.handler.ScopedHandler.handle(ScopedHandler.java:137)
	at org.eclipse.jetty.security.SecurityHandler.handle(SecurityHandler.java:560)
	at org.eclipse.jetty.server.session.SessionHandler.doHandle(SessionHandler.java:231)
	at org.eclipse.jetty.server.handler.ContextHandler.doHandle(ContextHandler.java:1072)
	at org.eclipse.jetty.servlet.ServletHandler.doScope(ServletHandler.java:382)
	at org.eclipse.jetty.server.session.SessionHandler.doScope(SessionHandler.java:193)
	at org.eclipse.jetty.server.handler.ContextHandler.doScope(ContextHandler.java:1006)
	at org.eclipse.jetty.server.handler.ScopedHandler.handle(ScopedHandler.java:135)
	at org.eclipse.jetty.server.handler.HandlerWrapper.handle(HandlerWrapper.java:116)
	at org.eclipse.jetty.server.Server.handle(Server.java:365)
	at org.eclipse.jetty.server.AbstractHttpConnection.handleRequest(AbstractHttpConnection.java:485)
	at org.eclipse.jetty.server.AbstractHttpConnection.headerComplete(AbstractHttpConnection.java:926)
	at org.eclipse.jetty.server.AbstractHttpConnection$RequestHandler.headerComplete(AbstractHttpConnection.java:988)
	at org.eclipse.jetty.http.HttpParser.parseNext(HttpParser.java:635)
	at org.eclipse.jetty.http.HttpParser.parseAvailable(HttpParser.java:235)
	at org.eclipse.jetty.server.AsyncHttpConnection.handle(AsyncHttpConnection.java:82)
	at org.eclipse.jetty.io.nio.SelectChannelEndPoint.handle(SelectChannelEndPoint.java:628)
	at org.eclipse.jetty.io.nio.SelectChannelEndPoint$1.run(SelectChannelEndPoint.java:52)
	at org.eclipse.jetty.util.thread.QueuedThreadPool.runJob(QueuedThreadPool.java:608)
	at org.eclipse.jetty.util.thread.QueuedThreadPool$3.run(QueuedThreadPool.java:543)
	at java.lang.Thread.run(Thread.java:748)
Caused by: com.jfinal.template.TemplateException: Method not found: omq.common.model.NewsFeed.isRefTypeProject()
Template: "/view/my/newsfeed/_news_feed_list.html". Line: 44
	at com.jfinal.template.expr.ast.Method.eval(Method.java:77)
	at com.jfinal.template.expr.ast.ExprList.eval(ExprList.java:67)
	at com.jfinal.template.stat.ast.If.exec(If.java:52)
	at com.jfinal.template.stat.ast.StatList.exec(StatList.java:48)
	at com.jfinal.template.stat.ast.For.forIterator(For.java:74)
	at com.jfinal.template.stat.ast.For.exec(For.java:53)
	at com.jfinal.template.stat.ast.StatList.exec(StatList.java:48)
	at com.jfinal.template.stat.ast.Include.exec(Include.java:138)
	at com.jfinal.template.stat.ast.StatList.exec(StatList.java:48)
	at com.jfinal.template.stat.ast.Define.call(Define.java:105)
	at com.jfinal.template.stat.ast.Call.exec(Call.java:49)
	at com.jfinal.template.stat.ast.StatList.exec(StatList.java:48)
	at com.jfinal.template.stat.ast.Define.call(Define.java:105)
	at com.jfinal.template.stat.ast.Call.exec(Call.java:49)
	at com.jfinal.template.stat.ast.StatList.exec(StatList.java:48)
	at com.jfinal.template.Template.render(Template.java:49)
	at com.jfinal.render.TemplateRender.render(TemplateRender.java:61)
	... 26 more

2017-07-23 09:44:33
[ERROR]-[Thread: qtp525571-32]-[com.jfinal.core.ActionHandler.handle()]: /my/follow
com.jfinal.render.RenderException: com.jfinal.template.TemplateException: Method not found: omq.common.model.NewsFeed.isRefTypeProject()
Template: "/view/my/newsfeed/_news_feed_list.html". Line: 44
	at com.jfinal.render.TemplateRender.render(TemplateRender.java:63)
	at com.jfinal.core.ActionHandler.handle(ActionHandler.java:99)
	at omq.common.handler.UrlSeoHandler.handle(UrlSeoHandler.java:55)
	at com.jfinal.core.JFinalFilter.doFilter(JFinalFilter.java:74)
	at org.eclipse.jetty.servlet.ServletHandler$CachedChain.doFilter(ServletHandler.java:1307)
	at org.eclipse.jetty.servlet.ServletHandler.doHandle(ServletHandler.java:453)
	at org.eclipse.jetty.server.handler.ScopedHandler.handle(ScopedHandler.java:137)
	at org.eclipse.jetty.security.SecurityHandler.handle(SecurityHandler.java:560)
	at org.eclipse.jetty.server.session.SessionHandler.doHandle(SessionHandler.java:231)
	at org.eclipse.jetty.server.handler.ContextHandler.doHandle(ContextHandler.java:1072)
	at org.eclipse.jetty.servlet.ServletHandler.doScope(ServletHandler.java:382)
	at org.eclipse.jetty.server.session.SessionHandler.doScope(SessionHandler.java:193)
	at org.eclipse.jetty.server.handler.ContextHandler.doScope(ContextHandler.java:1006)
	at org.eclipse.jetty.server.handler.ScopedHandler.handle(ScopedHandler.java:135)
	at org.eclipse.jetty.server.handler.HandlerWrapper.handle(HandlerWrapper.java:116)
	at org.eclipse.jetty.server.Server.handle(Server.java:365)
	at org.eclipse.jetty.server.AbstractHttpConnection.handleRequest(AbstractHttpConnection.java:485)
	at org.eclipse.jetty.server.AbstractHttpConnection.headerComplete(AbstractHttpConnection.java:926)
	at org.eclipse.jetty.server.AbstractHttpConnection$RequestHandler.headerComplete(AbstractHttpConnection.java:988)
	at org.eclipse.jetty.http.HttpParser.parseNext(HttpParser.java:635)
	at org.eclipse.jetty.http.HttpParser.parseAvailable(HttpParser.java:235)
	at org.eclipse.jetty.server.AsyncHttpConnection.handle(AsyncHttpConnection.java:82)
	at org.eclipse.jetty.io.nio.SelectChannelEndPoint.handle(SelectChannelEndPoint.java:628)
	at org.eclipse.jetty.io.nio.SelectChannelEndPoint$1.run(SelectChannelEndPoint.java:52)
	at org.eclipse.jetty.util.thread.QueuedThreadPool.runJob(QueuedThreadPool.java:608)
	at org.eclipse.jetty.util.thread.QueuedThreadPool$3.run(QueuedThreadPool.java:543)
	at java.lang.Thread.run(Thread.java:748)
Caused by: com.jfinal.template.TemplateException: Method not found: omq.common.model.NewsFeed.isRefTypeProject()
Template: "/view/my/newsfeed/_news_feed_list.html". Line: 44
	at com.jfinal.template.expr.ast.Method.eval(Method.java:77)
	at com.jfinal.template.expr.ast.ExprList.eval(ExprList.java:67)
	at com.jfinal.template.stat.ast.If.exec(If.java:52)
	at com.jfinal.template.stat.ast.StatList.exec(StatList.java:48)
	at com.jfinal.template.stat.ast.For.forIterator(For.java:74)
	at com.jfinal.template.stat.ast.For.exec(For.java:53)
	at com.jfinal.template.stat.ast.StatList.exec(StatList.java:48)
	at com.jfinal.template.stat.ast.Include.exec(Include.java:138)
	at com.jfinal.template.stat.ast.StatList.exec(StatList.java:48)
	at com.jfinal.template.stat.ast.Define.call(Define.java:105)
	at com.jfinal.template.stat.ast.Call.exec(Call.java:49)
	at com.jfinal.template.stat.ast.StatList.exec(StatList.java:48)
	at com.jfinal.template.stat.ast.Define.call(Define.java:105)
	at com.jfinal.template.stat.ast.Call.exec(Call.java:49)
	at com.jfinal.template.stat.ast.StatList.exec(StatList.java:48)
	at com.jfinal.template.Template.render(Template.java:49)
	at com.jfinal.render.TemplateRender.render(TemplateRender.java:61)
	... 26 more

2017-07-23 09:44:54
[ERROR]-[Thread: qtp525571-28]-[com.jfinal.core.ActionHandler.handle()]: /my
com.jfinal.render.RenderException: com.jfinal.template.TemplateException: Method not found: omq.common.model.NewsFeed.isRefTypeProject()
Template: "/view/my/newsfeed/_news_feed_list.html". Line: 44
	at com.jfinal.render.TemplateRender.render(TemplateRender.java:63)
	at com.jfinal.core.ActionHandler.handle(ActionHandler.java:99)
	at omq.common.handler.UrlSeoHandler.handle(UrlSeoHandler.java:55)
	at com.jfinal.core.JFinalFilter.doFilter(JFinalFilter.java:74)
	at org.eclipse.jetty.servlet.ServletHandler$CachedChain.doFilter(ServletHandler.java:1307)
	at org.eclipse.jetty.servlet.ServletHandler.doHandle(ServletHandler.java:453)
	at org.eclipse.jetty.server.handler.ScopedHandler.handle(ScopedHandler.java:137)
	at org.eclipse.jetty.security.SecurityHandler.handle(SecurityHandler.java:560)
	at org.eclipse.jetty.server.session.SessionHandler.doHandle(SessionHandler.java:231)
	at org.eclipse.jetty.server.handler.ContextHandler.doHandle(ContextHandler.java:1072)
	at org.eclipse.jetty.servlet.ServletHandler.doScope(ServletHandler.java:382)
	at org.eclipse.jetty.server.session.SessionHandler.doScope(SessionHandler.java:193)
	at org.eclipse.jetty.server.handler.ContextHandler.doScope(ContextHandler.java:1006)
	at org.eclipse.jetty.server.handler.ScopedHandler.handle(ScopedHandler.java:135)
	at org.eclipse.jetty.server.handler.HandlerWrapper.handle(HandlerWrapper.java:116)
	at org.eclipse.jetty.server.Server.handle(Server.java:365)
	at org.eclipse.jetty.server.AbstractHttpConnection.handleRequest(AbstractHttpConnection.java:485)
	at org.eclipse.jetty.server.AbstractHttpConnection.headerComplete(AbstractHttpConnection.java:926)
	at org.eclipse.jetty.server.AbstractHttpConnection$RequestHandler.headerComplete(AbstractHttpConnection.java:988)
	at org.eclipse.jetty.http.HttpParser.parseNext(HttpParser.java:635)
	at org.eclipse.jetty.http.HttpParser.parseAvailable(HttpParser.java:235)
	at org.eclipse.jetty.server.AsyncHttpConnection.handle(AsyncHttpConnection.java:82)
	at org.eclipse.jetty.io.nio.SelectChannelEndPoint.handle(SelectChannelEndPoint.java:628)
	at org.eclipse.jetty.io.nio.SelectChannelEndPoint$1.run(SelectChannelEndPoint.java:52)
	at org.eclipse.jetty.util.thread.QueuedThreadPool.runJob(QueuedThreadPool.java:608)
	at org.eclipse.jetty.util.thread.QueuedThreadPool$3.run(QueuedThreadPool.java:543)
	at java.lang.Thread.run(Thread.java:748)
Caused by: com.jfinal.template.TemplateException: Method not found: omq.common.model.NewsFeed.isRefTypeProject()
Template: "/view/my/newsfeed/_news_feed_list.html". Line: 44
	at com.jfinal.template.expr.ast.Method.eval(Method.java:77)
	at com.jfinal.template.expr.ast.ExprList.eval(ExprList.java:67)
	at com.jfinal.template.stat.ast.If.exec(If.java:52)
	at com.jfinal.template.stat.ast.StatList.exec(StatList.java:48)
	at com.jfinal.template.stat.ast.For.forIterator(For.java:74)
	at com.jfinal.template.stat.ast.For.exec(For.java:53)
	at com.jfinal.template.stat.ast.StatList.exec(StatList.java:48)
	at com.jfinal.template.stat.ast.Include.exec(Include.java:138)
	at com.jfinal.template.stat.ast.StatList.exec(StatList.java:48)
	at com.jfinal.template.stat.ast.Define.call(Define.java:105)
	at com.jfinal.template.stat.ast.Call.exec(Call.java:49)
	at com.jfinal.template.stat.ast.StatList.exec(StatList.java:48)
	at com.jfinal.template.stat.ast.Define.call(Define.java:105)
	at com.jfinal.template.stat.ast.Call.exec(Call.java:49)
	at com.jfinal.template.stat.ast.StatList.exec(StatList.java:48)
	at com.jfinal.template.Template.render(Template.java:49)
	at com.jfinal.render.TemplateRender.render(TemplateRender.java:61)
	... 26 more

2017-07-23 09:45:04
[ERROR]-[Thread: qtp525571-33]-[com.jfinal.core.ActionHandler.handle()]: /user/1
java.lang.NullPointerException
	at omq.user.newsfeed.UserNewsFeedController.newsfeed(UserNewsFeedController.java:17)
	at sun.reflect.NativeMethodAccessorImpl.invoke0(Native Method)
	at sun.reflect.NativeMethodAccessorImpl.invoke(NativeMethodAccessorImpl.java:62)
	at sun.reflect.DelegatingMethodAccessorImpl.invoke(DelegatingMethodAccessorImpl.java:43)
	at java.lang.reflect.Method.invoke(Method.java:498)
	at com.jfinal.aop.Invocation.invoke(Invocation.java:73)
	at omq.common.interceptor.LoginSessionInterceptor.intercept(LoginSessionInterceptor.java:34)
	at com.jfinal.aop.Invocation.invoke(Invocation.java:67)
	at com.jfinal.core.ActionHandler.handle(ActionHandler.java:74)
	at omq.common.handler.UrlSeoHandler.handle(UrlSeoHandler.java:55)
	at com.jfinal.core.JFinalFilter.doFilter(JFinalFilter.java:74)
	at org.eclipse.jetty.servlet.ServletHandler$CachedChain.doFilter(ServletHandler.java:1307)
	at org.eclipse.jetty.servlet.ServletHandler.doHandle(ServletHandler.java:453)
	at org.eclipse.jetty.server.handler.ScopedHandler.handle(ScopedHandler.java:137)
	at org.eclipse.jetty.security.SecurityHandler.handle(SecurityHandler.java:560)
	at org.eclipse.jetty.server.session.SessionHandler.doHandle(SessionHandler.java:231)
	at org.eclipse.jetty.server.handler.ContextHandler.doHandle(ContextHandler.java:1072)
	at org.eclipse.jetty.servlet.ServletHandler.doScope(ServletHandler.java:382)
	at org.eclipse.jetty.server.session.SessionHandler.doScope(SessionHandler.java:193)
	at org.eclipse.jetty.server.handler.ContextHandler.doScope(ContextHandler.java:1006)
	at org.eclipse.jetty.server.handler.ScopedHandler.handle(ScopedHandler.java:135)
	at org.eclipse.jetty.server.handler.HandlerWrapper.handle(HandlerWrapper.java:116)
	at org.eclipse.jetty.server.Server.handle(Server.java:365)
	at org.eclipse.jetty.server.AbstractHttpConnection.handleRequest(AbstractHttpConnection.java:485)
	at org.eclipse.jetty.server.AbstractHttpConnection.headerComplete(AbstractHttpConnection.java:926)
	at org.eclipse.jetty.server.AbstractHttpConnection$RequestHandler.headerComplete(AbstractHttpConnection.java:988)
	at org.eclipse.jetty.http.HttpParser.parseNext(HttpParser.java:635)
	at org.eclipse.jetty.http.HttpParser.parseAvailable(HttpParser.java:235)
	at org.eclipse.jetty.server.AsyncHttpConnection.handle(AsyncHttpConnection.java:82)
	at org.eclipse.jetty.io.nio.SelectChannelEndPoint.handle(SelectChannelEndPoint.java:628)
	at org.eclipse.jetty.io.nio.SelectChannelEndPoint$1.run(SelectChannelEndPoint.java:52)
	at org.eclipse.jetty.util.thread.QueuedThreadPool.runJob(QueuedThreadPool.java:608)
	at org.eclipse.jetty.util.thread.QueuedThreadPool$3.run(QueuedThreadPool.java:543)
	at java.lang.Thread.run(Thread.java:748)

2017-07-23 09:45:40
[ERROR]-[Thread: qtp525571-30]-[com.jfinal.core.ActionHandler.handle()]: /user/1
com.jfinal.render.RenderException: java.lang.RuntimeException: File not found : /home/ghost/java/workspace/Jfianl/src/main/webapp/view/user/newsfeed/newsfeed.html
	at com.jfinal.render.TemplateRender.render(TemplateRender.java:63)
	at com.jfinal.core.ActionHandler.handle(ActionHandler.java:99)
	at omq.common.handler.UrlSeoHandler.handle(UrlSeoHandler.java:55)
	at com.jfinal.core.JFinalFilter.doFilter(JFinalFilter.java:74)
	at org.eclipse.jetty.servlet.ServletHandler$CachedChain.doFilter(ServletHandler.java:1307)
	at org.eclipse.jetty.servlet.ServletHandler.doHandle(ServletHandler.java:453)
	at org.eclipse.jetty.server.handler.ScopedHandler.handle(ScopedHandler.java:137)
	at org.eclipse.jetty.security.SecurityHandler.handle(SecurityHandler.java:560)
	at org.eclipse.jetty.server.session.SessionHandler.doHandle(SessionHandler.java:231)
	at org.eclipse.jetty.server.handler.ContextHandler.doHandle(ContextHandler.java:1072)
	at org.eclipse.jetty.servlet.ServletHandler.doScope(ServletHandler.java:382)
	at org.eclipse.jetty.server.session.SessionHandler.doScope(SessionHandler.java:193)
	at org.eclipse.jetty.server.handler.ContextHandler.doScope(ContextHandler.java:1006)
	at org.eclipse.jetty.server.handler.ScopedHandler.handle(ScopedHandler.java:135)
	at org.eclipse.jetty.server.handler.HandlerWrapper.handle(HandlerWrapper.java:116)
	at org.eclipse.jetty.server.Server.handle(Server.java:365)
	at org.eclipse.jetty.server.AbstractHttpConnection.handleRequest(AbstractHttpConnection.java:485)
	at org.eclipse.jetty.server.AbstractHttpConnection.headerComplete(AbstractHttpConnection.java:926)
	at org.eclipse.jetty.server.AbstractHttpConnection$RequestHandler.headerComplete(AbstractHttpConnection.java:988)
	at org.eclipse.jetty.http.HttpParser.parseNext(HttpParser.java:635)
	at org.eclipse.jetty.http.HttpParser.parseAvailable(HttpParser.java:235)
	at org.eclipse.jetty.server.AsyncHttpConnection.handle(AsyncHttpConnection.java:82)
	at org.eclipse.jetty.io.nio.SelectChannelEndPoint.handle(SelectChannelEndPoint.java:628)
	at org.eclipse.jetty.io.nio.SelectChannelEndPoint$1.run(SelectChannelEndPoint.java:52)
	at org.eclipse.jetty.util.thread.QueuedThreadPool.runJob(QueuedThreadPool.java:608)
	at org.eclipse.jetty.util.thread.QueuedThreadPool$3.run(QueuedThreadPool.java:543)
	at java.lang.Thread.run(Thread.java:748)
Caused by: java.lang.RuntimeException: File not found : /home/ghost/java/workspace/Jfianl/src/main/webapp/view/user/newsfeed/newsfeed.html
	at com.jfinal.template.FileStringSource.getContent(FileStringSource.java:70)
	at com.jfinal.template.Engine.buildTemplateByFileStringSource(Engine.java:147)
	at com.jfinal.template.Engine.getTemplate(Engine.java:133)
	at com.jfinal.render.TemplateRender.render(TemplateRender.java:61)
	... 26 more

2017-07-23 09:48:19
[ERROR]-[Thread: qtp525571-31]-[com.jfinal.core.ActionHandler.handle()]: /user/1
com.jfinal.render.RenderException: com.jfinal.template.stat.ParseException: File not found : /home/ghost/java/workspace/Jfianl/src/main/webapp/_view/adv/_aliyun.html
Template: "/view/user/common/_user_menu_bar.html". Line: 39
Template: "/view/user/newsfeed/index.html". Line: 5
	at com.jfinal.render.TemplateRender.render(TemplateRender.java:63)
	at com.jfinal.core.ActionHandler.handle(ActionHandler.java:99)
	at omq.common.handler.UrlSeoHandler.handle(UrlSeoHandler.java:55)
	at com.jfinal.core.JFinalFilter.doFilter(JFinalFilter.java:74)
	at org.eclipse.jetty.servlet.ServletHandler$CachedChain.doFilter(ServletHandler.java:1307)
	at org.eclipse.jetty.servlet.ServletHandler.doHandle(ServletHandler.java:453)
	at org.eclipse.jetty.server.handler.ScopedHandler.handle(ScopedHandler.java:137)
	at org.eclipse.jetty.security.SecurityHandler.handle(SecurityHandler.java:560)
	at org.eclipse.jetty.server.session.SessionHandler.doHandle(SessionHandler.java:231)
	at org.eclipse.jetty.server.handler.ContextHandler.doHandle(ContextHandler.java:1072)
	at org.eclipse.jetty.servlet.ServletHandler.doScope(ServletHandler.java:382)
	at org.eclipse.jetty.server.session.SessionHandler.doScope(SessionHandler.java:193)
	at org.eclipse.jetty.server.handler.ContextHandler.doScope(ContextHandler.java:1006)
	at org.eclipse.jetty.server.handler.ScopedHandler.handle(ScopedHandler.java:135)
	at org.eclipse.jetty.server.handler.HandlerWrapper.handle(HandlerWrapper.java:116)
	at org.eclipse.jetty.server.Server.handle(Server.java:365)
	at org.eclipse.jetty.server.AbstractHttpConnection.handleRequest(AbstractHttpConnection.java:485)
	at org.eclipse.jetty.server.AbstractHttpConnection.headerComplete(AbstractHttpConnection.java:926)
	at org.eclipse.jetty.server.AbstractHttpConnection$RequestHandler.headerComplete(AbstractHttpConnection.java:988)
	at org.eclipse.jetty.http.HttpParser.parseNext(HttpParser.java:635)
	at org.eclipse.jetty.http.HttpParser.parseAvailable(HttpParser.java:235)
	at org.eclipse.jetty.server.AsyncHttpConnection.handle(AsyncHttpConnection.java:82)
	at org.eclipse.jetty.io.nio.SelectChannelEndPoint.handle(SelectChannelEndPoint.java:628)
	at org.eclipse.jetty.io.nio.SelectChannelEndPoint$1.run(SelectChannelEndPoint.java:52)
	at org.eclipse.jetty.util.thread.QueuedThreadPool.runJob(QueuedThreadPool.java:608)
	at org.eclipse.jetty.util.thread.QueuedThreadPool$3.run(QueuedThreadPool.java:543)
	at java.lang.Thread.run(Thread.java:748)
Caused by: com.jfinal.template.stat.ParseException: File not found : /home/ghost/java/workspace/Jfianl/src/main/webapp/_view/adv/_aliyun.html
Template: "/view/user/common/_user_menu_bar.html". Line: 39
Template: "/view/user/newsfeed/index.html". Line: 5
	at com.jfinal.template.stat.ast.Include.parseSubTemplate(Include.java:99)
	at com.jfinal.template.stat.ast.Include.<init>(Include.java:83)
	at com.jfinal.template.stat.Parser.stat(Parser.java:134)
	at com.jfinal.template.stat.Parser.statList(Parser.java:100)
	at com.jfinal.template.stat.Parser.stat(Parser.java:174)
	at com.jfinal.template.stat.Parser.statList(Parser.java:100)
	at com.jfinal.template.stat.Parser.parse(Parser.java:90)
	at com.jfinal.template.Engine.buildTemplateByFileStringSource(Engine.java:151)
	at com.jfinal.template.Engine.getTemplate(Engine.java:133)
	at com.jfinal.render.TemplateRender.render(TemplateRender.java:61)
	... 26 more
Caused by: com.jfinal.template.stat.ParseException: File not found : /home/ghost/java/workspace/Jfianl/src/main/webapp/_view/adv/_aliyun.html
Template: "/view/user/common/_user_menu_bar.html". Line: 39
	at com.jfinal.template.stat.ast.Include.parseSubTemplate(Include.java:99)
	at com.jfinal.template.stat.ast.Include.<init>(Include.java:83)
	at com.jfinal.template.stat.Parser.stat(Parser.java:134)
	at com.jfinal.template.stat.Parser.statList(Parser.java:100)
	at com.jfinal.template.stat.Parser.parse(Parser.java:90)
	at com.jfinal.template.stat.ast.Include.parseSubTemplate(Include.java:96)
	... 35 more
Caused by: java.lang.RuntimeException: File not found : /home/ghost/java/workspace/Jfianl/src/main/webapp/_view/adv/_aliyun.html
	at com.jfinal.template.FileStringSource.getContent(FileStringSource.java:70)
	at com.jfinal.template.stat.ast.Include.parseSubTemplate(Include.java:92)
	... 40 more

2017-07-23 09:48:52
[ERROR]-[Thread: qtp525571-30]-[com.jfinal.core.ActionHandler.handle()]: /user/1
com.jfinal.render.RenderException: com.jfinal.template.TemplateException: "user" can not be null for accessed by "user.nickName"
Template: "/view/user/newsfeed/index.html". Line: 1
	at com.jfinal.render.TemplateRender.render(TemplateRender.java:63)
	at com.jfinal.core.ActionHandler.handle(ActionHandler.java:99)
	at omq.common.handler.UrlSeoHandler.handle(UrlSeoHandler.java:55)
	at com.jfinal.core.JFinalFilter.doFilter(JFinalFilter.java:74)
	at org.eclipse.jetty.servlet.ServletHandler$CachedChain.doFilter(ServletHandler.java:1307)
	at org.eclipse.jetty.servlet.ServletHandler.doHandle(ServletHandler.java:453)
	at org.eclipse.jetty.server.handler.ScopedHandler.handle(ScopedHandler.java:137)
	at org.eclipse.jetty.security.SecurityHandler.handle(SecurityHandler.java:560)
	at org.eclipse.jetty.server.session.SessionHandler.doHandle(SessionHandler.java:231)
	at org.eclipse.jetty.server.handler.ContextHandler.doHandle(ContextHandler.java:1072)
	at org.eclipse.jetty.servlet.ServletHandler.doScope(ServletHandler.java:382)
	at org.eclipse.jetty.server.session.SessionHandler.doScope(SessionHandler.java:193)
	at org.eclipse.jetty.server.handler.ContextHandler.doScope(ContextHandler.java:1006)
	at org.eclipse.jetty.server.handler.ScopedHandler.handle(ScopedHandler.java:135)
	at org.eclipse.jetty.server.handler.HandlerWrapper.handle(HandlerWrapper.java:116)
	at org.eclipse.jetty.server.Server.handle(Server.java:365)
	at org.eclipse.jetty.server.AbstractHttpConnection.handleRequest(AbstractHttpConnection.java:485)
	at org.eclipse.jetty.server.AbstractHttpConnection.headerComplete(AbstractHttpConnection.java:926)
	at org.eclipse.jetty.server.AbstractHttpConnection$RequestHandler.headerComplete(AbstractHttpConnection.java:988)
	at org.eclipse.jetty.http.HttpParser.parseNext(HttpParser.java:635)
	at org.eclipse.jetty.http.HttpParser.parseAvailable(HttpParser.java:235)
	at org.eclipse.jetty.server.AsyncHttpConnection.handle(AsyncHttpConnection.java:82)
	at org.eclipse.jetty.io.nio.SelectChannelEndPoint.handle(SelectChannelEndPoint.java:628)
	at org.eclipse.jetty.io.nio.SelectChannelEndPoint$1.run(SelectChannelEndPoint.java:52)
	at org.eclipse.jetty.util.thread.QueuedThreadPool.runJob(QueuedThreadPool.java:608)
	at org.eclipse.jetty.util.thread.QueuedThreadPool$3.run(QueuedThreadPool.java:543)
	at java.lang.Thread.run(Thread.java:748)
Caused by: com.jfinal.template.TemplateException: "user" can not be null for accessed by "user.nickName"
Template: "/view/user/newsfeed/index.html". Line: 1
	at com.jfinal.template.expr.ast.Field.eval(Field.java:62)
	at com.jfinal.template.expr.ast.Arith.doEval(Arith.java:70)
	at com.jfinal.template.expr.ast.Arith.eval(Arith.java:61)
	at com.jfinal.template.expr.ast.Assign.assignVariable(Assign.java:85)
	at com.jfinal.template.expr.ast.Assign.eval(Assign.java:78)
	at com.jfinal.template.expr.ast.ExprList.eval(ExprList.java:67)
	at com.jfinal.template.stat.ast.Set.exec(Set.java:56)
	at com.jfinal.template.stat.ast.StatList.exec(StatList.java:48)
	at com.jfinal.template.Template.render(Template.java:49)
	at com.jfinal.render.TemplateRender.render(TemplateRender.java:61)
	... 26 more

2017-07-23 09:49:40
[ERROR]-[Thread: qtp525571-29]-[com.jfinal.core.ActionHandler.handle()]: /user/1
com.jfinal.render.RenderException: com.jfinal.template.TemplateException: "user" can not be null for accessed by "user.nickName"
Template: "/view/user/newsfeed/index.html". Line: 1
	at com.jfinal.render.TemplateRender.render(TemplateRender.java:63)
	at com.jfinal.core.ActionHandler.handle(ActionHandler.java:99)
	at omq.common.handler.UrlSeoHandler.handle(UrlSeoHandler.java:55)
	at com.jfinal.core.JFinalFilter.doFilter(JFinalFilter.java:74)
	at org.eclipse.jetty.servlet.ServletHandler$CachedChain.doFilter(ServletHandler.java:1307)
	at org.eclipse.jetty.servlet.ServletHandler.doHandle(ServletHandler.java:453)
	at org.eclipse.jetty.server.handler.ScopedHandler.handle(ScopedHandler.java:137)
	at org.eclipse.jetty.security.SecurityHandler.handle(SecurityHandler.java:560)
	at org.eclipse.jetty.server.session.SessionHandler.doHandle(SessionHandler.java:231)
	at org.eclipse.jetty.server.handler.ContextHandler.doHandle(ContextHandler.java:1072)
	at org.eclipse.jetty.servlet.ServletHandler.doScope(ServletHandler.java:382)
	at org.eclipse.jetty.server.session.SessionHandler.doScope(SessionHandler.java:193)
	at org.eclipse.jetty.server.handler.ContextHandler.doScope(ContextHandler.java:1006)
	at org.eclipse.jetty.server.handler.ScopedHandler.handle(ScopedHandler.java:135)
	at org.eclipse.jetty.server.handler.HandlerWrapper.handle(HandlerWrapper.java:116)
	at org.eclipse.jetty.server.Server.handle(Server.java:365)
	at org.eclipse.jetty.server.AbstractHttpConnection.handleRequest(AbstractHttpConnection.java:485)
	at org.eclipse.jetty.server.AbstractHttpConnection.headerComplete(AbstractHttpConnection.java:926)
	at org.eclipse.jetty.server.AbstractHttpConnection$RequestHandler.headerComplete(AbstractHttpConnection.java:988)
	at org.eclipse.jetty.http.HttpParser.parseNext(HttpParser.java:635)
	at org.eclipse.jetty.http.HttpParser.parseAvailable(HttpParser.java:235)
	at org.eclipse.jetty.server.AsyncHttpConnection.handle(AsyncHttpConnection.java:82)
	at org.eclipse.jetty.io.nio.SelectChannelEndPoint.handle(SelectChannelEndPoint.java:628)
	at org.eclipse.jetty.io.nio.SelectChannelEndPoint$1.run(SelectChannelEndPoint.java:52)
	at org.eclipse.jetty.util.thread.QueuedThreadPool.runJob(QueuedThreadPool.java:608)
	at org.eclipse.jetty.util.thread.QueuedThreadPool$3.run(QueuedThreadPool.java:543)
	at java.lang.Thread.run(Thread.java:748)
Caused by: com.jfinal.template.TemplateException: "user" can not be null for accessed by "user.nickName"
Template: "/view/user/newsfeed/index.html". Line: 1
	at com.jfinal.template.expr.ast.Field.eval(Field.java:62)
	at com.jfinal.template.expr.ast.Arith.doEval(Arith.java:70)
	at com.jfinal.template.expr.ast.Arith.eval(Arith.java:61)
	at com.jfinal.template.expr.ast.Assign.assignVariable(Assign.java:85)
	at com.jfinal.template.expr.ast.Assign.eval(Assign.java:78)
	at com.jfinal.template.expr.ast.ExprList.eval(ExprList.java:67)
	at com.jfinal.template.stat.ast.Set.exec(Set.java:56)
	at com.jfinal.template.stat.ast.StatList.exec(StatList.java:48)
	at com.jfinal.template.Template.render(Template.java:49)
	at com.jfinal.render.TemplateRender.render(TemplateRender.java:61)
	... 26 more

2017-07-23 09:50:54
[ERROR]-[Thread: qtp525571-29]-[com.jfinal.core.ActionHandler.handle()]: /user/1
com.jfinal.render.RenderException: com.jfinal.template.TemplateException: "user" can not be null for accessed by "user.nickName"
Template: "/view/user/newsfeed/index.html". Line: 1
	at com.jfinal.render.TemplateRender.render(TemplateRender.java:63)
	at com.jfinal.core.ActionHandler.handle(ActionHandler.java:99)
	at omq.common.handler.UrlSeoHandler.handle(UrlSeoHandler.java:55)
	at com.jfinal.core.JFinalFilter.doFilter(JFinalFilter.java:74)
	at org.eclipse.jetty.servlet.ServletHandler$CachedChain.doFilter(ServletHandler.java:1307)
	at org.eclipse.jetty.servlet.ServletHandler.doHandle(ServletHandler.java:453)
	at org.eclipse.jetty.server.handler.ScopedHandler.handle(ScopedHandler.java:137)
	at org.eclipse.jetty.security.SecurityHandler.handle(SecurityHandler.java:560)
	at org.eclipse.jetty.server.session.SessionHandler.doHandle(SessionHandler.java:231)
	at org.eclipse.jetty.server.handler.ContextHandler.doHandle(ContextHandler.java:1072)
	at org.eclipse.jetty.servlet.ServletHandler.doScope(ServletHandler.java:382)
	at org.eclipse.jetty.server.session.SessionHandler.doScope(SessionHandler.java:193)
	at org.eclipse.jetty.server.handler.ContextHandler.doScope(ContextHandler.java:1006)
	at org.eclipse.jetty.server.handler.ScopedHandler.handle(ScopedHandler.java:135)
	at org.eclipse.jetty.server.handler.HandlerWrapper.handle(HandlerWrapper.java:116)
	at org.eclipse.jetty.server.Server.handle(Server.java:365)
	at org.eclipse.jetty.server.AbstractHttpConnection.handleRequest(AbstractHttpConnection.java:485)
	at org.eclipse.jetty.server.AbstractHttpConnection.headerComplete(AbstractHttpConnection.java:926)
	at org.eclipse.jetty.server.AbstractHttpConnection$RequestHandler.headerComplete(AbstractHttpConnection.java:988)
	at org.eclipse.jetty.http.HttpParser.parseNext(HttpParser.java:635)
	at org.eclipse.jetty.http.HttpParser.parseAvailable(HttpParser.java:235)
	at org.eclipse.jetty.server.AsyncHttpConnection.handle(AsyncHttpConnection.java:82)
	at org.eclipse.jetty.io.nio.SelectChannelEndPoint.handle(SelectChannelEndPoint.java:628)
	at org.eclipse.jetty.io.nio.SelectChannelEndPoint$1.run(SelectChannelEndPoint.java:52)
	at org.eclipse.jetty.util.thread.QueuedThreadPool.runJob(QueuedThreadPool.java:608)
	at org.eclipse.jetty.util.thread.QueuedThreadPool$3.run(QueuedThreadPool.java:543)
	at java.lang.Thread.run(Thread.java:748)
Caused by: com.jfinal.template.TemplateException: "user" can not be null for accessed by "user.nickName"
Template: "/view/user/newsfeed/index.html". Line: 1
	at com.jfinal.template.expr.ast.Field.eval(Field.java:62)
	at com.jfinal.template.expr.ast.Arith.doEval(Arith.java:70)
	at com.jfinal.template.expr.ast.Arith.eval(Arith.java:61)
	at com.jfinal.template.expr.ast.Assign.assignVariable(Assign.java:85)
	at com.jfinal.template.expr.ast.Assign.eval(Assign.java:78)
	at com.jfinal.template.expr.ast.ExprList.eval(ExprList.java:67)
	at com.jfinal.template.stat.ast.Set.exec(Set.java:56)
	at com.jfinal.template.stat.ast.StatList.exec(StatList.java:48)
	at com.jfinal.template.Template.render(Template.java:49)
	at com.jfinal.render.TemplateRender.render(TemplateRender.java:61)
	... 26 more

2017-07-23 09:53:29
[ERROR]-[Thread: qtp525571-28]-[com.jfinal.core.ActionHandler.handle()]: /user/1
com.jfinal.render.RenderException: com.jfinal.template.TemplateException: "user" can not be null for accessed by "user.nickName"
Template: "/view/user/newsfeed/index.html". Line: 1
	at com.jfinal.render.TemplateRender.render(TemplateRender.java:63)
	at com.jfinal.core.ActionHandler.handle(ActionHandler.java:99)
	at omq.common.handler.UrlSeoHandler.handle(UrlSeoHandler.java:55)
	at com.jfinal.core.JFinalFilter.doFilter(JFinalFilter.java:74)
	at org.eclipse.jetty.servlet.ServletHandler$CachedChain.doFilter(ServletHandler.java:1307)
	at org.eclipse.jetty.servlet.ServletHandler.doHandle(ServletHandler.java:453)
	at org.eclipse.jetty.server.handler.ScopedHandler.handle(ScopedHandler.java:137)
	at org.eclipse.jetty.security.SecurityHandler.handle(SecurityHandler.java:560)
	at org.eclipse.jetty.server.session.SessionHandler.doHandle(SessionHandler.java:231)
	at org.eclipse.jetty.server.handler.ContextHandler.doHandle(ContextHandler.java:1072)
	at org.eclipse.jetty.servlet.ServletHandler.doScope(ServletHandler.java:382)
	at org.eclipse.jetty.server.session.SessionHandler.doScope(SessionHandler.java:193)
	at org.eclipse.jetty.server.handler.ContextHandler.doScope(ContextHandler.java:1006)
	at org.eclipse.jetty.server.handler.ScopedHandler.handle(ScopedHandler.java:135)
	at org.eclipse.jetty.server.handler.HandlerWrapper.handle(HandlerWrapper.java:116)
	at org.eclipse.jetty.server.Server.handle(Server.java:365)
	at org.eclipse.jetty.server.AbstractHttpConnection.handleRequest(AbstractHttpConnection.java:485)
	at org.eclipse.jetty.server.AbstractHttpConnection.headerComplete(AbstractHttpConnection.java:926)
	at org.eclipse.jetty.server.AbstractHttpConnection$RequestHandler.headerComplete(AbstractHttpConnection.java:988)
	at org.eclipse.jetty.http.HttpParser.parseNext(HttpParser.java:635)
	at org.eclipse.jetty.http.HttpParser.parseAvailable(HttpParser.java:235)
	at org.eclipse.jetty.server.AsyncHttpConnection.handle(AsyncHttpConnection.java:82)
	at org.eclipse.jetty.io.nio.SelectChannelEndPoint.handle(SelectChannelEndPoint.java:628)
	at org.eclipse.jetty.io.nio.SelectChannelEndPoint$1.run(SelectChannelEndPoint.java:52)
	at org.eclipse.jetty.util.thread.QueuedThreadPool.runJob(QueuedThreadPool.java:608)
	at org.eclipse.jetty.util.thread.QueuedThreadPool$3.run(QueuedThreadPool.java:543)
	at java.lang.Thread.run(Thread.java:748)
Caused by: com.jfinal.template.TemplateException: "user" can not be null for accessed by "user.nickName"
Template: "/view/user/newsfeed/index.html". Line: 1
	at com.jfinal.template.expr.ast.Field.eval(Field.java:62)
	at com.jfinal.template.expr.ast.Arith.doEval(Arith.java:70)
	at com.jfinal.template.expr.ast.Arith.eval(Arith.java:61)
	at com.jfinal.template.expr.ast.Assign.assignVariable(Assign.java:85)
	at com.jfinal.template.expr.ast.Assign.eval(Assign.java:78)
	at com.jfinal.template.expr.ast.ExprList.eval(ExprList.java:67)
	at com.jfinal.template.stat.ast.Set.exec(Set.java:56)
	at com.jfinal.template.stat.ast.StatList.exec(StatList.java:48)
	at com.jfinal.template.Template.render(Template.java:49)
	at com.jfinal.render.TemplateRender.render(TemplateRender.java:61)
	... 26 more

2017-07-23 09:54:00
[ERROR]-[Thread: qtp525571-29]-[com.jfinal.core.ActionHandler.handle()]: /user/1
com.jfinal.render.RenderException: com.jfinal.template.TemplateException: "user" can not be null for accessed by "user.nickName"
Template: "/view/user/newsfeed/index.html". Line: 1
	at com.jfinal.render.TemplateRender.render(TemplateRender.java:63)
	at com.jfinal.core.ActionHandler.handle(ActionHandler.java:99)
	at omq.common.handler.UrlSeoHandler.handle(UrlSeoHandler.java:55)
	at com.jfinal.core.JFinalFilter.doFilter(JFinalFilter.java:74)
	at org.eclipse.jetty.servlet.ServletHandler$CachedChain.doFilter(ServletHandler.java:1307)
	at org.eclipse.jetty.servlet.ServletHandler.doHandle(ServletHandler.java:453)
	at org.eclipse.jetty.server.handler.ScopedHandler.handle(ScopedHandler.java:137)
	at org.eclipse.jetty.security.SecurityHandler.handle(SecurityHandler.java:560)
	at org.eclipse.jetty.server.session.SessionHandler.doHandle(SessionHandler.java:231)
	at org.eclipse.jetty.server.handler.ContextHandler.doHandle(ContextHandler.java:1072)
	at org.eclipse.jetty.servlet.ServletHandler.doScope(ServletHandler.java:382)
	at org.eclipse.jetty.server.session.SessionHandler.doScope(SessionHandler.java:193)
	at org.eclipse.jetty.server.handler.ContextHandler.doScope(ContextHandler.java:1006)
	at org.eclipse.jetty.server.handler.ScopedHandler.handle(ScopedHandler.java:135)
	at org.eclipse.jetty.server.handler.HandlerWrapper.handle(HandlerWrapper.java:116)
	at org.eclipse.jetty.server.Server.handle(Server.java:365)
	at org.eclipse.jetty.server.AbstractHttpConnection.handleRequest(AbstractHttpConnection.java:485)
	at org.eclipse.jetty.server.AbstractHttpConnection.headerComplete(AbstractHttpConnection.java:926)
	at org.eclipse.jetty.server.AbstractHttpConnection$RequestHandler.headerComplete(AbstractHttpConnection.java:988)
	at org.eclipse.jetty.http.HttpParser.parseNext(HttpParser.java:635)
	at org.eclipse.jetty.http.HttpParser.parseAvailable(HttpParser.java:235)
	at org.eclipse.jetty.server.AsyncHttpConnection.handle(AsyncHttpConnection.java:82)
	at org.eclipse.jetty.io.nio.SelectChannelEndPoint.handle(SelectChannelEndPoint.java:628)
	at org.eclipse.jetty.io.nio.SelectChannelEndPoint$1.run(SelectChannelEndPoint.java:52)
	at org.eclipse.jetty.util.thread.QueuedThreadPool.runJob(QueuedThreadPool.java:608)
	at org.eclipse.jetty.util.thread.QueuedThreadPool$3.run(QueuedThreadPool.java:543)
	at java.lang.Thread.run(Thread.java:748)
Caused by: com.jfinal.template.TemplateException: "user" can not be null for accessed by "user.nickName"
Template: "/view/user/newsfeed/index.html". Line: 1
	at com.jfinal.template.expr.ast.Field.eval(Field.java:62)
	at com.jfinal.template.expr.ast.Arith.doEval(Arith.java:70)
	at com.jfinal.template.expr.ast.Arith.eval(Arith.java:61)
	at com.jfinal.template.expr.ast.Assign.assignVariable(Assign.java:85)
	at com.jfinal.template.expr.ast.Assign.eval(Assign.java:78)
	at com.jfinal.template.expr.ast.ExprList.eval(ExprList.java:67)
	at com.jfinal.template.stat.ast.Set.exec(Set.java:56)
	at com.jfinal.template.stat.ast.StatList.exec(StatList.java:48)
	at com.jfinal.template.Template.render(Template.java:49)
	at com.jfinal.render.TemplateRender.render(TemplateRender.java:61)
	... 26 more
