
2017-07-18 14:54:17
[ERROR]-[Thread: JFinal-Scanner]-[com.jfinal.kit.LogKit.error()]: The action "omq.my.newsfeed.NewsFeedController.newsFeed()" can not be mapped, actionKey "/my" is already in use.
java.lang.RuntimeException: The action "omq.my.newsfeed.NewsFeedController.newsFeed()" can not be mapped, actionKey "/my" is already in use.
	at com.jfinal.core.ActionMapping.buildActionMapping(ActionMapping.java:108)
	at com.jfinal.core.JFinal.initActionMapping(JFinal.java:102)
	at com.jfinal.core.JFinal.init(JFinal.java:66)
	at com.jfinal.core.JFinalFilter.init(JFinalFilter.java:49)
	at org.eclipse.jetty.servlet.FilterHolder.doStart(FilterHolder.java:119)
	at org.eclipse.jetty.util.component.AbstractLifeCycle.start(AbstractLifeCycle.java:64)
	at org.eclipse.jetty.servlet.ServletHandler.initialize(ServletHandler.java:724)
	at org.eclipse.jetty.servlet.ServletContextHandler.startContext(ServletContextHandler.java:265)
	at org.eclipse.jetty.webapp.WebAppContext.startContext(WebAppContext.java:1250)
	at org.eclipse.jetty.server.handler.ContextHandler.doStart(ContextHandler.java:706)
	at org.eclipse.jetty.webapp.WebAppContext.doStart(WebAppContext.java:492)
	at org.eclipse.jetty.util.component.AbstractLifeCycle.start(AbstractLifeCycle.java:64)
	at com.jfinal.server.JettyServer$1.onChange(JettyServer.java:117)
	at com.jfinal.server.Scanner.compare(Scanner.java:88)
	at com.jfinal.server.Scanner.working(Scanner.java:57)
	at com.jfinal.server.Scanner.access$000(Scanner.java:31)
	at com.jfinal.server.Scanner$1.run(Scanner.java:94)
	at java.util.TimerThread.mainLoop(Timer.java:555)
	at java.util.TimerThread.run(Timer.java:505)

2017-07-18 14:59:40
[ERROR]-[Thread: JFinal-Scanner]-[com.jfinal.kit.LogKit.error()]: The action "omq.my.newsfeed.NewsFeedController.newsFeed()" can not be mapped, actionKey "/my" is already in use.
java.lang.RuntimeException: The action "omq.my.newsfeed.NewsFeedController.newsFeed()" can not be mapped, actionKey "/my" is already in use.
	at com.jfinal.core.ActionMapping.buildActionMapping(ActionMapping.java:108)
	at com.jfinal.core.JFinal.initActionMapping(JFinal.java:102)
	at com.jfinal.core.JFinal.init(JFinal.java:66)
	at com.jfinal.core.JFinalFilter.init(JFinalFilter.java:49)
	at org.eclipse.jetty.servlet.FilterHolder.doStart(FilterHolder.java:119)
	at org.eclipse.jetty.util.component.AbstractLifeCycle.start(AbstractLifeCycle.java:64)
	at org.eclipse.jetty.servlet.ServletHandler.initialize(ServletHandler.java:724)
	at org.eclipse.jetty.servlet.ServletContextHandler.startContext(ServletContextHandler.java:265)
	at org.eclipse.jetty.webapp.WebAppContext.startContext(WebAppContext.java:1250)
	at org.eclipse.jetty.server.handler.ContextHandler.doStart(ContextHandler.java:706)
	at org.eclipse.jetty.webapp.WebAppContext.doStart(WebAppContext.java:492)
	at org.eclipse.jetty.util.component.AbstractLifeCycle.start(AbstractLifeCycle.java:64)
	at com.jfinal.server.JettyServer$1.onChange(JettyServer.java:117)
	at com.jfinal.server.Scanner.compare(Scanner.java:88)
	at com.jfinal.server.Scanner.working(Scanner.java:57)
	at com.jfinal.server.Scanner.access$000(Scanner.java:31)
	at com.jfinal.server.Scanner$1.run(Scanner.java:94)
	at java.util.TimerThread.mainLoop(Timer.java:555)
	at java.util.TimerThread.run(Timer.java:505)

2017-07-18 14:59:45
[ERROR]-[Thread: JFinal-Scanner]-[com.jfinal.kit.LogKit.error()]: The action "omq.my.newsfeed.NewsFeedController.newsFeed()" can not be mapped, actionKey "/my" is already in use.
java.lang.RuntimeException: The action "omq.my.newsfeed.NewsFeedController.newsFeed()" can not be mapped, actionKey "/my" is already in use.
	at com.jfinal.core.ActionMapping.buildActionMapping(ActionMapping.java:108)
	at com.jfinal.core.JFinal.initActionMapping(JFinal.java:102)
	at com.jfinal.core.JFinal.init(JFinal.java:66)
	at com.jfinal.core.JFinalFilter.init(JFinalFilter.java:49)
	at org.eclipse.jetty.servlet.FilterHolder.doStart(FilterHolder.java:119)
	at org.eclipse.jetty.util.component.AbstractLifeCycle.start(AbstractLifeCycle.java:64)
	at org.eclipse.jetty.servlet.ServletHandler.initialize(ServletHandler.java:724)
	at org.eclipse.jetty.servlet.ServletContextHandler.startContext(ServletContextHandler.java:265)
	at org.eclipse.jetty.webapp.WebAppContext.startContext(WebAppContext.java:1250)
	at org.eclipse.jetty.server.handler.ContextHandler.doStart(ContextHandler.java:706)
	at org.eclipse.jetty.webapp.WebAppContext.doStart(WebAppContext.java:492)
	at org.eclipse.jetty.util.component.AbstractLifeCycle.start(AbstractLifeCycle.java:64)
	at com.jfinal.server.JettyServer$1.onChange(JettyServer.java:117)
	at com.jfinal.server.Scanner.compare(Scanner.java:88)
	at com.jfinal.server.Scanner.working(Scanner.java:57)
	at com.jfinal.server.Scanner.access$000(Scanner.java:31)
	at com.jfinal.server.Scanner$1.run(Scanner.java:94)
	at java.util.TimerThread.mainLoop(Timer.java:555)
	at java.util.TimerThread.run(Timer.java:505)

2017-07-18 15:01:11
[ERROR]-[Thread: JFinal-Scanner]-[com.jfinal.kit.LogKit.error()]: The action "omq.my.newsfeed.NewsFeedController.newsFeed()" can not be mapped, actionKey "/my" is already in use.
java.lang.RuntimeException: The action "omq.my.newsfeed.NewsFeedController.newsFeed()" can not be mapped, actionKey "/my" is already in use.
	at com.jfinal.core.ActionMapping.buildActionMapping(ActionMapping.java:108)
	at com.jfinal.core.JFinal.initActionMapping(JFinal.java:102)
	at com.jfinal.core.JFinal.init(JFinal.java:66)
	at com.jfinal.core.JFinalFilter.init(JFinalFilter.java:49)
	at org.eclipse.jetty.servlet.FilterHolder.doStart(FilterHolder.java:119)
	at org.eclipse.jetty.util.component.AbstractLifeCycle.start(AbstractLifeCycle.java:64)
	at org.eclipse.jetty.servlet.ServletHandler.initialize(ServletHandler.java:724)
	at org.eclipse.jetty.servlet.ServletContextHandler.startContext(ServletContextHandler.java:265)
	at org.eclipse.jetty.webapp.WebAppContext.startContext(WebAppContext.java:1250)
	at org.eclipse.jetty.server.handler.ContextHandler.doStart(ContextHandler.java:706)
	at org.eclipse.jetty.webapp.WebAppContext.doStart(WebAppContext.java:492)
	at org.eclipse.jetty.util.component.AbstractLifeCycle.start(AbstractLifeCycle.java:64)
	at com.jfinal.server.JettyServer$1.onChange(JettyServer.java:117)
	at com.jfinal.server.Scanner.compare(Scanner.java:88)
	at com.jfinal.server.Scanner.working(Scanner.java:57)
	at com.jfinal.server.Scanner.access$000(Scanner.java:31)
	at com.jfinal.server.Scanner$1.run(Scanner.java:94)
	at java.util.TimerThread.mainLoop(Timer.java:555)
	at java.util.TimerThread.run(Timer.java:505)

2017-07-18 15:02:27
[ERROR]-[Thread: main]-[com.jfinal.kit.LogKit.error()]: The action "omq.my.newsfeed.NewsFeedController.newsFeed()" can not be mapped, actionKey "/my" is already in use.
java.lang.RuntimeException: The action "omq.my.newsfeed.NewsFeedController.newsFeed()" can not be mapped, actionKey "/my" is already in use.
	at com.jfinal.core.ActionMapping.buildActionMapping(ActionMapping.java:108)
	at com.jfinal.core.JFinal.initActionMapping(JFinal.java:102)
	at com.jfinal.core.JFinal.init(JFinal.java:66)
	at com.jfinal.core.JFinalFilter.init(JFinalFilter.java:49)
	at org.eclipse.jetty.servlet.FilterHolder.doStart(FilterHolder.java:119)
	at org.eclipse.jetty.util.component.AbstractLifeCycle.start(AbstractLifeCycle.java:64)
	at org.eclipse.jetty.servlet.ServletHandler.initialize(ServletHandler.java:724)
	at org.eclipse.jetty.servlet.ServletContextHandler.startContext(ServletContextHandler.java:265)
	at org.eclipse.jetty.webapp.WebAppContext.startContext(WebAppContext.java:1250)
	at org.eclipse.jetty.server.handler.ContextHandler.doStart(ContextHandler.java:706)
	at org.eclipse.jetty.webapp.WebAppContext.doStart(WebAppContext.java:492)
	at org.eclipse.jetty.util.component.AbstractLifeCycle.start(AbstractLifeCycle.java:64)
	at org.eclipse.jetty.server.handler.HandlerWrapper.doStart(HandlerWrapper.java:95)
	at org.eclipse.jetty.server.Server.doStart(Server.java:277)
	at org.eclipse.jetty.util.component.AbstractLifeCycle.start(AbstractLifeCycle.java:64)
	at com.jfinal.server.JettyServer.doStart(JettyServer.java:131)
	at com.jfinal.server.JettyServer.start(JettyServer.java:70)
	at com.jfinal.core.JFinal.start(JFinal.java:159)
	at omq.main.JfinalConfig.main(JfinalConfig.java:31)

2017-07-18 15:02:35
[ERROR]-[Thread: main]-[com.jfinal.kit.LogKit.error()]: The action "omq.my.newsfeed.NewsFeedController.newsFeed()" can not be mapped, actionKey "/my" is already in use.
java.lang.RuntimeException: The action "omq.my.newsfeed.NewsFeedController.newsFeed()" can not be mapped, actionKey "/my" is already in use.
	at com.jfinal.core.ActionMapping.buildActionMapping(ActionMapping.java:108)
	at com.jfinal.core.JFinal.initActionMapping(JFinal.java:102)
	at com.jfinal.core.JFinal.init(JFinal.java:66)
	at com.jfinal.core.JFinalFilter.init(JFinalFilter.java:49)
	at org.eclipse.jetty.servlet.FilterHolder.doStart(FilterHolder.java:119)
	at org.eclipse.jetty.util.component.AbstractLifeCycle.start(AbstractLifeCycle.java:64)
	at org.eclipse.jetty.servlet.ServletHandler.initialize(ServletHandler.java:724)
	at org.eclipse.jetty.servlet.ServletContextHandler.startContext(ServletContextHandler.java:265)
	at org.eclipse.jetty.webapp.WebAppContext.startContext(WebAppContext.java:1250)
	at org.eclipse.jetty.server.handler.ContextHandler.doStart(ContextHandler.java:706)
	at org.eclipse.jetty.webapp.WebAppContext.doStart(WebAppContext.java:492)
	at org.eclipse.jetty.util.component.AbstractLifeCycle.start(AbstractLifeCycle.java:64)
	at org.eclipse.jetty.server.handler.HandlerWrapper.doStart(HandlerWrapper.java:95)
	at org.eclipse.jetty.server.Server.doStart(Server.java:277)
	at org.eclipse.jetty.util.component.AbstractLifeCycle.start(AbstractLifeCycle.java:64)
	at com.jfinal.server.JettyServer.doStart(JettyServer.java:131)
	at com.jfinal.server.JettyServer.start(JettyServer.java:70)
	at com.jfinal.core.JFinal.start(JFinal.java:159)
	at omq.main.JfinalConfig.main(JfinalConfig.java:31)

2017-07-18 15:04:44
[ERROR]-[Thread: JFinal-Scanner]-[com.jfinal.kit.LogKit.error()]: java.lang.ClassNotFoundException: com.jfinal.club.common.pageview.PageViewUpdateTask
java.lang.RuntimeException: java.lang.ClassNotFoundException: com.jfinal.club.common.pageview.PageViewUpdateTask
	at com.jfinal.plugin.cron4j.Cron4jPlugin.<init>(Cron4jPlugin.java:132)
	at com.jfinal.plugin.cron4j.Cron4jPlugin.<init>(Cron4jPlugin.java:119)
	at omq.main.JfinalConfig.configPlugin(JfinalConfig.java:83)
	at com.jfinal.core.Config.configJFinal(Config.java:53)
	at com.jfinal.core.JFinal.init(JFinal.java:63)
	at com.jfinal.core.JFinalFilter.init(JFinalFilter.java:49)
	at org.eclipse.jetty.servlet.FilterHolder.doStart(FilterHolder.java:119)
	at org.eclipse.jetty.util.component.AbstractLifeCycle.start(AbstractLifeCycle.java:64)
	at org.eclipse.jetty.servlet.ServletHandler.initialize(ServletHandler.java:724)
	at org.eclipse.jetty.servlet.ServletContextHandler.startContext(ServletContextHandler.java:265)
	at org.eclipse.jetty.webapp.WebAppContext.startContext(WebAppContext.java:1250)
	at org.eclipse.jetty.server.handler.ContextHandler.doStart(ContextHandler.java:706)
	at org.eclipse.jetty.webapp.WebAppContext.doStart(WebAppContext.java:492)
	at org.eclipse.jetty.util.component.AbstractLifeCycle.start(AbstractLifeCycle.java:64)
	at com.jfinal.server.JettyServer$1.onChange(JettyServer.java:117)
	at com.jfinal.server.Scanner.compare(Scanner.java:88)
	at com.jfinal.server.Scanner.working(Scanner.java:57)
	at com.jfinal.server.Scanner.access$000(Scanner.java:31)
	at com.jfinal.server.Scanner$1.run(Scanner.java:94)
	at java.util.TimerThread.mainLoop(Timer.java:555)
	at java.util.TimerThread.run(Timer.java:505)
Caused by: java.lang.ClassNotFoundException: com.jfinal.club.common.pageview.PageViewUpdateTask
	at java.net.URLClassLoader.findClass(URLClassLoader.java:381)
	at java.lang.ClassLoader.loadClass(ClassLoader.java:424)
	at sun.misc.Launcher$AppClassLoader.loadClass(Launcher.java:335)
	at java.lang.ClassLoader.loadClass(ClassLoader.java:357)
	at org.eclipse.jetty.webapp.WebAppClassLoader.loadClass(WebAppClassLoader.java:430)
	at com.jfinal.server.JFinalClassLoader.loadClass(JFinalClassLoader.java:53)
	at java.lang.Class.forName0(Native Method)
	at java.lang.Class.forName(Class.java:264)
	at com.jfinal.plugin.cron4j.Cron4jPlugin.addTask(Cron4jPlugin.java:164)
	at com.jfinal.plugin.cron4j.Cron4jPlugin.<init>(Cron4jPlugin.java:128)
	... 20 more

2017-07-18 15:05:09
[ERROR]-[Thread: JFinal-Scanner]-[com.jfinal.kit.LogKit.error()]: 
java.lang.NullPointerException
	at com.jfinal.plugin.ehcache.EhCachePlugin.stop(EhCachePlugin.java:94)
	at com.jfinal.core.JFinal.stopPlugins(JFinal.java:112)
	at com.jfinal.core.JFinalFilter.destroy(JFinalFilter.java:90)
	at org.eclipse.jetty.servlet.FilterHolder.destroyInstance(FilterHolder.java:153)
	at org.eclipse.jetty.servlet.FilterHolder.doStop(FilterHolder.java:131)
	at org.eclipse.jetty.util.component.AbstractLifeCycle.stop(AbstractLifeCycle.java:89)
	at org.eclipse.jetty.servlet.ServletHandler.doStop(ServletHandler.java:204)
	at org.eclipse.jetty.util.component.AbstractLifeCycle.stop(AbstractLifeCycle.java:89)
	at org.eclipse.jetty.server.handler.HandlerWrapper.doStop(HandlerWrapper.java:107)
	at org.eclipse.jetty.security.SecurityHandler.doStop(SecurityHandler.java:395)
	at org.eclipse.jetty.security.ConstraintSecurityHandler.doStop(ConstraintSecurityHandler.java:463)
	at org.eclipse.jetty.util.component.AbstractLifeCycle.stop(AbstractLifeCycle.java:89)
	at org.eclipse.jetty.server.handler.HandlerWrapper.doStop(HandlerWrapper.java:107)
	at org.eclipse.jetty.server.session.SessionHandler.doStop(SessionHandler.java:136)
	at org.eclipse.jetty.util.component.AbstractLifeCycle.stop(AbstractLifeCycle.java:89)
	at org.eclipse.jetty.server.handler.HandlerWrapper.doStop(HandlerWrapper.java:107)
	at org.eclipse.jetty.server.handler.ContextHandler.doStop(ContextHandler.java:805)
	at org.eclipse.jetty.servlet.ServletContextHandler.doStop(ServletContextHandler.java:160)
	at org.eclipse.jetty.webapp.WebAppContext.doStop(WebAppContext.java:516)
	at org.eclipse.jetty.util.component.AbstractLifeCycle.stop(AbstractLifeCycle.java:89)
	at com.jfinal.server.JettyServer$1.onChange(JettyServer.java:114)
	at com.jfinal.server.Scanner.compare(Scanner.java:88)
	at com.jfinal.server.Scanner.working(Scanner.java:57)
	at com.jfinal.server.Scanner.access$000(Scanner.java:31)
	at com.jfinal.server.Scanner$1.run(Scanner.java:94)
	at java.util.TimerThread.mainLoop(Timer.java:555)
	at java.util.TimerThread.run(Timer.java:505)

2017-07-18 15:05:09
[ERROR]-[Thread: JFinal-Scanner]-[com.jfinal.kit.LogKit.error()]: java.lang.ClassNotFoundException: com.jfinal.club.common.pageview.PageViewUpdateTask
java.lang.RuntimeException: java.lang.ClassNotFoundException: com.jfinal.club.common.pageview.PageViewUpdateTask
	at com.jfinal.plugin.cron4j.Cron4jPlugin.<init>(Cron4jPlugin.java:132)
	at com.jfinal.plugin.cron4j.Cron4jPlugin.<init>(Cron4jPlugin.java:119)
	at omq.main.JfinalConfig.configPlugin(JfinalConfig.java:83)
	at com.jfinal.core.Config.configJFinal(Config.java:53)
	at com.jfinal.core.JFinal.init(JFinal.java:63)
	at com.jfinal.core.JFinalFilter.init(JFinalFilter.java:49)
	at org.eclipse.jetty.servlet.FilterHolder.doStart(FilterHolder.java:119)
	at org.eclipse.jetty.util.component.AbstractLifeCycle.start(AbstractLifeCycle.java:64)
	at org.eclipse.jetty.servlet.ServletHandler.initialize(ServletHandler.java:724)
	at org.eclipse.jetty.servlet.ServletContextHandler.startContext(ServletContextHandler.java:265)
	at org.eclipse.jetty.webapp.WebAppContext.startContext(WebAppContext.java:1250)
	at org.eclipse.jetty.server.handler.ContextHandler.doStart(ContextHandler.java:706)
	at org.eclipse.jetty.webapp.WebAppContext.doStart(WebAppContext.java:492)
	at org.eclipse.jetty.util.component.AbstractLifeCycle.start(AbstractLifeCycle.java:64)
	at com.jfinal.server.JettyServer$1.onChange(JettyServer.java:117)
	at com.jfinal.server.Scanner.compare(Scanner.java:88)
	at com.jfinal.server.Scanner.working(Scanner.java:57)
	at com.jfinal.server.Scanner.access$000(Scanner.java:31)
	at com.jfinal.server.Scanner$1.run(Scanner.java:94)
	at java.util.TimerThread.mainLoop(Timer.java:555)
	at java.util.TimerThread.run(Timer.java:505)
Caused by: java.lang.ClassNotFoundException: com.jfinal.club.common.pageview.PageViewUpdateTask
	at java.net.URLClassLoader.findClass(URLClassLoader.java:381)
	at java.lang.ClassLoader.loadClass(ClassLoader.java:424)
	at sun.misc.Launcher$AppClassLoader.loadClass(Launcher.java:335)
	at java.lang.ClassLoader.loadClass(ClassLoader.java:357)
	at org.eclipse.jetty.webapp.WebAppClassLoader.loadClass(WebAppClassLoader.java:430)
	at com.jfinal.server.JFinalClassLoader.loadClass(JFinalClassLoader.java:53)
	at java.lang.Class.forName0(Native Method)
	at java.lang.Class.forName(Class.java:264)
	at com.jfinal.plugin.cron4j.Cron4jPlugin.addTask(Cron4jPlugin.java:164)
	at com.jfinal.plugin.cron4j.Cron4jPlugin.<init>(Cron4jPlugin.java:128)
	... 20 more

2017-07-18 15:05:45
[ERROR]-[Thread: JFinal-Scanner]-[com.jfinal.kit.LogKit.error()]: 
java.lang.NullPointerException
	at com.jfinal.plugin.ehcache.EhCachePlugin.stop(EhCachePlugin.java:94)
	at com.jfinal.core.JFinal.stopPlugins(JFinal.java:112)
	at com.jfinal.core.JFinalFilter.destroy(JFinalFilter.java:90)
	at org.eclipse.jetty.servlet.FilterHolder.destroyInstance(FilterHolder.java:153)
	at org.eclipse.jetty.servlet.FilterHolder.doStop(FilterHolder.java:131)
	at org.eclipse.jetty.util.component.AbstractLifeCycle.stop(AbstractLifeCycle.java:89)
	at org.eclipse.jetty.servlet.ServletHandler.doStop(ServletHandler.java:204)
	at org.eclipse.jetty.util.component.AbstractLifeCycle.stop(AbstractLifeCycle.java:89)
	at org.eclipse.jetty.server.handler.HandlerWrapper.doStop(HandlerWrapper.java:107)
	at org.eclipse.jetty.security.SecurityHandler.doStop(SecurityHandler.java:395)
	at org.eclipse.jetty.security.ConstraintSecurityHandler.doStop(ConstraintSecurityHandler.java:463)
	at org.eclipse.jetty.util.component.AbstractLifeCycle.stop(AbstractLifeCycle.java:89)
	at org.eclipse.jetty.server.handler.HandlerWrapper.doStop(HandlerWrapper.java:107)
	at org.eclipse.jetty.server.session.SessionHandler.doStop(SessionHandler.java:136)
	at org.eclipse.jetty.util.component.AbstractLifeCycle.stop(AbstractLifeCycle.java:89)
	at org.eclipse.jetty.server.handler.HandlerWrapper.doStop(HandlerWrapper.java:107)
	at org.eclipse.jetty.server.handler.ContextHandler.doStop(ContextHandler.java:805)
	at org.eclipse.jetty.servlet.ServletContextHandler.doStop(ServletContextHandler.java:160)
	at org.eclipse.jetty.webapp.WebAppContext.doStop(WebAppContext.java:516)
	at org.eclipse.jetty.util.component.AbstractLifeCycle.stop(AbstractLifeCycle.java:89)
	at com.jfinal.server.JettyServer$1.onChange(JettyServer.java:114)
	at com.jfinal.server.Scanner.compare(Scanner.java:88)
	at com.jfinal.server.Scanner.working(Scanner.java:57)
	at com.jfinal.server.Scanner.access$000(Scanner.java:31)
	at com.jfinal.server.Scanner$1.run(Scanner.java:94)
	at java.util.TimerThread.mainLoop(Timer.java:555)
	at java.util.TimerThread.run(Timer.java:505)

2017-07-18 15:05:45
[ERROR]-[Thread: JFinal-Scanner]-[com.jfinal.kit.LogKit.error()]: The action "omq.my.newsfeed.NewsFeedController.newsFeed()" can not be mapped, actionKey "/my" is already in use.
java.lang.RuntimeException: The action "omq.my.newsfeed.NewsFeedController.newsFeed()" can not be mapped, actionKey "/my" is already in use.
	at com.jfinal.core.ActionMapping.buildActionMapping(ActionMapping.java:108)
	at com.jfinal.core.JFinal.initActionMapping(JFinal.java:102)
	at com.jfinal.core.JFinal.init(JFinal.java:66)
	at com.jfinal.core.JFinalFilter.init(JFinalFilter.java:49)
	at org.eclipse.jetty.servlet.FilterHolder.doStart(FilterHolder.java:119)
	at org.eclipse.jetty.util.component.AbstractLifeCycle.start(AbstractLifeCycle.java:64)
	at org.eclipse.jetty.servlet.ServletHandler.initialize(ServletHandler.java:724)
	at org.eclipse.jetty.servlet.ServletContextHandler.startContext(ServletContextHandler.java:265)
	at org.eclipse.jetty.webapp.WebAppContext.startContext(WebAppContext.java:1250)
	at org.eclipse.jetty.server.handler.ContextHandler.doStart(ContextHandler.java:706)
	at org.eclipse.jetty.webapp.WebAppContext.doStart(WebAppContext.java:492)
	at org.eclipse.jetty.util.component.AbstractLifeCycle.start(AbstractLifeCycle.java:64)
	at com.jfinal.server.JettyServer$1.onChange(JettyServer.java:117)
	at com.jfinal.server.Scanner.compare(Scanner.java:88)
	at com.jfinal.server.Scanner.working(Scanner.java:57)
	at com.jfinal.server.Scanner.access$000(Scanner.java:31)
	at com.jfinal.server.Scanner$1.run(Scanner.java:94)
	at java.util.TimerThread.mainLoop(Timer.java:555)
	at java.util.TimerThread.run(Timer.java:505)

2017-07-18 15:08:12
[ERROR]-[Thread: JFinal-Scanner]-[com.jfinal.kit.LogKit.error()]: The action "omq.my.newsfeed.NewsFeedController.newsFeed()" can not be mapped, actionKey "/my" is already in use.
java.lang.RuntimeException: The action "omq.my.newsfeed.NewsFeedController.newsFeed()" can not be mapped, actionKey "/my" is already in use.
	at com.jfinal.core.ActionMapping.buildActionMapping(ActionMapping.java:108)
	at com.jfinal.core.JFinal.initActionMapping(JFinal.java:102)
	at com.jfinal.core.JFinal.init(JFinal.java:66)
	at com.jfinal.core.JFinalFilter.init(JFinalFilter.java:49)
	at org.eclipse.jetty.servlet.FilterHolder.doStart(FilterHolder.java:119)
	at org.eclipse.jetty.util.component.AbstractLifeCycle.start(AbstractLifeCycle.java:64)
	at org.eclipse.jetty.servlet.ServletHandler.initialize(ServletHandler.java:724)
	at org.eclipse.jetty.servlet.ServletContextHandler.startContext(ServletContextHandler.java:265)
	at org.eclipse.jetty.webapp.WebAppContext.startContext(WebAppContext.java:1250)
	at org.eclipse.jetty.server.handler.ContextHandler.doStart(ContextHandler.java:706)
	at org.eclipse.jetty.webapp.WebAppContext.doStart(WebAppContext.java:492)
	at org.eclipse.jetty.util.component.AbstractLifeCycle.start(AbstractLifeCycle.java:64)
	at com.jfinal.server.JettyServer$1.onChange(JettyServer.java:117)
	at com.jfinal.server.Scanner.compare(Scanner.java:88)
	at com.jfinal.server.Scanner.working(Scanner.java:57)
	at com.jfinal.server.Scanner.access$000(Scanner.java:31)
	at com.jfinal.server.Scanner$1.run(Scanner.java:94)
	at java.util.TimerThread.mainLoop(Timer.java:555)
	at java.util.TimerThread.run(Timer.java:505)

2017-07-18 15:11:55
[ERROR]-[Thread: main]-[com.jfinal.kit.LogKit.error()]: The action "omq.my.newsfeed.NewsFeedController.newsFeed()" can not be mapped, actionKey "/my" is already in use.
java.lang.RuntimeException: The action "omq.my.newsfeed.NewsFeedController.newsFeed()" can not be mapped, actionKey "/my" is already in use.
	at com.jfinal.core.ActionMapping.buildActionMapping(ActionMapping.java:108)
	at com.jfinal.core.JFinal.initActionMapping(JFinal.java:102)
	at com.jfinal.core.JFinal.init(JFinal.java:66)
	at com.jfinal.core.JFinalFilter.init(JFinalFilter.java:49)
	at org.eclipse.jetty.servlet.FilterHolder.doStart(FilterHolder.java:119)
	at org.eclipse.jetty.util.component.AbstractLifeCycle.start(AbstractLifeCycle.java:64)
	at org.eclipse.jetty.servlet.ServletHandler.initialize(ServletHandler.java:724)
	at org.eclipse.jetty.servlet.ServletContextHandler.startContext(ServletContextHandler.java:265)
	at org.eclipse.jetty.webapp.WebAppContext.startContext(WebAppContext.java:1250)
	at org.eclipse.jetty.server.handler.ContextHandler.doStart(ContextHandler.java:706)
	at org.eclipse.jetty.webapp.WebAppContext.doStart(WebAppContext.java:492)
	at org.eclipse.jetty.util.component.AbstractLifeCycle.start(AbstractLifeCycle.java:64)
	at org.eclipse.jetty.server.handler.HandlerWrapper.doStart(HandlerWrapper.java:95)
	at org.eclipse.jetty.server.Server.doStart(Server.java:277)
	at org.eclipse.jetty.util.component.AbstractLifeCycle.start(AbstractLifeCycle.java:64)
	at com.jfinal.server.JettyServer.doStart(JettyServer.java:131)
	at com.jfinal.server.JettyServer.start(JettyServer.java:70)
	at com.jfinal.core.JFinal.start(JFinal.java:159)
	at omq.main.JfinalConfig.main(JfinalConfig.java:31)

2017-07-18 15:21:24
[ERROR]-[Thread: qtp525571-33]-[com.jfinal.core.ActionHandler.handle()]: /my/message
com.jfinal.render.RenderException: com.jfinal.template.stat.ParseException: File not found : /home/ghost/java/workspace/Jfianl/src/main/webapp/_view/my/common/_my_menu_bar.html
Template: "/view/my/message/index.html". Line: 5
	at com.jfinal.render.TemplateRender.render(TemplateRender.java:63)
	at com.jfinal.core.ActionHandler.handle(ActionHandler.java:99)
	at com.jfinal.core.JFinalFilter.doFilter(JFinalFilter.java:74)
	at org.eclipse.jetty.servlet.ServletHandler$CachedChain.doFilter(ServletHandler.java:1307)
	at org.eclipse.jetty.servlet.ServletHandler.doHandle(ServletHandler.java:453)
	at org.eclipse.jetty.server.handler.ScopedHandler.handle(ScopedHandler.java:137)
	at org.eclipse.jetty.security.SecurityHandler.handle(SecurityHandler.java:560)
	at org.eclipse.jetty.server.session.SessionHandler.doHandle(SessionHandler.java:231)
	at org.eclipse.jetty.server.handler.ContextHandler.doHandle(ContextHandler.java:1072)
	at org.eclipse.jetty.servlet.ServletHandler.doScope(ServletHandler.java:382)
	at org.eclipse.jetty.server.session.SessionHandler.doScope(SessionHandler.java:193)
	at org.eclipse.jetty.server.handler.ContextHandler.doScope(ContextHandler.java:1006)
	at org.eclipse.jetty.server.handler.ScopedHandler.handle(ScopedHandler.java:135)
	at org.eclipse.jetty.server.handler.HandlerWrapper.handle(HandlerWrapper.java:116)
	at org.eclipse.jetty.server.Server.handle(Server.java:365)
	at org.eclipse.jetty.server.AbstractHttpConnection.handleRequest(AbstractHttpConnection.java:485)
	at org.eclipse.jetty.server.AbstractHttpConnection.headerComplete(AbstractHttpConnection.java:926)
	at org.eclipse.jetty.server.AbstractHttpConnection$RequestHandler.headerComplete(AbstractHttpConnection.java:988)
	at org.eclipse.jetty.http.HttpParser.parseNext(HttpParser.java:635)
	at org.eclipse.jetty.http.HttpParser.parseAvailable(HttpParser.java:235)
	at org.eclipse.jetty.server.AsyncHttpConnection.handle(AsyncHttpConnection.java:82)
	at org.eclipse.jetty.io.nio.SelectChannelEndPoint.handle(SelectChannelEndPoint.java:628)
	at org.eclipse.jetty.io.nio.SelectChannelEndPoint$1.run(SelectChannelEndPoint.java:52)
	at org.eclipse.jetty.util.thread.QueuedThreadPool.runJob(QueuedThreadPool.java:608)
	at org.eclipse.jetty.util.thread.QueuedThreadPool$3.run(QueuedThreadPool.java:543)
	at java.lang.Thread.run(Thread.java:748)
Caused by: com.jfinal.template.stat.ParseException: File not found : /home/ghost/java/workspace/Jfianl/src/main/webapp/_view/my/common/_my_menu_bar.html
Template: "/view/my/message/index.html". Line: 5
	at com.jfinal.template.stat.ast.Include.parseSubTemplate(Include.java:99)
	at com.jfinal.template.stat.ast.Include.<init>(Include.java:83)
	at com.jfinal.template.stat.Parser.stat(Parser.java:134)
	at com.jfinal.template.stat.Parser.statList(Parser.java:100)
	at com.jfinal.template.stat.Parser.stat(Parser.java:174)
	at com.jfinal.template.stat.Parser.statList(Parser.java:100)
	at com.jfinal.template.stat.Parser.parse(Parser.java:90)
	at com.jfinal.template.Engine.buildTemplateByFileStringSource(Engine.java:151)
	at com.jfinal.template.Engine.getTemplate(Engine.java:133)
	at com.jfinal.render.TemplateRender.render(TemplateRender.java:61)
	... 25 more
Caused by: java.lang.RuntimeException: File not found : /home/ghost/java/workspace/Jfianl/src/main/webapp/_view/my/common/_my_menu_bar.html
	at com.jfinal.template.FileStringSource.getContent(FileStringSource.java:70)
	at com.jfinal.template.stat.ast.Include.parseSubTemplate(Include.java:92)
	... 34 more

2017-07-18 15:34:54
[ERROR]-[Thread: qtp525571-29]-[com.jfinal.core.ActionHandler.handle()]: /project
com.jfinal.render.RenderException: com.jfinal.template.stat.ParseException: File not found : /home/ghost/java/workspace/Jfianl/src/main/webapp/_view/adv/_aliyun.html
Template: "/view/project/_sidebar.html". Line: 3
Template: "/view/project/index.html". Line: 32
	at com.jfinal.render.TemplateRender.render(TemplateRender.java:63)
	at com.jfinal.core.ActionHandler.handle(ActionHandler.java:99)
	at com.jfinal.core.JFinalFilter.doFilter(JFinalFilter.java:74)
	at org.eclipse.jetty.servlet.ServletHandler$CachedChain.doFilter(ServletHandler.java:1307)
	at org.eclipse.jetty.servlet.ServletHandler.doHandle(ServletHandler.java:453)
	at org.eclipse.jetty.server.handler.ScopedHandler.handle(ScopedHandler.java:137)
	at org.eclipse.jetty.security.SecurityHandler.handle(SecurityHandler.java:560)
	at org.eclipse.jetty.server.session.SessionHandler.doHandle(SessionHandler.java:231)
	at org.eclipse.jetty.server.handler.ContextHandler.doHandle(ContextHandler.java:1072)
	at org.eclipse.jetty.servlet.ServletHandler.doScope(ServletHandler.java:382)
	at org.eclipse.jetty.server.session.SessionHandler.doScope(SessionHandler.java:193)
	at org.eclipse.jetty.server.handler.ContextHandler.doScope(ContextHandler.java:1006)
	at org.eclipse.jetty.server.handler.ScopedHandler.handle(ScopedHandler.java:135)
	at org.eclipse.jetty.server.handler.HandlerWrapper.handle(HandlerWrapper.java:116)
	at org.eclipse.jetty.server.Server.handle(Server.java:365)
	at org.eclipse.jetty.server.AbstractHttpConnection.handleRequest(AbstractHttpConnection.java:485)
	at org.eclipse.jetty.server.AbstractHttpConnection.headerComplete(AbstractHttpConnection.java:926)
	at org.eclipse.jetty.server.AbstractHttpConnection$RequestHandler.headerComplete(AbstractHttpConnection.java:988)
	at org.eclipse.jetty.http.HttpParser.parseNext(HttpParser.java:635)
	at org.eclipse.jetty.http.HttpParser.parseAvailable(HttpParser.java:235)
	at org.eclipse.jetty.server.AsyncHttpConnection.handle(AsyncHttpConnection.java:82)
	at org.eclipse.jetty.io.nio.SelectChannelEndPoint.handle(SelectChannelEndPoint.java:628)
	at org.eclipse.jetty.io.nio.SelectChannelEndPoint$1.run(SelectChannelEndPoint.java:52)
	at org.eclipse.jetty.util.thread.QueuedThreadPool.runJob(QueuedThreadPool.java:608)
	at org.eclipse.jetty.util.thread.QueuedThreadPool$3.run(QueuedThreadPool.java:543)
	at java.lang.Thread.run(Thread.java:748)
Caused by: com.jfinal.template.stat.ParseException: File not found : /home/ghost/java/workspace/Jfianl/src/main/webapp/_view/adv/_aliyun.html
Template: "/view/project/_sidebar.html". Line: 3
Template: "/view/project/index.html". Line: 32
	at com.jfinal.template.stat.ast.Include.parseSubTemplate(Include.java:99)
	at com.jfinal.template.stat.ast.Include.<init>(Include.java:83)
	at com.jfinal.template.stat.Parser.stat(Parser.java:134)
	at com.jfinal.template.stat.Parser.statList(Parser.java:100)
	at com.jfinal.template.stat.Parser.stat(Parser.java:174)
	at com.jfinal.template.stat.Parser.statList(Parser.java:100)
	at com.jfinal.template.stat.Parser.parse(Parser.java:90)
	at com.jfinal.template.Engine.buildTemplateByFileStringSource(Engine.java:151)
	at com.jfinal.template.Engine.getTemplate(Engine.java:133)
	at com.jfinal.render.TemplateRender.render(TemplateRender.java:61)
	... 25 more
Caused by: com.jfinal.template.stat.ParseException: File not found : /home/ghost/java/workspace/Jfianl/src/main/webapp/_view/adv/_aliyun.html
Template: "/view/project/_sidebar.html". Line: 3
	at com.jfinal.template.stat.ast.Include.parseSubTemplate(Include.java:99)
	at com.jfinal.template.stat.ast.Include.<init>(Include.java:83)
	at com.jfinal.template.stat.Parser.stat(Parser.java:134)
	at com.jfinal.template.stat.Parser.statList(Parser.java:100)
	at com.jfinal.template.stat.Parser.parse(Parser.java:90)
	at com.jfinal.template.stat.ast.Include.parseSubTemplate(Include.java:96)
	... 34 more
Caused by: java.lang.RuntimeException: File not found : /home/ghost/java/workspace/Jfianl/src/main/webapp/_view/adv/_aliyun.html
	at com.jfinal.template.FileStringSource.getContent(FileStringSource.java:70)
	at com.jfinal.template.stat.ast.Include.parseSubTemplate(Include.java:92)
	... 39 more

2017-07-18 15:36:29
[ERROR]-[Thread: qtp525571-30]-[com.jfinal.core.ActionHandler.handle()]: /project/1
java.lang.NullPointerException
	at omq.project.ProjectSeo.detailSeo(ProjectSeo.java:20)
	at omq.common.interceptor.BaseSeoInterceptor.intercept(BaseSeoInterceptor.java:49)
	at com.jfinal.aop.Invocation.invoke(Invocation.java:67)
	at omq.common.interceptor.LoginSessionInterceptor.intercept(LoginSessionInterceptor.java:34)
	at com.jfinal.aop.Invocation.invoke(Invocation.java:67)
	at com.jfinal.core.ActionHandler.handle(ActionHandler.java:74)
	at com.jfinal.core.JFinalFilter.doFilter(JFinalFilter.java:74)
	at org.eclipse.jetty.servlet.ServletHandler$CachedChain.doFilter(ServletHandler.java:1307)
	at org.eclipse.jetty.servlet.ServletHandler.doHandle(ServletHandler.java:453)
	at org.eclipse.jetty.server.handler.ScopedHandler.handle(ScopedHandler.java:137)
	at org.eclipse.jetty.security.SecurityHandler.handle(SecurityHandler.java:560)
	at org.eclipse.jetty.server.session.SessionHandler.doHandle(SessionHandler.java:231)
	at org.eclipse.jetty.server.handler.ContextHandler.doHandle(ContextHandler.java:1072)
	at org.eclipse.jetty.servlet.ServletHandler.doScope(ServletHandler.java:382)
	at org.eclipse.jetty.server.session.SessionHandler.doScope(SessionHandler.java:193)
	at org.eclipse.jetty.server.handler.ContextHandler.doScope(ContextHandler.java:1006)
	at org.eclipse.jetty.server.handler.ScopedHandler.handle(ScopedHandler.java:135)
	at org.eclipse.jetty.server.handler.HandlerWrapper.handle(HandlerWrapper.java:116)
	at org.eclipse.jetty.server.Server.handle(Server.java:365)
	at org.eclipse.jetty.server.AbstractHttpConnection.handleRequest(AbstractHttpConnection.java:485)
	at org.eclipse.jetty.server.AbstractHttpConnection.headerComplete(AbstractHttpConnection.java:926)
	at org.eclipse.jetty.server.AbstractHttpConnection$RequestHandler.headerComplete(AbstractHttpConnection.java:988)
	at org.eclipse.jetty.http.HttpParser.parseNext(HttpParser.java:635)
	at org.eclipse.jetty.http.HttpParser.parseAvailable(HttpParser.java:235)
	at org.eclipse.jetty.server.AsyncHttpConnection.handle(AsyncHttpConnection.java:82)
	at org.eclipse.jetty.io.nio.SelectChannelEndPoint.handle(SelectChannelEndPoint.java:628)
	at org.eclipse.jetty.io.nio.SelectChannelEndPoint$1.run(SelectChannelEndPoint.java:52)
	at org.eclipse.jetty.util.thread.QueuedThreadPool.runJob(QueuedThreadPool.java:608)
	at org.eclipse.jetty.util.thread.QueuedThreadPool$3.run(QueuedThreadPool.java:543)
	at java.lang.Thread.run(Thread.java:748)

2017-07-18 15:38:58
[ERROR]-[Thread: qtp525571-28]-[com.jfinal.core.ActionHandler.handle()]: /project/detail/1
com.jfinal.render.RenderException: com.jfinal.template.TemplateException: "ret" can not be null for accessed by "ret.isFavoriteActive"
Template: "/view/project/detail.html". Line: 26
	at com.jfinal.render.TemplateRender.render(TemplateRender.java:63)
	at com.jfinal.core.ActionHandler.handle(ActionHandler.java:99)
	at omq.common.handler.UrlSeoHandler.handle(UrlSeoHandler.java:55)
	at com.jfinal.core.JFinalFilter.doFilter(JFinalFilter.java:74)
	at org.eclipse.jetty.servlet.ServletHandler$CachedChain.doFilter(ServletHandler.java:1307)
	at org.eclipse.jetty.servlet.ServletHandler.doHandle(ServletHandler.java:453)
	at org.eclipse.jetty.server.handler.ScopedHandler.handle(ScopedHandler.java:137)
	at org.eclipse.jetty.security.SecurityHandler.handle(SecurityHandler.java:560)
	at org.eclipse.jetty.server.session.SessionHandler.doHandle(SessionHandler.java:231)
	at org.eclipse.jetty.server.handler.ContextHandler.doHandle(ContextHandler.java:1072)
	at org.eclipse.jetty.servlet.ServletHandler.doScope(ServletHandler.java:382)
	at org.eclipse.jetty.server.session.SessionHandler.doScope(SessionHandler.java:193)
	at org.eclipse.jetty.server.handler.ContextHandler.doScope(ContextHandler.java:1006)
	at org.eclipse.jetty.server.handler.ScopedHandler.handle(ScopedHandler.java:135)
	at org.eclipse.jetty.server.handler.HandlerWrapper.handle(HandlerWrapper.java:116)
	at org.eclipse.jetty.server.Server.handle(Server.java:365)
	at org.eclipse.jetty.server.AbstractHttpConnection.handleRequest(AbstractHttpConnection.java:485)
	at org.eclipse.jetty.server.AbstractHttpConnection.headerComplete(AbstractHttpConnection.java:926)
	at org.eclipse.jetty.server.AbstractHttpConnection$RequestHandler.headerComplete(AbstractHttpConnection.java:988)
	at org.eclipse.jetty.http.HttpParser.parseNext(HttpParser.java:635)
	at org.eclipse.jetty.http.HttpParser.parseAvailable(HttpParser.java:235)
	at org.eclipse.jetty.server.AsyncHttpConnection.handle(AsyncHttpConnection.java:82)
	at org.eclipse.jetty.io.nio.SelectChannelEndPoint.handle(SelectChannelEndPoint.java:628)
	at org.eclipse.jetty.io.nio.SelectChannelEndPoint$1.run(SelectChannelEndPoint.java:52)
	at org.eclipse.jetty.util.thread.QueuedThreadPool.runJob(QueuedThreadPool.java:608)
	at org.eclipse.jetty.util.thread.QueuedThreadPool$3.run(QueuedThreadPool.java:543)
	at java.lang.Thread.run(Thread.java:748)
Caused by: com.jfinal.template.TemplateException: "ret" can not be null for accessed by "ret.isFavoriteActive"
Template: "/view/project/detail.html". Line: 26
	at com.jfinal.template.expr.ast.Field.eval(Field.java:62)
	at com.jfinal.template.expr.ast.ExprList.eval(ExprList.java:67)
	at com.jfinal.template.stat.ast.Output.exec(Output.java:46)
	at com.jfinal.template.stat.ast.StatList.exec(StatList.java:48)
	at com.jfinal.template.stat.ast.Define.call(Define.java:105)
	at com.jfinal.template.stat.ast.Call.exec(Call.java:49)
	at com.jfinal.template.stat.ast.StatList.exec(StatList.java:48)
	at com.jfinal.template.stat.ast.Define.call(Define.java:105)
	at com.jfinal.template.stat.ast.Call.exec(Call.java:49)
	at com.jfinal.template.stat.ast.StatList.exec(StatList.java:48)
	at com.jfinal.template.Template.render(Template.java:49)
	at com.jfinal.render.TemplateRender.render(TemplateRender.java:61)
	... 26 more

2017-07-18 15:46:53
[ERROR]-[Thread: qtp525571-30]-[com.jfinal.core.ActionHandler.handle()]: /share
com.jfinal.template.TemplateException: The index of #para directive is out of bounds: 1
Template: "/share.sql". Line: 21
	at com.jfinal.plugin.activerecord.sql.ParaDirective.exec(ParaDirective.java:96)
	at com.jfinal.template.stat.ast.StatList.exec(StatList.java:48)
	at com.jfinal.template.Template.render(Template.java:65)
	at com.jfinal.template.Template.renderToStringBuilder(Template.java:73)
	at com.jfinal.template.Template.renderToString(Template.java:81)
	at com.jfinal.plugin.activerecord.sql.SqlKit.getSqlPara(SqlKit.java:192)
	at com.jfinal.plugin.activerecord.Model.getSqlPara(Model.java:973)
	at omq.share.ShareService.getHotShare(ShareService.java:28)
	at omq.share.ShareController.index(ShareController.java:16)
	at sun.reflect.NativeMethodAccessorImpl.invoke0(Native Method)
	at sun.reflect.NativeMethodAccessorImpl.invoke(NativeMethodAccessorImpl.java:62)
	at sun.reflect.DelegatingMethodAccessorImpl.invoke(DelegatingMethodAccessorImpl.java:43)
	at java.lang.reflect.Method.invoke(Method.java:498)
	at com.jfinal.aop.Invocation.invoke(Invocation.java:73)
	at omq.common.interceptor.LoginSessionInterceptor.intercept(LoginSessionInterceptor.java:34)
	at com.jfinal.aop.Invocation.invoke(Invocation.java:67)
	at com.jfinal.core.ActionHandler.handle(ActionHandler.java:74)
	at omq.common.handler.UrlSeoHandler.handle(UrlSeoHandler.java:55)
	at com.jfinal.core.JFinalFilter.doFilter(JFinalFilter.java:74)
	at org.eclipse.jetty.servlet.ServletHandler$CachedChain.doFilter(ServletHandler.java:1307)
	at org.eclipse.jetty.servlet.ServletHandler.doHandle(ServletHandler.java:453)
	at org.eclipse.jetty.server.handler.ScopedHandler.handle(ScopedHandler.java:137)
	at org.eclipse.jetty.security.SecurityHandler.handle(SecurityHandler.java:560)
	at org.eclipse.jetty.server.session.SessionHandler.doHandle(SessionHandler.java:231)
	at org.eclipse.jetty.server.handler.ContextHandler.doHandle(ContextHandler.java:1072)
	at org.eclipse.jetty.servlet.ServletHandler.doScope(ServletHandler.java:382)
	at org.eclipse.jetty.server.session.SessionHandler.doScope(SessionHandler.java:193)
	at org.eclipse.jetty.server.handler.ContextHandler.doScope(ContextHandler.java:1006)
	at org.eclipse.jetty.server.handler.ScopedHandler.handle(ScopedHandler.java:135)
	at org.eclipse.jetty.server.handler.HandlerWrapper.handle(HandlerWrapper.java:116)
	at org.eclipse.jetty.server.Server.handle(Server.java:365)
	at org.eclipse.jetty.server.AbstractHttpConnection.handleRequest(AbstractHttpConnection.java:485)
	at org.eclipse.jetty.server.AbstractHttpConnection.headerComplete(AbstractHttpConnection.java:926)
	at org.eclipse.jetty.server.AbstractHttpConnection$RequestHandler.headerComplete(AbstractHttpConnection.java:988)
	at org.eclipse.jetty.http.HttpParser.parseNext(HttpParser.java:635)
	at org.eclipse.jetty.http.HttpParser.parseAvailable(HttpParser.java:235)
	at org.eclipse.jetty.server.AsyncHttpConnection.handle(AsyncHttpConnection.java:82)
	at org.eclipse.jetty.io.nio.SelectChannelEndPoint.handle(SelectChannelEndPoint.java:628)
	at org.eclipse.jetty.io.nio.SelectChannelEndPoint$1.run(SelectChannelEndPoint.java:52)
	at org.eclipse.jetty.util.thread.QueuedThreadPool.runJob(QueuedThreadPool.java:608)
	at org.eclipse.jetty.util.thread.QueuedThreadPool$3.run(QueuedThreadPool.java:543)
	at java.lang.Thread.run(Thread.java:748)

2017-07-18 15:47:32
[ERROR]-[Thread: qtp525571-33]-[com.jfinal.core.ActionHandler.handle()]: /share
com.jfinal.render.RenderException: com.jfinal.template.stat.ParseException: File not found : /home/ghost/java/workspace/Jfianl/src/main/webapp/_view/adv/_aliyun.html
Template: "/view/share/_sidebar.html". Line: 3
Template: "/view/share/index.html". Line: 32
	at com.jfinal.render.TemplateRender.render(TemplateRender.java:63)
	at com.jfinal.core.ActionHandler.handle(ActionHandler.java:99)
	at omq.common.handler.UrlSeoHandler.handle(UrlSeoHandler.java:55)
	at com.jfinal.core.JFinalFilter.doFilter(JFinalFilter.java:74)
	at org.eclipse.jetty.servlet.ServletHandler$CachedChain.doFilter(ServletHandler.java:1307)
	at org.eclipse.jetty.servlet.ServletHandler.doHandle(ServletHandler.java:453)
	at org.eclipse.jetty.server.handler.ScopedHandler.handle(ScopedHandler.java:137)
	at org.eclipse.jetty.security.SecurityHandler.handle(SecurityHandler.java:560)
	at org.eclipse.jetty.server.session.SessionHandler.doHandle(SessionHandler.java:231)
	at org.eclipse.jetty.server.handler.ContextHandler.doHandle(ContextHandler.java:1072)
	at org.eclipse.jetty.servlet.ServletHandler.doScope(ServletHandler.java:382)
	at org.eclipse.jetty.server.session.SessionHandler.doScope(SessionHandler.java:193)
	at org.eclipse.jetty.server.handler.ContextHandler.doScope(ContextHandler.java:1006)
	at org.eclipse.jetty.server.handler.ScopedHandler.handle(ScopedHandler.java:135)
	at org.eclipse.jetty.server.handler.HandlerWrapper.handle(HandlerWrapper.java:116)
	at org.eclipse.jetty.server.Server.handle(Server.java:365)
	at org.eclipse.jetty.server.AbstractHttpConnection.handleRequest(AbstractHttpConnection.java:485)
	at org.eclipse.jetty.server.AbstractHttpConnection.headerComplete(AbstractHttpConnection.java:926)
	at org.eclipse.jetty.server.AbstractHttpConnection$RequestHandler.headerComplete(AbstractHttpConnection.java:988)
	at org.eclipse.jetty.http.HttpParser.parseNext(HttpParser.java:635)
	at org.eclipse.jetty.http.HttpParser.parseAvailable(HttpParser.java:235)
	at org.eclipse.jetty.server.AsyncHttpConnection.handle(AsyncHttpConnection.java:82)
	at org.eclipse.jetty.io.nio.SelectChannelEndPoint.handle(SelectChannelEndPoint.java:628)
	at org.eclipse.jetty.io.nio.SelectChannelEndPoint$1.run(SelectChannelEndPoint.java:52)
	at org.eclipse.jetty.util.thread.QueuedThreadPool.runJob(QueuedThreadPool.java:608)
	at org.eclipse.jetty.util.thread.QueuedThreadPool$3.run(QueuedThreadPool.java:543)
	at java.lang.Thread.run(Thread.java:748)
Caused by: com.jfinal.template.stat.ParseException: File not found : /home/ghost/java/workspace/Jfianl/src/main/webapp/_view/adv/_aliyun.html
Template: "/view/share/_sidebar.html". Line: 3
Template: "/view/share/index.html". Line: 32
	at com.jfinal.template.stat.ast.Include.parseSubTemplate(Include.java:99)
	at com.jfinal.template.stat.ast.Include.<init>(Include.java:83)
	at com.jfinal.template.stat.Parser.stat(Parser.java:134)
	at com.jfinal.template.stat.Parser.statList(Parser.java:100)
	at com.jfinal.template.stat.Parser.stat(Parser.java:174)
	at com.jfinal.template.stat.Parser.statList(Parser.java:100)
	at com.jfinal.template.stat.Parser.parse(Parser.java:90)
	at com.jfinal.template.Engine.buildTemplateByFileStringSource(Engine.java:151)
	at com.jfinal.template.Engine.getTemplate(Engine.java:133)
	at com.jfinal.render.TemplateRender.render(TemplateRender.java:61)
	... 26 more
Caused by: com.jfinal.template.stat.ParseException: File not found : /home/ghost/java/workspace/Jfianl/src/main/webapp/_view/adv/_aliyun.html
Template: "/view/share/_sidebar.html". Line: 3
	at com.jfinal.template.stat.ast.Include.parseSubTemplate(Include.java:99)
	at com.jfinal.template.stat.ast.Include.<init>(Include.java:83)
	at com.jfinal.template.stat.Parser.stat(Parser.java:134)
	at com.jfinal.template.stat.Parser.statList(Parser.java:100)
	at com.jfinal.template.stat.Parser.parse(Parser.java:90)
	at com.jfinal.template.stat.ast.Include.parseSubTemplate(Include.java:96)
	... 35 more
Caused by: java.lang.RuntimeException: File not found : /home/ghost/java/workspace/Jfianl/src/main/webapp/_view/adv/_aliyun.html
	at com.jfinal.template.FileStringSource.getContent(FileStringSource.java:70)
	at com.jfinal.template.stat.ast.Include.parseSubTemplate(Include.java:92)
	... 40 more

2017-07-18 15:48:07
[ERROR]-[Thread: qtp525571-28]-[com.jfinal.core.ActionHandler.handle()]: /share/detail/1
com.jfinal.render.RenderException: com.jfinal.template.TemplateException: "ret" can not be null for accessed by "ret.isFavoriteActive"
Template: "/view/share/detail.html". Line: 27
	at com.jfinal.render.TemplateRender.render(TemplateRender.java:63)
	at com.jfinal.core.ActionHandler.handle(ActionHandler.java:99)
	at omq.common.handler.UrlSeoHandler.handle(UrlSeoHandler.java:55)
	at com.jfinal.core.JFinalFilter.doFilter(JFinalFilter.java:74)
	at org.eclipse.jetty.servlet.ServletHandler$CachedChain.doFilter(ServletHandler.java:1307)
	at org.eclipse.jetty.servlet.ServletHandler.doHandle(ServletHandler.java:453)
	at org.eclipse.jetty.server.handler.ScopedHandler.handle(ScopedHandler.java:137)
	at org.eclipse.jetty.security.SecurityHandler.handle(SecurityHandler.java:560)
	at org.eclipse.jetty.server.session.SessionHandler.doHandle(SessionHandler.java:231)
	at org.eclipse.jetty.server.handler.ContextHandler.doHandle(ContextHandler.java:1072)
	at org.eclipse.jetty.servlet.ServletHandler.doScope(ServletHandler.java:382)
	at org.eclipse.jetty.server.session.SessionHandler.doScope(SessionHandler.java:193)
	at org.eclipse.jetty.server.handler.ContextHandler.doScope(ContextHandler.java:1006)
	at org.eclipse.jetty.server.handler.ScopedHandler.handle(ScopedHandler.java:135)
	at org.eclipse.jetty.server.handler.HandlerWrapper.handle(HandlerWrapper.java:116)
	at org.eclipse.jetty.server.Server.handle(Server.java:365)
	at org.eclipse.jetty.server.AbstractHttpConnection.handleRequest(AbstractHttpConnection.java:485)
	at org.eclipse.jetty.server.AbstractHttpConnection.headerComplete(AbstractHttpConnection.java:926)
	at org.eclipse.jetty.server.AbstractHttpConnection$RequestHandler.headerComplete(AbstractHttpConnection.java:988)
	at org.eclipse.jetty.http.HttpParser.parseNext(HttpParser.java:635)
	at org.eclipse.jetty.http.HttpParser.parseAvailable(HttpParser.java:235)
	at org.eclipse.jetty.server.AsyncHttpConnection.handle(AsyncHttpConnection.java:82)
	at org.eclipse.jetty.io.nio.SelectChannelEndPoint.handle(SelectChannelEndPoint.java:628)
	at org.eclipse.jetty.io.nio.SelectChannelEndPoint$1.run(SelectChannelEndPoint.java:52)
	at org.eclipse.jetty.util.thread.QueuedThreadPool.runJob(QueuedThreadPool.java:608)
	at org.eclipse.jetty.util.thread.QueuedThreadPool$3.run(QueuedThreadPool.java:543)
	at java.lang.Thread.run(Thread.java:748)
Caused by: com.jfinal.template.TemplateException: "ret" can not be null for accessed by "ret.isFavoriteActive"
Template: "/view/share/detail.html". Line: 27
	at com.jfinal.template.expr.ast.Field.eval(Field.java:62)
	at com.jfinal.template.expr.ast.ExprList.eval(ExprList.java:67)
	at com.jfinal.template.stat.ast.Output.exec(Output.java:46)
	at com.jfinal.template.stat.ast.StatList.exec(StatList.java:48)
	at com.jfinal.template.stat.ast.Define.call(Define.java:105)
	at com.jfinal.template.stat.ast.Call.exec(Call.java:49)
	at com.jfinal.template.stat.ast.StatList.exec(StatList.java:48)
	at com.jfinal.template.stat.ast.Define.call(Define.java:105)
	at com.jfinal.template.stat.ast.Call.exec(Call.java:49)
	at com.jfinal.template.stat.ast.StatList.exec(StatList.java:48)
	at com.jfinal.template.Template.render(Template.java:49)
	at com.jfinal.render.TemplateRender.render(TemplateRender.java:61)
	... 26 more

2017-07-18 15:52:10
[ERROR]-[Thread: qtp525571-32]-[com.jfinal.core.ActionHandler.handle()]: /feedback
com.jfinal.template.TemplateException: The index of #para directive is out of bounds: 1
Template: "/feedback.sql". Line: 21
	at com.jfinal.plugin.activerecord.sql.ParaDirective.exec(ParaDirective.java:96)
	at com.jfinal.template.stat.ast.StatList.exec(StatList.java:48)
	at com.jfinal.template.Template.render(Template.java:65)
	at com.jfinal.template.Template.renderToStringBuilder(Template.java:73)
	at com.jfinal.template.Template.renderToString(Template.java:81)
	at com.jfinal.plugin.activerecord.sql.SqlKit.getSqlPara(SqlKit.java:192)
	at com.jfinal.plugin.activerecord.Model.getSqlPara(Model.java:973)
	at omq.feedback.FeedbackService.getHotFeedback(FeedbackService.java:28)
	at omq.feedback.FeedbackController.index(FeedbackController.java:30)
	at sun.reflect.NativeMethodAccessorImpl.invoke0(Native Method)
	at sun.reflect.NativeMethodAccessorImpl.invoke(NativeMethodAccessorImpl.java:62)
	at sun.reflect.DelegatingMethodAccessorImpl.invoke(DelegatingMethodAccessorImpl.java:43)
	at java.lang.reflect.Method.invoke(Method.java:498)
	at com.jfinal.aop.Invocation.invoke(Invocation.java:73)
	at omq.common.interceptor.BaseSeoInterceptor.intercept(BaseSeoInterceptor.java:40)
	at com.jfinal.aop.Invocation.invoke(Invocation.java:67)
	at omq.common.interceptor.LoginSessionInterceptor.intercept(LoginSessionInterceptor.java:34)
	at com.jfinal.aop.Invocation.invoke(Invocation.java:67)
	at com.jfinal.core.ActionHandler.handle(ActionHandler.java:74)
	at omq.common.handler.UrlSeoHandler.handle(UrlSeoHandler.java:55)
	at com.jfinal.core.JFinalFilter.doFilter(JFinalFilter.java:74)
	at org.eclipse.jetty.servlet.ServletHandler$CachedChain.doFilter(ServletHandler.java:1307)
	at org.eclipse.jetty.servlet.ServletHandler.doHandle(ServletHandler.java:453)
	at org.eclipse.jetty.server.handler.ScopedHandler.handle(ScopedHandler.java:137)
	at org.eclipse.jetty.security.SecurityHandler.handle(SecurityHandler.java:560)
	at org.eclipse.jetty.server.session.SessionHandler.doHandle(SessionHandler.java:231)
	at org.eclipse.jetty.server.handler.ContextHandler.doHandle(ContextHandler.java:1072)
	at org.eclipse.jetty.servlet.ServletHandler.doScope(ServletHandler.java:382)
	at org.eclipse.jetty.server.session.SessionHandler.doScope(SessionHandler.java:193)
	at org.eclipse.jetty.server.handler.ContextHandler.doScope(ContextHandler.java:1006)
	at org.eclipse.jetty.server.handler.ScopedHandler.handle(ScopedHandler.java:135)
	at org.eclipse.jetty.server.handler.HandlerWrapper.handle(HandlerWrapper.java:116)
	at org.eclipse.jetty.server.Server.handle(Server.java:365)
	at org.eclipse.jetty.server.AbstractHttpConnection.handleRequest(AbstractHttpConnection.java:485)
	at org.eclipse.jetty.server.AbstractHttpConnection.headerComplete(AbstractHttpConnection.java:926)
	at org.eclipse.jetty.server.AbstractHttpConnection$RequestHandler.headerComplete(AbstractHttpConnection.java:988)
	at org.eclipse.jetty.http.HttpParser.parseNext(HttpParser.java:635)
	at org.eclipse.jetty.http.HttpParser.parseAvailable(HttpParser.java:235)
	at org.eclipse.jetty.server.AsyncHttpConnection.handle(AsyncHttpConnection.java:82)
	at org.eclipse.jetty.io.nio.SelectChannelEndPoint.handle(SelectChannelEndPoint.java:628)
	at org.eclipse.jetty.io.nio.SelectChannelEndPoint$1.run(SelectChannelEndPoint.java:52)
	at org.eclipse.jetty.util.thread.QueuedThreadPool.runJob(QueuedThreadPool.java:608)
	at org.eclipse.jetty.util.thread.QueuedThreadPool$3.run(QueuedThreadPool.java:543)
	at java.lang.Thread.run(Thread.java:748)

2017-07-18 15:52:35
[ERROR]-[Thread: qtp525571-33]-[com.jfinal.core.ActionHandler.handle()]: /feedback/detail/1
com.jfinal.render.RenderException: com.jfinal.template.TemplateException: "ret" can not be null for accessed by "ret.isFavoriteActive"
Template: "/view/feedback/detail.html". Line: 27
	at com.jfinal.render.TemplateRender.render(TemplateRender.java:63)
	at com.jfinal.core.ActionHandler.handle(ActionHandler.java:99)
	at omq.common.handler.UrlSeoHandler.handle(UrlSeoHandler.java:55)
	at com.jfinal.core.JFinalFilter.doFilter(JFinalFilter.java:74)
	at org.eclipse.jetty.servlet.ServletHandler$CachedChain.doFilter(ServletHandler.java:1307)
	at org.eclipse.jetty.servlet.ServletHandler.doHandle(ServletHandler.java:453)
	at org.eclipse.jetty.server.handler.ScopedHandler.handle(ScopedHandler.java:137)
	at org.eclipse.jetty.security.SecurityHandler.handle(SecurityHandler.java:560)
	at org.eclipse.jetty.server.session.SessionHandler.doHandle(SessionHandler.java:231)
	at org.eclipse.jetty.server.handler.ContextHandler.doHandle(ContextHandler.java:1072)
	at org.eclipse.jetty.servlet.ServletHandler.doScope(ServletHandler.java:382)
	at org.eclipse.jetty.server.session.SessionHandler.doScope(SessionHandler.java:193)
	at org.eclipse.jetty.server.handler.ContextHandler.doScope(ContextHandler.java:1006)
	at org.eclipse.jetty.server.handler.ScopedHandler.handle(ScopedHandler.java:135)
	at org.eclipse.jetty.server.handler.HandlerWrapper.handle(HandlerWrapper.java:116)
	at org.eclipse.jetty.server.Server.handle(Server.java:365)
	at org.eclipse.jetty.server.AbstractHttpConnection.handleRequest(AbstractHttpConnection.java:485)
	at org.eclipse.jetty.server.AbstractHttpConnection.headerComplete(AbstractHttpConnection.java:926)
	at org.eclipse.jetty.server.AbstractHttpConnection$RequestHandler.headerComplete(AbstractHttpConnection.java:988)
	at org.eclipse.jetty.http.HttpParser.parseNext(HttpParser.java:635)
	at org.eclipse.jetty.http.HttpParser.parseAvailable(HttpParser.java:235)
	at org.eclipse.jetty.server.AsyncHttpConnection.handle(AsyncHttpConnection.java:82)
	at org.eclipse.jetty.io.nio.SelectChannelEndPoint.handle(SelectChannelEndPoint.java:628)
	at org.eclipse.jetty.io.nio.SelectChannelEndPoint$1.run(SelectChannelEndPoint.java:52)
	at org.eclipse.jetty.util.thread.QueuedThreadPool.runJob(QueuedThreadPool.java:608)
	at org.eclipse.jetty.util.thread.QueuedThreadPool$3.run(QueuedThreadPool.java:543)
	at java.lang.Thread.run(Thread.java:748)
Caused by: com.jfinal.template.TemplateException: "ret" can not be null for accessed by "ret.isFavoriteActive"
Template: "/view/feedback/detail.html". Line: 27
	at com.jfinal.template.expr.ast.Field.eval(Field.java:62)
	at com.jfinal.template.expr.ast.ExprList.eval(ExprList.java:67)
	at com.jfinal.template.stat.ast.Output.exec(Output.java:46)
	at com.jfinal.template.stat.ast.StatList.exec(StatList.java:48)
	at com.jfinal.template.stat.ast.Define.call(Define.java:105)
	at com.jfinal.template.stat.ast.Call.exec(Call.java:49)
	at com.jfinal.template.stat.ast.StatList.exec(StatList.java:48)
	at com.jfinal.template.stat.ast.Define.call(Define.java:105)
	at com.jfinal.template.stat.ast.Call.exec(Call.java:49)
	at com.jfinal.template.stat.ast.StatList.exec(StatList.java:48)
	at com.jfinal.template.Template.render(Template.java:49)
	at com.jfinal.render.TemplateRender.render(TemplateRender.java:61)
	... 26 more

2017-07-18 15:53:13
[ERROR]-[Thread: JFinal-Scanner]-[com.jfinal.kit.LogKit.error()]: The action "omq.my.newsfeed.NewsFeedController.newsFeed()" can not be mapped, actionKey "/my" is already in use.
java.lang.RuntimeException: The action "omq.my.newsfeed.NewsFeedController.newsFeed()" can not be mapped, actionKey "/my" is already in use.
	at com.jfinal.core.ActionMapping.buildActionMapping(ActionMapping.java:108)
	at com.jfinal.core.JFinal.initActionMapping(JFinal.java:102)
	at com.jfinal.core.JFinal.init(JFinal.java:66)
	at com.jfinal.core.JFinalFilter.init(JFinalFilter.java:49)
	at org.eclipse.jetty.servlet.FilterHolder.doStart(FilterHolder.java:119)
	at org.eclipse.jetty.util.component.AbstractLifeCycle.start(AbstractLifeCycle.java:64)
	at org.eclipse.jetty.servlet.ServletHandler.initialize(ServletHandler.java:724)
	at org.eclipse.jetty.servlet.ServletContextHandler.startContext(ServletContextHandler.java:265)
	at org.eclipse.jetty.webapp.WebAppContext.startContext(WebAppContext.java:1250)
	at org.eclipse.jetty.server.handler.ContextHandler.doStart(ContextHandler.java:706)
	at org.eclipse.jetty.webapp.WebAppContext.doStart(WebAppContext.java:492)
	at org.eclipse.jetty.util.component.AbstractLifeCycle.start(AbstractLifeCycle.java:64)
	at com.jfinal.server.JettyServer$1.onChange(JettyServer.java:117)
	at com.jfinal.server.Scanner.compare(Scanner.java:88)
	at com.jfinal.server.Scanner.working(Scanner.java:57)
	at com.jfinal.server.Scanner.access$000(Scanner.java:31)
	at com.jfinal.server.Scanner$1.run(Scanner.java:94)
	at java.util.TimerThread.mainLoop(Timer.java:555)
	at java.util.TimerThread.run(Timer.java:505)
