
2017-07-05 16:05:50
[ERROR]-[Thread: qtp198761306-20]-[com.jfinal.core.ActionHandler.handle()]: /my/setting/saveAvatar
java.lang.NullPointerException
	at com.jfinal.core.Controller.getAttr(Controller.java:205)
	at omq.common.controller.BaseController.getLoginAccount(BaseController.java:14)
	at omq.my.setting.MySettingController.saveAvatar(MySettingController.java:50)
	at sun.reflect.NativeMethodAccessorImpl.invoke0(Native Method)
	at sun.reflect.NativeMethodAccessorImpl.invoke(NativeMethodAccessorImpl.java:62)
	at sun.reflect.DelegatingMethodAccessorImpl.invoke(DelegatingMethodAccessorImpl.java:43)
	at java.lang.reflect.Method.invoke(Method.java:498)
	at com.jfinal.aop.Invocation.invoke(Invocation.java:73)
	at com.jfinal.core.ActionHandler.handle(ActionHandler.java:74)
	at com.jfinal.core.JFinalFilter.doFilter(JFinalFilter.java:74)
	at org.eclipse.jetty.servlet.ServletHandler$CachedChain.doFilter(ServletHandler.java:1307)
	at org.eclipse.jetty.servlet.ServletHandler.doHandle(ServletHandler.java:453)
	at org.eclipse.jetty.server.handler.ScopedHandler.handle(ScopedHandler.java:137)
	at org.eclipse.jetty.security.SecurityHandler.handle(SecurityHandler.java:560)
	at org.eclipse.jetty.server.session.SessionHandler.doHandle(SessionHandler.java:231)
	at org.eclipse.jetty.server.handler.ContextHandler.doHandle(ContextHandler.java:1072)
	at org.eclipse.jetty.servlet.ServletHandler.doScope(ServletHandler.java:382)
	at org.eclipse.jetty.server.session.SessionHandler.doScope(SessionHandler.java:193)
	at org.eclipse.jetty.server.handler.ContextHandler.doScope(ContextHandler.java:1006)
	at org.eclipse.jetty.server.handler.ScopedHandler.handle(ScopedHandler.java:135)
	at org.eclipse.jetty.server.handler.HandlerWrapper.handle(HandlerWrapper.java:116)
	at org.eclipse.jetty.server.Server.handle(Server.java:365)
	at org.eclipse.jetty.server.AbstractHttpConnection.handleRequest(AbstractHttpConnection.java:485)
	at org.eclipse.jetty.server.AbstractHttpConnection.content(AbstractHttpConnection.java:937)
	at org.eclipse.jetty.server.AbstractHttpConnection$RequestHandler.content(AbstractHttpConnection.java:998)
	at org.eclipse.jetty.http.HttpParser.parseNext(HttpParser.java:856)
	at org.eclipse.jetty.http.HttpParser.parseAvailable(HttpParser.java:240)
	at org.eclipse.jetty.server.AsyncHttpConnection.handle(AsyncHttpConnection.java:82)
	at org.eclipse.jetty.io.nio.SelectChannelEndPoint.handle(SelectChannelEndPoint.java:628)
	at org.eclipse.jetty.io.nio.SelectChannelEndPoint$1.run(SelectChannelEndPoint.java:52)
	at org.eclipse.jetty.util.thread.QueuedThreadPool.runJob(QueuedThreadPool.java:608)
	at org.eclipse.jetty.util.thread.QueuedThreadPool$3.run(QueuedThreadPool.java:543)
	at java.lang.Thread.run(Thread.java:748)

2017-07-05 16:42:45
[ERROR]-[Thread: JFinal-Scanner]-[com.jfinal.kit.LogKit.error()]: The action "omq.my.setting.MySettingController.index()" can not be mapped, actionKey "/my/setting/password" is already in use.
java.lang.RuntimeException: The action "omq.my.setting.MySettingController.index()" can not be mapped, actionKey "/my/setting/password" is already in use.
	at com.jfinal.core.ActionMapping.buildActionMapping(ActionMapping.java:108)
	at com.jfinal.core.JFinal.initActionMapping(JFinal.java:102)
	at com.jfinal.core.JFinal.init(JFinal.java:66)
	at com.jfinal.core.JFinalFilter.init(JFinalFilter.java:49)
	at org.eclipse.jetty.servlet.FilterHolder.doStart(FilterHolder.java:119)
	at org.eclipse.jetty.util.component.AbstractLifeCycle.start(AbstractLifeCycle.java:64)
	at org.eclipse.jetty.servlet.ServletHandler.initialize(ServletHandler.java:724)
	at org.eclipse.jetty.servlet.ServletContextHandler.startContext(ServletContextHandler.java:265)
	at org.eclipse.jetty.webapp.WebAppContext.startContext(WebAppContext.java:1250)
	at org.eclipse.jetty.server.handler.ContextHandler.doStart(ContextHandler.java:706)
	at org.eclipse.jetty.webapp.WebAppContext.doStart(WebAppContext.java:492)
	at org.eclipse.jetty.util.component.AbstractLifeCycle.start(AbstractLifeCycle.java:64)
	at com.jfinal.server.JettyServer$1.onChange(JettyServer.java:117)
	at com.jfinal.server.Scanner.compare(Scanner.java:88)
	at com.jfinal.server.Scanner.working(Scanner.java:57)
	at com.jfinal.server.Scanner.access$000(Scanner.java:31)
	at com.jfinal.server.Scanner$1.run(Scanner.java:94)
	at java.util.TimerThread.mainLoop(Timer.java:555)
	at java.util.TimerThread.run(Timer.java:505)

2017-07-05 16:45:47
[ERROR]-[Thread: qtp198761306-24]-[com.jfinal.core.ActionHandler.handle()]: /my/setting/saveAvatar
java.lang.NullPointerException
	at com.jfinal.core.Controller.getAttr(Controller.java:205)
	at omq.common.controller.BaseController.getLoginAccount(BaseController.java:14)
	at omq.my.setting.MySettingController.saveAvatar(MySettingController.java:52)
	at sun.reflect.NativeMethodAccessorImpl.invoke0(Native Method)
	at sun.reflect.NativeMethodAccessorImpl.invoke(NativeMethodAccessorImpl.java:62)
	at sun.reflect.DelegatingMethodAccessorImpl.invoke(DelegatingMethodAccessorImpl.java:43)
	at java.lang.reflect.Method.invoke(Method.java:498)
	at com.jfinal.aop.Invocation.invoke(Invocation.java:73)
	at com.jfinal.core.ActionHandler.handle(ActionHandler.java:74)
	at com.jfinal.core.JFinalFilter.doFilter(JFinalFilter.java:74)
	at org.eclipse.jetty.servlet.ServletHandler$CachedChain.doFilter(ServletHandler.java:1307)
	at org.eclipse.jetty.servlet.ServletHandler.doHandle(ServletHandler.java:453)
	at org.eclipse.jetty.server.handler.ScopedHandler.handle(ScopedHandler.java:137)
	at org.eclipse.jetty.security.SecurityHandler.handle(SecurityHandler.java:560)
	at org.eclipse.jetty.server.session.SessionHandler.doHandle(SessionHandler.java:231)
	at org.eclipse.jetty.server.handler.ContextHandler.doHandle(ContextHandler.java:1072)
	at org.eclipse.jetty.servlet.ServletHandler.doScope(ServletHandler.java:382)
	at org.eclipse.jetty.server.session.SessionHandler.doScope(SessionHandler.java:193)
	at org.eclipse.jetty.server.handler.ContextHandler.doScope(ContextHandler.java:1006)
	at org.eclipse.jetty.server.handler.ScopedHandler.handle(ScopedHandler.java:135)
	at org.eclipse.jetty.server.handler.HandlerWrapper.handle(HandlerWrapper.java:116)
	at org.eclipse.jetty.server.Server.handle(Server.java:365)
	at org.eclipse.jetty.server.AbstractHttpConnection.handleRequest(AbstractHttpConnection.java:485)
	at org.eclipse.jetty.server.AbstractHttpConnection.content(AbstractHttpConnection.java:937)
	at org.eclipse.jetty.server.AbstractHttpConnection$RequestHandler.content(AbstractHttpConnection.java:998)
	at org.eclipse.jetty.http.HttpParser.parseNext(HttpParser.java:856)
	at org.eclipse.jetty.http.HttpParser.parseAvailable(HttpParser.java:240)
	at org.eclipse.jetty.server.AsyncHttpConnection.handle(AsyncHttpConnection.java:82)
	at org.eclipse.jetty.io.nio.SelectChannelEndPoint.handle(SelectChannelEndPoint.java:628)
	at org.eclipse.jetty.io.nio.SelectChannelEndPoint$1.run(SelectChannelEndPoint.java:52)
	at org.eclipse.jetty.util.thread.QueuedThreadPool.runJob(QueuedThreadPool.java:608)
	at org.eclipse.jetty.util.thread.QueuedThreadPool$3.run(QueuedThreadPool.java:543)
	at java.lang.Thread.run(Thread.java:748)

2017-07-05 16:46:36
[ERROR]-[Thread: qtp198761306-24]-[com.jfinal.core.ActionHandler.handle()]: /my/setting/saveAvatar
java.lang.NullPointerException
	at com.jfinal.core.Controller.getAttr(Controller.java:205)
	at omq.common.controller.BaseController.getLoginAccount(BaseController.java:14)
	at omq.my.setting.MySettingController.saveAvatar(MySettingController.java:52)
	at sun.reflect.NativeMethodAccessorImpl.invoke0(Native Method)
	at sun.reflect.NativeMethodAccessorImpl.invoke(NativeMethodAccessorImpl.java:62)
	at sun.reflect.DelegatingMethodAccessorImpl.invoke(DelegatingMethodAccessorImpl.java:43)
	at java.lang.reflect.Method.invoke(Method.java:498)
	at com.jfinal.aop.Invocation.invoke(Invocation.java:73)
	at com.jfinal.core.ActionHandler.handle(ActionHandler.java:74)
	at com.jfinal.core.JFinalFilter.doFilter(JFinalFilter.java:74)
	at org.eclipse.jetty.servlet.ServletHandler$CachedChain.doFilter(ServletHandler.java:1307)
	at org.eclipse.jetty.servlet.ServletHandler.doHandle(ServletHandler.java:453)
	at org.eclipse.jetty.server.handler.ScopedHandler.handle(ScopedHandler.java:137)
	at org.eclipse.jetty.security.SecurityHandler.handle(SecurityHandler.java:560)
	at org.eclipse.jetty.server.session.SessionHandler.doHandle(SessionHandler.java:231)
	at org.eclipse.jetty.server.handler.ContextHandler.doHandle(ContextHandler.java:1072)
	at org.eclipse.jetty.servlet.ServletHandler.doScope(ServletHandler.java:382)
	at org.eclipse.jetty.server.session.SessionHandler.doScope(SessionHandler.java:193)
	at org.eclipse.jetty.server.handler.ContextHandler.doScope(ContextHandler.java:1006)
	at org.eclipse.jetty.server.handler.ScopedHandler.handle(ScopedHandler.java:135)
	at org.eclipse.jetty.server.handler.HandlerWrapper.handle(HandlerWrapper.java:116)
	at org.eclipse.jetty.server.Server.handle(Server.java:365)
	at org.eclipse.jetty.server.AbstractHttpConnection.handleRequest(AbstractHttpConnection.java:485)
	at org.eclipse.jetty.server.AbstractHttpConnection.content(AbstractHttpConnection.java:937)
	at org.eclipse.jetty.server.AbstractHttpConnection$RequestHandler.content(AbstractHttpConnection.java:998)
	at org.eclipse.jetty.http.HttpParser.parseNext(HttpParser.java:856)
	at org.eclipse.jetty.http.HttpParser.parseAvailable(HttpParser.java:240)
	at org.eclipse.jetty.server.AsyncHttpConnection.handle(AsyncHttpConnection.java:82)
	at org.eclipse.jetty.io.nio.SelectChannelEndPoint.handle(SelectChannelEndPoint.java:628)
	at org.eclipse.jetty.io.nio.SelectChannelEndPoint$1.run(SelectChannelEndPoint.java:52)
	at org.eclipse.jetty.util.thread.QueuedThreadPool.runJob(QueuedThreadPool.java:608)
	at org.eclipse.jetty.util.thread.QueuedThreadPool$3.run(QueuedThreadPool.java:543)
	at java.lang.Thread.run(Thread.java:748)

2017-07-05 16:46:55
[ERROR]-[Thread: qtp198761306-23]-[com.jfinal.core.ActionHandler.handle()]: /my/setting/saveAvatar
java.lang.NullPointerException
	at com.jfinal.core.Controller.getAttr(Controller.java:205)
	at omq.common.controller.BaseController.getLoginAccount(BaseController.java:14)
	at omq.my.setting.MySettingController.saveAvatar(MySettingController.java:52)
	at sun.reflect.NativeMethodAccessorImpl.invoke0(Native Method)
	at sun.reflect.NativeMethodAccessorImpl.invoke(NativeMethodAccessorImpl.java:62)
	at sun.reflect.DelegatingMethodAccessorImpl.invoke(DelegatingMethodAccessorImpl.java:43)
	at java.lang.reflect.Method.invoke(Method.java:498)
	at com.jfinal.aop.Invocation.invoke(Invocation.java:73)
	at com.jfinal.core.ActionHandler.handle(ActionHandler.java:74)
	at com.jfinal.core.JFinalFilter.doFilter(JFinalFilter.java:74)
	at org.eclipse.jetty.servlet.ServletHandler$CachedChain.doFilter(ServletHandler.java:1307)
	at org.eclipse.jetty.servlet.ServletHandler.doHandle(ServletHandler.java:453)
	at org.eclipse.jetty.server.handler.ScopedHandler.handle(ScopedHandler.java:137)
	at org.eclipse.jetty.security.SecurityHandler.handle(SecurityHandler.java:560)
	at org.eclipse.jetty.server.session.SessionHandler.doHandle(SessionHandler.java:231)
	at org.eclipse.jetty.server.handler.ContextHandler.doHandle(ContextHandler.java:1072)
	at org.eclipse.jetty.servlet.ServletHandler.doScope(ServletHandler.java:382)
	at org.eclipse.jetty.server.session.SessionHandler.doScope(SessionHandler.java:193)
	at org.eclipse.jetty.server.handler.ContextHandler.doScope(ContextHandler.java:1006)
	at org.eclipse.jetty.server.handler.ScopedHandler.handle(ScopedHandler.java:135)
	at org.eclipse.jetty.server.handler.HandlerWrapper.handle(HandlerWrapper.java:116)
	at org.eclipse.jetty.server.Server.handle(Server.java:365)
	at org.eclipse.jetty.server.AbstractHttpConnection.handleRequest(AbstractHttpConnection.java:485)
	at org.eclipse.jetty.server.AbstractHttpConnection.content(AbstractHttpConnection.java:937)
	at org.eclipse.jetty.server.AbstractHttpConnection$RequestHandler.content(AbstractHttpConnection.java:998)
	at org.eclipse.jetty.http.HttpParser.parseNext(HttpParser.java:856)
	at org.eclipse.jetty.http.HttpParser.parseAvailable(HttpParser.java:240)
	at org.eclipse.jetty.server.AsyncHttpConnection.handle(AsyncHttpConnection.java:82)
	at org.eclipse.jetty.io.nio.SelectChannelEndPoint.handle(SelectChannelEndPoint.java:628)
	at org.eclipse.jetty.io.nio.SelectChannelEndPoint$1.run(SelectChannelEndPoint.java:52)
	at org.eclipse.jetty.util.thread.QueuedThreadPool.runJob(QueuedThreadPool.java:608)
	at org.eclipse.jetty.util.thread.QueuedThreadPool$3.run(QueuedThreadPool.java:543)
	at java.lang.Thread.run(Thread.java:748)

2017-07-05 16:49:54
[ERROR]-[Thread: qtp198761306-21]-[com.jfinal.core.ActionHandler.handle()]: /my/setting/password
com.jfinal.render.RenderException: java.lang.RuntimeException: File not found : /home/ghost/java/workspace/Jfinal/src/main/webapp/view/my/setting/password/password.html
	at com.jfinal.render.TemplateRender.render(TemplateRender.java:63)
	at com.jfinal.core.ActionHandler.handle(ActionHandler.java:99)
	at com.jfinal.core.JFinalFilter.doFilter(JFinalFilter.java:74)
	at org.eclipse.jetty.servlet.ServletHandler$CachedChain.doFilter(ServletHandler.java:1307)
	at org.eclipse.jetty.servlet.ServletHandler.doHandle(ServletHandler.java:453)
	at org.eclipse.jetty.server.handler.ScopedHandler.handle(ScopedHandler.java:137)
	at org.eclipse.jetty.security.SecurityHandler.handle(SecurityHandler.java:560)
	at org.eclipse.jetty.server.session.SessionHandler.doHandle(SessionHandler.java:231)
	at org.eclipse.jetty.server.handler.ContextHandler.doHandle(ContextHandler.java:1072)
	at org.eclipse.jetty.servlet.ServletHandler.doScope(ServletHandler.java:382)
	at org.eclipse.jetty.server.session.SessionHandler.doScope(SessionHandler.java:193)
	at org.eclipse.jetty.server.handler.ContextHandler.doScope(ContextHandler.java:1006)
	at org.eclipse.jetty.server.handler.ScopedHandler.handle(ScopedHandler.java:135)
	at org.eclipse.jetty.server.handler.HandlerWrapper.handle(HandlerWrapper.java:116)
	at org.eclipse.jetty.server.Server.handle(Server.java:365)
	at org.eclipse.jetty.server.AbstractHttpConnection.handleRequest(AbstractHttpConnection.java:485)
	at org.eclipse.jetty.server.AbstractHttpConnection.headerComplete(AbstractHttpConnection.java:926)
	at org.eclipse.jetty.server.AbstractHttpConnection$RequestHandler.headerComplete(AbstractHttpConnection.java:988)
	at org.eclipse.jetty.http.HttpParser.parseNext(HttpParser.java:635)
	at org.eclipse.jetty.http.HttpParser.parseAvailable(HttpParser.java:235)
	at org.eclipse.jetty.server.AsyncHttpConnection.handle(AsyncHttpConnection.java:82)
	at org.eclipse.jetty.io.nio.SelectChannelEndPoint.handle(SelectChannelEndPoint.java:628)
	at org.eclipse.jetty.io.nio.SelectChannelEndPoint$1.run(SelectChannelEndPoint.java:52)
	at org.eclipse.jetty.util.thread.QueuedThreadPool.runJob(QueuedThreadPool.java:608)
	at org.eclipse.jetty.util.thread.QueuedThreadPool$3.run(QueuedThreadPool.java:543)
	at java.lang.Thread.run(Thread.java:748)
Caused by: java.lang.RuntimeException: File not found : /home/ghost/java/workspace/Jfinal/src/main/webapp/view/my/setting/password/password.html
	at com.jfinal.template.FileStringSource.getContent(FileStringSource.java:70)
	at com.jfinal.template.Engine.buildTemplateByFileStringSource(Engine.java:147)
	at com.jfinal.template.Engine.getTemplate(Engine.java:133)
	at com.jfinal.render.TemplateRender.render(TemplateRender.java:61)
	... 25 more

2017-07-05 16:51:05
[ERROR]-[Thread: qtp198761306-20]-[com.jfinal.core.ActionHandler.handle()]: /my/setting/updatePassword
java.lang.NullPointerException
	at omq.my.setting.MySettingController.updatePassword(MySettingController.java:62)
	at sun.reflect.NativeMethodAccessorImpl.invoke0(Native Method)
	at sun.reflect.NativeMethodAccessorImpl.invoke(NativeMethodAccessorImpl.java:62)
	at sun.reflect.DelegatingMethodAccessorImpl.invoke(DelegatingMethodAccessorImpl.java:43)
	at java.lang.reflect.Method.invoke(Method.java:498)
	at com.jfinal.aop.Invocation.invoke(Invocation.java:73)
	at com.jfinal.core.ActionHandler.handle(ActionHandler.java:74)
	at com.jfinal.core.JFinalFilter.doFilter(JFinalFilter.java:74)
	at org.eclipse.jetty.servlet.ServletHandler$CachedChain.doFilter(ServletHandler.java:1307)
	at org.eclipse.jetty.servlet.ServletHandler.doHandle(ServletHandler.java:453)
	at org.eclipse.jetty.server.handler.ScopedHandler.handle(ScopedHandler.java:137)
	at org.eclipse.jetty.security.SecurityHandler.handle(SecurityHandler.java:560)
	at org.eclipse.jetty.server.session.SessionHandler.doHandle(SessionHandler.java:231)
	at org.eclipse.jetty.server.handler.ContextHandler.doHandle(ContextHandler.java:1072)
	at org.eclipse.jetty.servlet.ServletHandler.doScope(ServletHandler.java:382)
	at org.eclipse.jetty.server.session.SessionHandler.doScope(SessionHandler.java:193)
	at org.eclipse.jetty.server.handler.ContextHandler.doScope(ContextHandler.java:1006)
	at org.eclipse.jetty.server.handler.ScopedHandler.handle(ScopedHandler.java:135)
	at org.eclipse.jetty.server.handler.HandlerWrapper.handle(HandlerWrapper.java:116)
	at org.eclipse.jetty.server.Server.handle(Server.java:365)
	at org.eclipse.jetty.server.AbstractHttpConnection.handleRequest(AbstractHttpConnection.java:485)
	at org.eclipse.jetty.server.AbstractHttpConnection.content(AbstractHttpConnection.java:937)
	at org.eclipse.jetty.server.AbstractHttpConnection$RequestHandler.content(AbstractHttpConnection.java:998)
	at org.eclipse.jetty.http.HttpParser.parseNext(HttpParser.java:856)
	at org.eclipse.jetty.http.HttpParser.parseAvailable(HttpParser.java:240)
	at org.eclipse.jetty.server.AsyncHttpConnection.handle(AsyncHttpConnection.java:82)
	at org.eclipse.jetty.io.nio.SelectChannelEndPoint.handle(SelectChannelEndPoint.java:628)
	at org.eclipse.jetty.io.nio.SelectChannelEndPoint$1.run(SelectChannelEndPoint.java:52)
	at org.eclipse.jetty.util.thread.QueuedThreadPool.runJob(QueuedThreadPool.java:608)
	at org.eclipse.jetty.util.thread.QueuedThreadPool$3.run(QueuedThreadPool.java:543)
	at java.lang.Thread.run(Thread.java:748)

2017-07-05 16:51:44
[ERROR]-[Thread: qtp198761306-24]-[com.jfinal.core.ActionHandler.handle()]: /my/setting/updatePassword
java.lang.NullPointerException
	at omq.my.setting.MySettingController.updatePassword(MySettingController.java:62)
	at sun.reflect.NativeMethodAccessorImpl.invoke0(Native Method)
	at sun.reflect.NativeMethodAccessorImpl.invoke(NativeMethodAccessorImpl.java:62)
	at sun.reflect.DelegatingMethodAccessorImpl.invoke(DelegatingMethodAccessorImpl.java:43)
	at java.lang.reflect.Method.invoke(Method.java:498)
	at com.jfinal.aop.Invocation.invoke(Invocation.java:73)
	at com.jfinal.core.ActionHandler.handle(ActionHandler.java:74)
	at com.jfinal.core.JFinalFilter.doFilter(JFinalFilter.java:74)
	at org.eclipse.jetty.servlet.ServletHandler$CachedChain.doFilter(ServletHandler.java:1307)
	at org.eclipse.jetty.servlet.ServletHandler.doHandle(ServletHandler.java:453)
	at org.eclipse.jetty.server.handler.ScopedHandler.handle(ScopedHandler.java:137)
	at org.eclipse.jetty.security.SecurityHandler.handle(SecurityHandler.java:560)
	at org.eclipse.jetty.server.session.SessionHandler.doHandle(SessionHandler.java:231)
	at org.eclipse.jetty.server.handler.ContextHandler.doHandle(ContextHandler.java:1072)
	at org.eclipse.jetty.servlet.ServletHandler.doScope(ServletHandler.java:382)
	at org.eclipse.jetty.server.session.SessionHandler.doScope(SessionHandler.java:193)
	at org.eclipse.jetty.server.handler.ContextHandler.doScope(ContextHandler.java:1006)
	at org.eclipse.jetty.server.handler.ScopedHandler.handle(ScopedHandler.java:135)
	at org.eclipse.jetty.server.handler.HandlerWrapper.handle(HandlerWrapper.java:116)
	at org.eclipse.jetty.server.Server.handle(Server.java:365)
	at org.eclipse.jetty.server.AbstractHttpConnection.handleRequest(AbstractHttpConnection.java:485)
	at org.eclipse.jetty.server.AbstractHttpConnection.content(AbstractHttpConnection.java:937)
	at org.eclipse.jetty.server.AbstractHttpConnection$RequestHandler.content(AbstractHttpConnection.java:998)
	at org.eclipse.jetty.http.HttpParser.parseNext(HttpParser.java:856)
	at org.eclipse.jetty.http.HttpParser.parseAvailable(HttpParser.java:240)
	at org.eclipse.jetty.server.AsyncHttpConnection.handle(AsyncHttpConnection.java:82)
	at org.eclipse.jetty.io.nio.SelectChannelEndPoint.handle(SelectChannelEndPoint.java:628)
	at org.eclipse.jetty.io.nio.SelectChannelEndPoint$1.run(SelectChannelEndPoint.java:52)
	at org.eclipse.jetty.util.thread.QueuedThreadPool.runJob(QueuedThreadPool.java:608)
	at org.eclipse.jetty.util.thread.QueuedThreadPool$3.run(QueuedThreadPool.java:543)
	at java.lang.Thread.run(Thread.java:748)
