
2017-07-10 16:56:20
[ERROR]-[Thread: qtp525571-28]-[com.jfinal.core.ActionHandler.handle()]: /my
com.jfinal.render.RenderException: java.lang.RuntimeException: File not found : /home/ghost/java/workspace/Jfinal/src/main/webapp/view/my/index.html
	at com.jfinal.render.TemplateRender.render(TemplateRender.java:63)
	at com.jfinal.core.ActionHandler.handle(ActionHandler.java:99)
	at com.jfinal.core.JFinalFilter.doFilter(JFinalFilter.java:74)
	at org.eclipse.jetty.servlet.ServletHandler$CachedChain.doFilter(ServletHandler.java:1307)
	at org.eclipse.jetty.servlet.ServletHandler.doHandle(ServletHandler.java:453)
	at org.eclipse.jetty.server.handler.ScopedHandler.handle(ScopedHandler.java:137)
	at org.eclipse.jetty.security.SecurityHandler.handle(SecurityHandler.java:560)
	at org.eclipse.jetty.server.session.SessionHandler.doHandle(SessionHandler.java:231)
	at org.eclipse.jetty.server.handler.ContextHandler.doHandle(ContextHandler.java:1072)
	at org.eclipse.jetty.servlet.ServletHandler.doScope(ServletHandler.java:382)
	at org.eclipse.jetty.server.session.SessionHandler.doScope(SessionHandler.java:193)
	at org.eclipse.jetty.server.handler.ContextHandler.doScope(ContextHandler.java:1006)
	at org.eclipse.jetty.server.handler.ScopedHandler.handle(ScopedHandler.java:135)
	at org.eclipse.jetty.server.handler.HandlerWrapper.handle(HandlerWrapper.java:116)
	at org.eclipse.jetty.server.Server.handle(Server.java:365)
	at org.eclipse.jetty.server.AbstractHttpConnection.handleRequest(AbstractHttpConnection.java:485)
	at org.eclipse.jetty.server.AbstractHttpConnection.headerComplete(AbstractHttpConnection.java:926)
	at org.eclipse.jetty.server.AbstractHttpConnection$RequestHandler.headerComplete(AbstractHttpConnection.java:988)
	at org.eclipse.jetty.http.HttpParser.parseNext(HttpParser.java:635)
	at org.eclipse.jetty.http.HttpParser.parseAvailable(HttpParser.java:235)
	at org.eclipse.jetty.server.AsyncHttpConnection.handle(AsyncHttpConnection.java:82)
	at org.eclipse.jetty.io.nio.SelectChannelEndPoint.handle(SelectChannelEndPoint.java:628)
	at org.eclipse.jetty.io.nio.SelectChannelEndPoint$1.run(SelectChannelEndPoint.java:52)
	at org.eclipse.jetty.util.thread.QueuedThreadPool.runJob(QueuedThreadPool.java:608)
	at org.eclipse.jetty.util.thread.QueuedThreadPool$3.run(QueuedThreadPool.java:543)
	at java.lang.Thread.run(Thread.java:748)
Caused by: java.lang.RuntimeException: File not found : /home/ghost/java/workspace/Jfinal/src/main/webapp/view/my/index.html
	at com.jfinal.template.FileStringSource.getContent(FileStringSource.java:70)
	at com.jfinal.template.Engine.buildTemplateByFileStringSource(Engine.java:147)
	at com.jfinal.template.Engine.getTemplate(Engine.java:133)
	at com.jfinal.render.TemplateRender.render(TemplateRender.java:61)
	... 25 more

2017-07-10 16:57:40
[ERROR]-[Thread: qtp525571-33]-[com.jfinal.core.ActionHandler.handle()]: /my
com.jfinal.render.RenderException: com.jfinal.template.stat.ParseException: File not found : /home/ghost/java/workspace/Jfinal/src/main/webapp/_view/my/common/_my_menu_bar.html
Template: "/view/my/newsfeed/index.html". Line: 5
	at com.jfinal.render.TemplateRender.render(TemplateRender.java:63)
	at com.jfinal.core.ActionHandler.handle(ActionHandler.java:99)
	at com.jfinal.core.JFinalFilter.doFilter(JFinalFilter.java:74)
	at org.eclipse.jetty.servlet.ServletHandler$CachedChain.doFilter(ServletHandler.java:1307)
	at org.eclipse.jetty.servlet.ServletHandler.doHandle(ServletHandler.java:453)
	at org.eclipse.jetty.server.handler.ScopedHandler.handle(ScopedHandler.java:137)
	at org.eclipse.jetty.security.SecurityHandler.handle(SecurityHandler.java:560)
	at org.eclipse.jetty.server.session.SessionHandler.doHandle(SessionHandler.java:231)
	at org.eclipse.jetty.server.handler.ContextHandler.doHandle(ContextHandler.java:1072)
	at org.eclipse.jetty.servlet.ServletHandler.doScope(ServletHandler.java:382)
	at org.eclipse.jetty.server.session.SessionHandler.doScope(SessionHandler.java:193)
	at org.eclipse.jetty.server.handler.ContextHandler.doScope(ContextHandler.java:1006)
	at org.eclipse.jetty.server.handler.ScopedHandler.handle(ScopedHandler.java:135)
	at org.eclipse.jetty.server.handler.HandlerWrapper.handle(HandlerWrapper.java:116)
	at org.eclipse.jetty.server.Server.handle(Server.java:365)
	at org.eclipse.jetty.server.AbstractHttpConnection.handleRequest(AbstractHttpConnection.java:485)
	at org.eclipse.jetty.server.AbstractHttpConnection.headerComplete(AbstractHttpConnection.java:926)
	at org.eclipse.jetty.server.AbstractHttpConnection$RequestHandler.headerComplete(AbstractHttpConnection.java:988)
	at org.eclipse.jetty.http.HttpParser.parseNext(HttpParser.java:635)
	at org.eclipse.jetty.http.HttpParser.parseAvailable(HttpParser.java:235)
	at org.eclipse.jetty.server.AsyncHttpConnection.handle(AsyncHttpConnection.java:82)
	at org.eclipse.jetty.io.nio.SelectChannelEndPoint.handle(SelectChannelEndPoint.java:628)
	at org.eclipse.jetty.io.nio.SelectChannelEndPoint$1.run(SelectChannelEndPoint.java:52)
	at org.eclipse.jetty.util.thread.QueuedThreadPool.runJob(QueuedThreadPool.java:608)
	at org.eclipse.jetty.util.thread.QueuedThreadPool$3.run(QueuedThreadPool.java:543)
	at java.lang.Thread.run(Thread.java:748)
Caused by: com.jfinal.template.stat.ParseException: File not found : /home/ghost/java/workspace/Jfinal/src/main/webapp/_view/my/common/_my_menu_bar.html
Template: "/view/my/newsfeed/index.html". Line: 5
	at com.jfinal.template.stat.ast.Include.parseSubTemplate(Include.java:99)
	at com.jfinal.template.stat.ast.Include.<init>(Include.java:83)
	at com.jfinal.template.stat.Parser.stat(Parser.java:134)
	at com.jfinal.template.stat.Parser.statList(Parser.java:100)
	at com.jfinal.template.stat.Parser.stat(Parser.java:174)
	at com.jfinal.template.stat.Parser.statList(Parser.java:100)
	at com.jfinal.template.stat.Parser.parse(Parser.java:90)
	at com.jfinal.template.Engine.buildTemplateByFileStringSource(Engine.java:151)
	at com.jfinal.template.Engine.getTemplate(Engine.java:133)
	at com.jfinal.render.TemplateRender.render(TemplateRender.java:61)
	... 25 more
Caused by: java.lang.RuntimeException: File not found : /home/ghost/java/workspace/Jfinal/src/main/webapp/_view/my/common/_my_menu_bar.html
	at com.jfinal.template.FileStringSource.getContent(FileStringSource.java:70)
	at com.jfinal.template.stat.ast.Include.parseSubTemplate(Include.java:92)
	... 34 more

2017-07-10 16:58:34
[ERROR]-[Thread: qtp525571-33]-[com.jfinal.core.ActionHandler.handle()]: /my
com.jfinal.render.RenderException: com.jfinal.template.stat.ParseException: File not found : /home/ghost/java/workspace/Jfinal/src/main/webapp/_view/my/common/_my_menu_bar.html
Template: "/view/my/newsfeed/index.html". Line: 5
	at com.jfinal.render.TemplateRender.render(TemplateRender.java:63)
	at com.jfinal.core.ActionHandler.handle(ActionHandler.java:99)
	at com.jfinal.core.JFinalFilter.doFilter(JFinalFilter.java:74)
	at org.eclipse.jetty.servlet.ServletHandler$CachedChain.doFilter(ServletHandler.java:1307)
	at org.eclipse.jetty.servlet.ServletHandler.doHandle(ServletHandler.java:453)
	at org.eclipse.jetty.server.handler.ScopedHandler.handle(ScopedHandler.java:137)
	at org.eclipse.jetty.security.SecurityHandler.handle(SecurityHandler.java:560)
	at org.eclipse.jetty.server.session.SessionHandler.doHandle(SessionHandler.java:231)
	at org.eclipse.jetty.server.handler.ContextHandler.doHandle(ContextHandler.java:1072)
	at org.eclipse.jetty.servlet.ServletHandler.doScope(ServletHandler.java:382)
	at org.eclipse.jetty.server.session.SessionHandler.doScope(SessionHandler.java:193)
	at org.eclipse.jetty.server.handler.ContextHandler.doScope(ContextHandler.java:1006)
	at org.eclipse.jetty.server.handler.ScopedHandler.handle(ScopedHandler.java:135)
	at org.eclipse.jetty.server.handler.HandlerWrapper.handle(HandlerWrapper.java:116)
	at org.eclipse.jetty.server.Server.handle(Server.java:365)
	at org.eclipse.jetty.server.AbstractHttpConnection.handleRequest(AbstractHttpConnection.java:485)
	at org.eclipse.jetty.server.AbstractHttpConnection.headerComplete(AbstractHttpConnection.java:926)
	at org.eclipse.jetty.server.AbstractHttpConnection$RequestHandler.headerComplete(AbstractHttpConnection.java:988)
	at org.eclipse.jetty.http.HttpParser.parseNext(HttpParser.java:635)
	at org.eclipse.jetty.http.HttpParser.parseAvailable(HttpParser.java:235)
	at org.eclipse.jetty.server.AsyncHttpConnection.handle(AsyncHttpConnection.java:82)
	at org.eclipse.jetty.io.nio.SelectChannelEndPoint.handle(SelectChannelEndPoint.java:628)
	at org.eclipse.jetty.io.nio.SelectChannelEndPoint$1.run(SelectChannelEndPoint.java:52)
	at org.eclipse.jetty.util.thread.QueuedThreadPool.runJob(QueuedThreadPool.java:608)
	at org.eclipse.jetty.util.thread.QueuedThreadPool$3.run(QueuedThreadPool.java:543)
	at java.lang.Thread.run(Thread.java:748)
Caused by: com.jfinal.template.stat.ParseException: File not found : /home/ghost/java/workspace/Jfinal/src/main/webapp/_view/my/common/_my_menu_bar.html
Template: "/view/my/newsfeed/index.html". Line: 5
	at com.jfinal.template.stat.ast.Include.parseSubTemplate(Include.java:99)
	at com.jfinal.template.stat.ast.Include.<init>(Include.java:83)
	at com.jfinal.template.stat.Parser.stat(Parser.java:134)
	at com.jfinal.template.stat.Parser.statList(Parser.java:100)
	at com.jfinal.template.stat.Parser.stat(Parser.java:174)
	at com.jfinal.template.stat.Parser.statList(Parser.java:100)
	at com.jfinal.template.stat.Parser.parse(Parser.java:90)
	at com.jfinal.template.Engine.buildTemplateByFileStringSource(Engine.java:151)
	at com.jfinal.template.Engine.getTemplate(Engine.java:133)
	at com.jfinal.render.TemplateRender.render(TemplateRender.java:61)
	... 25 more
Caused by: java.lang.RuntimeException: File not found : /home/ghost/java/workspace/Jfinal/src/main/webapp/_view/my/common/_my_menu_bar.html
	at com.jfinal.template.FileStringSource.getContent(FileStringSource.java:70)
	at com.jfinal.template.stat.ast.Include.parseSubTemplate(Include.java:92)
	... 34 more

2017-07-17 16:08:49
[ERROR]-[Thread: qtp525571-29]-[com.jfinal.core.ActionHandler.handle()]: /my
com.jfinal.render.RenderException: com.jfinal.template.TemplateException: Method not found: omq.common.model.NewsFeed.isRefTypeProject()
Template: "/view/my/newsfeed/_news_feed_list.html". Line: 44
	at com.jfinal.render.TemplateRender.render(TemplateRender.java:63)
	at com.jfinal.core.ActionHandler.handle(ActionHandler.java:99)
	at com.jfinal.core.JFinalFilter.doFilter(JFinalFilter.java:74)
	at org.eclipse.jetty.servlet.ServletHandler$CachedChain.doFilter(ServletHandler.java:1307)
	at org.eclipse.jetty.servlet.ServletHandler.doHandle(ServletHandler.java:453)
	at org.eclipse.jetty.server.handler.ScopedHandler.handle(ScopedHandler.java:137)
	at org.eclipse.jetty.security.SecurityHandler.handle(SecurityHandler.java:560)
	at org.eclipse.jetty.server.session.SessionHandler.doHandle(SessionHandler.java:231)
	at org.eclipse.jetty.server.handler.ContextHandler.doHandle(ContextHandler.java:1072)
	at org.eclipse.jetty.servlet.ServletHandler.doScope(ServletHandler.java:382)
	at org.eclipse.jetty.server.session.SessionHandler.doScope(SessionHandler.java:193)
	at org.eclipse.jetty.server.handler.ContextHandler.doScope(ContextHandler.java:1006)
	at org.eclipse.jetty.server.handler.ScopedHandler.handle(ScopedHandler.java:135)
	at org.eclipse.jetty.server.handler.HandlerWrapper.handle(HandlerWrapper.java:116)
	at org.eclipse.jetty.server.Server.handle(Server.java:365)
	at org.eclipse.jetty.server.AbstractHttpConnection.handleRequest(AbstractHttpConnection.java:485)
	at org.eclipse.jetty.server.AbstractHttpConnection.headerComplete(AbstractHttpConnection.java:926)
	at org.eclipse.jetty.server.AbstractHttpConnection$RequestHandler.headerComplete(AbstractHttpConnection.java:988)
	at org.eclipse.jetty.http.HttpParser.parseNext(HttpParser.java:635)
	at org.eclipse.jetty.http.HttpParser.parseAvailable(HttpParser.java:235)
	at org.eclipse.jetty.server.AsyncHttpConnection.handle(AsyncHttpConnection.java:82)
	at org.eclipse.jetty.io.nio.SelectChannelEndPoint.handle(SelectChannelEndPoint.java:628)
	at org.eclipse.jetty.io.nio.SelectChannelEndPoint$1.run(SelectChannelEndPoint.java:52)
	at org.eclipse.jetty.util.thread.QueuedThreadPool.runJob(QueuedThreadPool.java:608)
	at org.eclipse.jetty.util.thread.QueuedThreadPool$3.run(QueuedThreadPool.java:543)
	at java.lang.Thread.run(Thread.java:748)
Caused by: com.jfinal.template.TemplateException: Method not found: omq.common.model.NewsFeed.isRefTypeProject()
Template: "/view/my/newsfeed/_news_feed_list.html". Line: 44
	at com.jfinal.template.expr.ast.Method.eval(Method.java:77)
	at com.jfinal.template.expr.ast.ExprList.eval(ExprList.java:67)
	at com.jfinal.template.stat.ast.If.exec(If.java:52)
	at com.jfinal.template.stat.ast.StatList.exec(StatList.java:48)
	at com.jfinal.template.stat.ast.For.forIterator(For.java:74)
	at com.jfinal.template.stat.ast.For.exec(For.java:53)
	at com.jfinal.template.stat.ast.StatList.exec(StatList.java:48)
	at com.jfinal.template.stat.ast.Include.exec(Include.java:138)
	at com.jfinal.template.stat.ast.StatList.exec(StatList.java:48)
	at com.jfinal.template.stat.ast.Define.call(Define.java:105)
	at com.jfinal.template.stat.ast.Call.exec(Call.java:49)
	at com.jfinal.template.stat.ast.StatList.exec(StatList.java:48)
	at com.jfinal.template.stat.ast.Define.call(Define.java:105)
	at com.jfinal.template.stat.ast.Call.exec(Call.java:49)
	at com.jfinal.template.stat.ast.StatList.exec(StatList.java:48)
	at com.jfinal.template.Template.render(Template.java:49)
	at com.jfinal.render.TemplateRender.render(TemplateRender.java:61)
	... 25 more

2017-07-17 16:08:51
[ERROR]-[Thread: qtp525571-33]-[com.jfinal.core.ActionHandler.handle()]: /my/feedback
com.jfinal.render.RenderException: com.jfinal.template.TemplateException: Method not found: omq.common.model.NewsFeed.isRefTypeProject()
Template: "/view/my/newsfeed/_news_feed_list.html". Line: 44
	at com.jfinal.render.TemplateRender.render(TemplateRender.java:63)
	at com.jfinal.core.ActionHandler.handle(ActionHandler.java:99)
	at com.jfinal.core.JFinalFilter.doFilter(JFinalFilter.java:74)
	at org.eclipse.jetty.servlet.ServletHandler$CachedChain.doFilter(ServletHandler.java:1307)
	at org.eclipse.jetty.servlet.ServletHandler.doHandle(ServletHandler.java:453)
	at org.eclipse.jetty.server.handler.ScopedHandler.handle(ScopedHandler.java:137)
	at org.eclipse.jetty.security.SecurityHandler.handle(SecurityHandler.java:560)
	at org.eclipse.jetty.server.session.SessionHandler.doHandle(SessionHandler.java:231)
	at org.eclipse.jetty.server.handler.ContextHandler.doHandle(ContextHandler.java:1072)
	at org.eclipse.jetty.servlet.ServletHandler.doScope(ServletHandler.java:382)
	at org.eclipse.jetty.server.session.SessionHandler.doScope(SessionHandler.java:193)
	at org.eclipse.jetty.server.handler.ContextHandler.doScope(ContextHandler.java:1006)
	at org.eclipse.jetty.server.handler.ScopedHandler.handle(ScopedHandler.java:135)
	at org.eclipse.jetty.server.handler.HandlerWrapper.handle(HandlerWrapper.java:116)
	at org.eclipse.jetty.server.Server.handle(Server.java:365)
	at org.eclipse.jetty.server.AbstractHttpConnection.handleRequest(AbstractHttpConnection.java:485)
	at org.eclipse.jetty.server.AbstractHttpConnection.headerComplete(AbstractHttpConnection.java:926)
	at org.eclipse.jetty.server.AbstractHttpConnection$RequestHandler.headerComplete(AbstractHttpConnection.java:988)
	at org.eclipse.jetty.http.HttpParser.parseNext(HttpParser.java:635)
	at org.eclipse.jetty.http.HttpParser.parseAvailable(HttpParser.java:235)
	at org.eclipse.jetty.server.AsyncHttpConnection.handle(AsyncHttpConnection.java:82)
	at org.eclipse.jetty.io.nio.SelectChannelEndPoint.handle(SelectChannelEndPoint.java:628)
	at org.eclipse.jetty.io.nio.SelectChannelEndPoint$1.run(SelectChannelEndPoint.java:52)
	at org.eclipse.jetty.util.thread.QueuedThreadPool.runJob(QueuedThreadPool.java:608)
	at org.eclipse.jetty.util.thread.QueuedThreadPool$3.run(QueuedThreadPool.java:543)
	at java.lang.Thread.run(Thread.java:748)
Caused by: com.jfinal.template.TemplateException: Method not found: omq.common.model.NewsFeed.isRefTypeProject()
Template: "/view/my/newsfeed/_news_feed_list.html". Line: 44
	at com.jfinal.template.expr.ast.Method.eval(Method.java:77)
	at com.jfinal.template.expr.ast.ExprList.eval(ExprList.java:67)
	at com.jfinal.template.stat.ast.If.exec(If.java:52)
	at com.jfinal.template.stat.ast.StatList.exec(StatList.java:48)
	at com.jfinal.template.stat.ast.For.forIterator(For.java:74)
	at com.jfinal.template.stat.ast.For.exec(For.java:53)
	at com.jfinal.template.stat.ast.StatList.exec(StatList.java:48)
	at com.jfinal.template.stat.ast.Include.exec(Include.java:138)
	at com.jfinal.template.stat.ast.StatList.exec(StatList.java:48)
	at com.jfinal.template.stat.ast.Define.call(Define.java:105)
	at com.jfinal.template.stat.ast.Call.exec(Call.java:49)
	at com.jfinal.template.stat.ast.StatList.exec(StatList.java:48)
	at com.jfinal.template.stat.ast.Define.call(Define.java:105)
	at com.jfinal.template.stat.ast.Call.exec(Call.java:49)
	at com.jfinal.template.stat.ast.StatList.exec(StatList.java:48)
	at com.jfinal.template.Template.render(Template.java:49)
	at com.jfinal.render.TemplateRender.render(TemplateRender.java:61)
	... 25 more

2017-07-17 16:08:52
[ERROR]-[Thread: qtp525571-29]-[com.jfinal.core.ActionHandler.handle()]: /my/share
com.jfinal.render.RenderException: com.jfinal.template.TemplateException: Method not found: omq.common.model.NewsFeed.isRefTypeProject()
Template: "/view/my/newsfeed/_news_feed_list.html". Line: 44
	at com.jfinal.render.TemplateRender.render(TemplateRender.java:63)
	at com.jfinal.core.ActionHandler.handle(ActionHandler.java:99)
	at com.jfinal.core.JFinalFilter.doFilter(JFinalFilter.java:74)
	at org.eclipse.jetty.servlet.ServletHandler$CachedChain.doFilter(ServletHandler.java:1307)
	at org.eclipse.jetty.servlet.ServletHandler.doHandle(ServletHandler.java:453)
	at org.eclipse.jetty.server.handler.ScopedHandler.handle(ScopedHandler.java:137)
	at org.eclipse.jetty.security.SecurityHandler.handle(SecurityHandler.java:560)
	at org.eclipse.jetty.server.session.SessionHandler.doHandle(SessionHandler.java:231)
	at org.eclipse.jetty.server.handler.ContextHandler.doHandle(ContextHandler.java:1072)
	at org.eclipse.jetty.servlet.ServletHandler.doScope(ServletHandler.java:382)
	at org.eclipse.jetty.server.session.SessionHandler.doScope(SessionHandler.java:193)
	at org.eclipse.jetty.server.handler.ContextHandler.doScope(ContextHandler.java:1006)
	at org.eclipse.jetty.server.handler.ScopedHandler.handle(ScopedHandler.java:135)
	at org.eclipse.jetty.server.handler.HandlerWrapper.handle(HandlerWrapper.java:116)
	at org.eclipse.jetty.server.Server.handle(Server.java:365)
	at org.eclipse.jetty.server.AbstractHttpConnection.handleRequest(AbstractHttpConnection.java:485)
	at org.eclipse.jetty.server.AbstractHttpConnection.headerComplete(AbstractHttpConnection.java:926)
	at org.eclipse.jetty.server.AbstractHttpConnection$RequestHandler.headerComplete(AbstractHttpConnection.java:988)
	at org.eclipse.jetty.http.HttpParser.parseNext(HttpParser.java:635)
	at org.eclipse.jetty.http.HttpParser.parseAvailable(HttpParser.java:235)
	at org.eclipse.jetty.server.AsyncHttpConnection.handle(AsyncHttpConnection.java:82)
	at org.eclipse.jetty.io.nio.SelectChannelEndPoint.handle(SelectChannelEndPoint.java:628)
	at org.eclipse.jetty.io.nio.SelectChannelEndPoint$1.run(SelectChannelEndPoint.java:52)
	at org.eclipse.jetty.util.thread.QueuedThreadPool.runJob(QueuedThreadPool.java:608)
	at org.eclipse.jetty.util.thread.QueuedThreadPool$3.run(QueuedThreadPool.java:543)
	at java.lang.Thread.run(Thread.java:748)
Caused by: com.jfinal.template.TemplateException: Method not found: omq.common.model.NewsFeed.isRefTypeProject()
Template: "/view/my/newsfeed/_news_feed_list.html". Line: 44
	at com.jfinal.template.expr.ast.Method.eval(Method.java:77)
	at com.jfinal.template.expr.ast.ExprList.eval(ExprList.java:67)
	at com.jfinal.template.stat.ast.If.exec(If.java:52)
	at com.jfinal.template.stat.ast.StatList.exec(StatList.java:48)
	at com.jfinal.template.stat.ast.For.forIterator(For.java:74)
	at com.jfinal.template.stat.ast.For.exec(For.java:53)
	at com.jfinal.template.stat.ast.StatList.exec(StatList.java:48)
	at com.jfinal.template.stat.ast.Include.exec(Include.java:138)
	at com.jfinal.template.stat.ast.StatList.exec(StatList.java:48)
	at com.jfinal.template.stat.ast.Define.call(Define.java:105)
	at com.jfinal.template.stat.ast.Call.exec(Call.java:49)
	at com.jfinal.template.stat.ast.StatList.exec(StatList.java:48)
	at com.jfinal.template.stat.ast.Define.call(Define.java:105)
	at com.jfinal.template.stat.ast.Call.exec(Call.java:49)
	at com.jfinal.template.stat.ast.StatList.exec(StatList.java:48)
	at com.jfinal.template.Template.render(Template.java:49)
	at com.jfinal.render.TemplateRender.render(TemplateRender.java:61)
	... 25 more

2017-07-17 16:08:52
[ERROR]-[Thread: qtp525571-32]-[com.jfinal.core.ActionHandler.handle()]: /my/message
com.jfinal.render.RenderException: com.jfinal.template.TemplateException: Method not found: omq.common.model.NewsFeed.isRefTypeProject()
Template: "/view/my/newsfeed/_news_feed_list.html". Line: 44
	at com.jfinal.render.TemplateRender.render(TemplateRender.java:63)
	at com.jfinal.core.ActionHandler.handle(ActionHandler.java:99)
	at com.jfinal.core.JFinalFilter.doFilter(JFinalFilter.java:74)
	at org.eclipse.jetty.servlet.ServletHandler$CachedChain.doFilter(ServletHandler.java:1307)
	at org.eclipse.jetty.servlet.ServletHandler.doHandle(ServletHandler.java:453)
	at org.eclipse.jetty.server.handler.ScopedHandler.handle(ScopedHandler.java:137)
	at org.eclipse.jetty.security.SecurityHandler.handle(SecurityHandler.java:560)
	at org.eclipse.jetty.server.session.SessionHandler.doHandle(SessionHandler.java:231)
	at org.eclipse.jetty.server.handler.ContextHandler.doHandle(ContextHandler.java:1072)
	at org.eclipse.jetty.servlet.ServletHandler.doScope(ServletHandler.java:382)
	at org.eclipse.jetty.server.session.SessionHandler.doScope(SessionHandler.java:193)
	at org.eclipse.jetty.server.handler.ContextHandler.doScope(ContextHandler.java:1006)
	at org.eclipse.jetty.server.handler.ScopedHandler.handle(ScopedHandler.java:135)
	at org.eclipse.jetty.server.handler.HandlerWrapper.handle(HandlerWrapper.java:116)
	at org.eclipse.jetty.server.Server.handle(Server.java:365)
	at org.eclipse.jetty.server.AbstractHttpConnection.handleRequest(AbstractHttpConnection.java:485)
	at org.eclipse.jetty.server.AbstractHttpConnection.headerComplete(AbstractHttpConnection.java:926)
	at org.eclipse.jetty.server.AbstractHttpConnection$RequestHandler.headerComplete(AbstractHttpConnection.java:988)
	at org.eclipse.jetty.http.HttpParser.parseNext(HttpParser.java:635)
	at org.eclipse.jetty.http.HttpParser.parseAvailable(HttpParser.java:235)
	at org.eclipse.jetty.server.AsyncHttpConnection.handle(AsyncHttpConnection.java:82)
	at org.eclipse.jetty.io.nio.SelectChannelEndPoint.handle(SelectChannelEndPoint.java:628)
	at org.eclipse.jetty.io.nio.SelectChannelEndPoint$1.run(SelectChannelEndPoint.java:52)
	at org.eclipse.jetty.util.thread.QueuedThreadPool.runJob(QueuedThreadPool.java:608)
	at org.eclipse.jetty.util.thread.QueuedThreadPool$3.run(QueuedThreadPool.java:543)
	at java.lang.Thread.run(Thread.java:748)
Caused by: com.jfinal.template.TemplateException: Method not found: omq.common.model.NewsFeed.isRefTypeProject()
Template: "/view/my/newsfeed/_news_feed_list.html". Line: 44
	at com.jfinal.template.expr.ast.Method.eval(Method.java:77)
	at com.jfinal.template.expr.ast.ExprList.eval(ExprList.java:67)
	at com.jfinal.template.stat.ast.If.exec(If.java:52)
	at com.jfinal.template.stat.ast.StatList.exec(StatList.java:48)
	at com.jfinal.template.stat.ast.For.forIterator(For.java:74)
	at com.jfinal.template.stat.ast.For.exec(For.java:53)
	at com.jfinal.template.stat.ast.StatList.exec(StatList.java:48)
	at com.jfinal.template.stat.ast.Include.exec(Include.java:138)
	at com.jfinal.template.stat.ast.StatList.exec(StatList.java:48)
	at com.jfinal.template.stat.ast.Define.call(Define.java:105)
	at com.jfinal.template.stat.ast.Call.exec(Call.java:49)
	at com.jfinal.template.stat.ast.StatList.exec(StatList.java:48)
	at com.jfinal.template.stat.ast.Define.call(Define.java:105)
	at com.jfinal.template.stat.ast.Call.exec(Call.java:49)
	at com.jfinal.template.stat.ast.StatList.exec(StatList.java:48)
	at com.jfinal.template.Template.render(Template.java:49)
	at com.jfinal.render.TemplateRender.render(TemplateRender.java:61)
	... 25 more

2017-07-17 16:08:53
[ERROR]-[Thread: qtp525571-33]-[com.jfinal.core.ActionHandler.handle()]: /my/project
com.jfinal.render.RenderException: com.jfinal.template.TemplateException: Method not found: omq.common.model.NewsFeed.isRefTypeProject()
Template: "/view/my/newsfeed/_news_feed_list.html". Line: 44
	at com.jfinal.render.TemplateRender.render(TemplateRender.java:63)
	at com.jfinal.core.ActionHandler.handle(ActionHandler.java:99)
	at com.jfinal.core.JFinalFilter.doFilter(JFinalFilter.java:74)
	at org.eclipse.jetty.servlet.ServletHandler$CachedChain.doFilter(ServletHandler.java:1307)
	at org.eclipse.jetty.servlet.ServletHandler.doHandle(ServletHandler.java:453)
	at org.eclipse.jetty.server.handler.ScopedHandler.handle(ScopedHandler.java:137)
	at org.eclipse.jetty.security.SecurityHandler.handle(SecurityHandler.java:560)
	at org.eclipse.jetty.server.session.SessionHandler.doHandle(SessionHandler.java:231)
	at org.eclipse.jetty.server.handler.ContextHandler.doHandle(ContextHandler.java:1072)
	at org.eclipse.jetty.servlet.ServletHandler.doScope(ServletHandler.java:382)
	at org.eclipse.jetty.server.session.SessionHandler.doScope(SessionHandler.java:193)
	at org.eclipse.jetty.server.handler.ContextHandler.doScope(ContextHandler.java:1006)
	at org.eclipse.jetty.server.handler.ScopedHandler.handle(ScopedHandler.java:135)
	at org.eclipse.jetty.server.handler.HandlerWrapper.handle(HandlerWrapper.java:116)
	at org.eclipse.jetty.server.Server.handle(Server.java:365)
	at org.eclipse.jetty.server.AbstractHttpConnection.handleRequest(AbstractHttpConnection.java:485)
	at org.eclipse.jetty.server.AbstractHttpConnection.headerComplete(AbstractHttpConnection.java:926)
	at org.eclipse.jetty.server.AbstractHttpConnection$RequestHandler.headerComplete(AbstractHttpConnection.java:988)
	at org.eclipse.jetty.http.HttpParser.parseNext(HttpParser.java:635)
	at org.eclipse.jetty.http.HttpParser.parseAvailable(HttpParser.java:235)
	at org.eclipse.jetty.server.AsyncHttpConnection.handle(AsyncHttpConnection.java:82)
	at org.eclipse.jetty.io.nio.SelectChannelEndPoint.handle(SelectChannelEndPoint.java:628)
	at org.eclipse.jetty.io.nio.SelectChannelEndPoint$1.run(SelectChannelEndPoint.java:52)
	at org.eclipse.jetty.util.thread.QueuedThreadPool.runJob(QueuedThreadPool.java:608)
	at org.eclipse.jetty.util.thread.QueuedThreadPool$3.run(QueuedThreadPool.java:543)
	at java.lang.Thread.run(Thread.java:748)
Caused by: com.jfinal.template.TemplateException: Method not found: omq.common.model.NewsFeed.isRefTypeProject()
Template: "/view/my/newsfeed/_news_feed_list.html". Line: 44
	at com.jfinal.template.expr.ast.Method.eval(Method.java:77)
	at com.jfinal.template.expr.ast.ExprList.eval(ExprList.java:67)
	at com.jfinal.template.stat.ast.If.exec(If.java:52)
	at com.jfinal.template.stat.ast.StatList.exec(StatList.java:48)
	at com.jfinal.template.stat.ast.For.forIterator(For.java:74)
	at com.jfinal.template.stat.ast.For.exec(For.java:53)
	at com.jfinal.template.stat.ast.StatList.exec(StatList.java:48)
	at com.jfinal.template.stat.ast.Include.exec(Include.java:138)
	at com.jfinal.template.stat.ast.StatList.exec(StatList.java:48)
	at com.jfinal.template.stat.ast.Define.call(Define.java:105)
	at com.jfinal.template.stat.ast.Call.exec(Call.java:49)
	at com.jfinal.template.stat.ast.StatList.exec(StatList.java:48)
	at com.jfinal.template.stat.ast.Define.call(Define.java:105)
	at com.jfinal.template.stat.ast.Call.exec(Call.java:49)
	at com.jfinal.template.stat.ast.StatList.exec(StatList.java:48)
	at com.jfinal.template.Template.render(Template.java:49)
	at com.jfinal.render.TemplateRender.render(TemplateRender.java:61)
	... 25 more

2017-07-17 16:10:03
[ERROR]-[Thread: JFinal-Scanner]-[com.jfinal.kit.LogKit.error()]: controllerKey already exists: /my/favorite
java.lang.IllegalArgumentException: controllerKey already exists: /my/favorite
	at com.jfinal.config.Routes$Route.processControllerKey(Routes.java:157)
	at com.jfinal.config.Routes$Route.<init>(Routes.java:146)
	at com.jfinal.config.Routes.add(Routes.java:61)
	at com.jfinal.config.Routes.add(Routes.java:71)
	at omq.main.ConfigRoute.config(ConfigRoute.java:27)
	at com.jfinal.config.Routes.add(Routes.java:49)
	at omq.main.JfinalConfig.configRoute(JfinalConfig.java:51)
	at com.jfinal.core.Config.configJFinal(Config.java:51)
	at com.jfinal.core.JFinal.init(JFinal.java:63)
	at com.jfinal.core.JFinalFilter.init(JFinalFilter.java:49)
	at org.eclipse.jetty.servlet.FilterHolder.doStart(FilterHolder.java:119)
	at org.eclipse.jetty.util.component.AbstractLifeCycle.start(AbstractLifeCycle.java:64)
	at org.eclipse.jetty.servlet.ServletHandler.initialize(ServletHandler.java:724)
	at org.eclipse.jetty.servlet.ServletContextHandler.startContext(ServletContextHandler.java:265)
	at org.eclipse.jetty.webapp.WebAppContext.startContext(WebAppContext.java:1250)
	at org.eclipse.jetty.server.handler.ContextHandler.doStart(ContextHandler.java:706)
	at org.eclipse.jetty.webapp.WebAppContext.doStart(WebAppContext.java:492)
	at org.eclipse.jetty.util.component.AbstractLifeCycle.start(AbstractLifeCycle.java:64)
	at com.jfinal.server.JettyServer$1.onChange(JettyServer.java:117)
	at com.jfinal.server.Scanner.compare(Scanner.java:88)
	at com.jfinal.server.Scanner.working(Scanner.java:57)
	at com.jfinal.server.Scanner.access$000(Scanner.java:31)
	at com.jfinal.server.Scanner$1.run(Scanner.java:94)
	at java.util.TimerThread.mainLoop(Timer.java:555)
	at java.util.TimerThread.run(Timer.java:505)

2017-07-17 16:13:05
[ERROR]-[Thread: JFinal-Scanner]-[com.jfinal.kit.LogKit.error()]: controllerKey already exists: /my/favorite
java.lang.IllegalArgumentException: controllerKey already exists: /my/favorite
	at com.jfinal.config.Routes$Route.processControllerKey(Routes.java:157)
	at com.jfinal.config.Routes$Route.<init>(Routes.java:146)
	at com.jfinal.config.Routes.add(Routes.java:61)
	at com.jfinal.config.Routes.add(Routes.java:71)
	at omq.main.ConfigRoute.config(ConfigRoute.java:27)
	at com.jfinal.config.Routes.add(Routes.java:49)
	at omq.main.JfinalConfig.configRoute(JfinalConfig.java:51)
	at com.jfinal.core.Config.configJFinal(Config.java:51)
	at com.jfinal.core.JFinal.init(JFinal.java:63)
	at com.jfinal.core.JFinalFilter.init(JFinalFilter.java:49)
	at org.eclipse.jetty.servlet.FilterHolder.doStart(FilterHolder.java:119)
	at org.eclipse.jetty.util.component.AbstractLifeCycle.start(AbstractLifeCycle.java:64)
	at org.eclipse.jetty.servlet.ServletHandler.initialize(ServletHandler.java:724)
	at org.eclipse.jetty.servlet.ServletContextHandler.startContext(ServletContextHandler.java:265)
	at org.eclipse.jetty.webapp.WebAppContext.startContext(WebAppContext.java:1250)
	at org.eclipse.jetty.server.handler.ContextHandler.doStart(ContextHandler.java:706)
	at org.eclipse.jetty.webapp.WebAppContext.doStart(WebAppContext.java:492)
	at org.eclipse.jetty.util.component.AbstractLifeCycle.start(AbstractLifeCycle.java:64)
	at com.jfinal.server.JettyServer$1.onChange(JettyServer.java:117)
	at com.jfinal.server.Scanner.compare(Scanner.java:88)
	at com.jfinal.server.Scanner.working(Scanner.java:57)
	at com.jfinal.server.Scanner.access$000(Scanner.java:31)
	at com.jfinal.server.Scanner$1.run(Scanner.java:94)
	at java.util.TimerThread.mainLoop(Timer.java:555)
	at java.util.TimerThread.run(Timer.java:505)

2017-07-17 16:14:00
[ERROR]-[Thread: JFinal-Scanner]-[com.jfinal.kit.LogKit.error()]: controllerKey already exists: /my/favorite
java.lang.IllegalArgumentException: controllerKey already exists: /my/favorite
	at com.jfinal.config.Routes$Route.processControllerKey(Routes.java:157)
	at com.jfinal.config.Routes$Route.<init>(Routes.java:146)
	at com.jfinal.config.Routes.add(Routes.java:61)
	at com.jfinal.config.Routes.add(Routes.java:71)
	at omq.main.ConfigRoute.config(ConfigRoute.java:27)
	at com.jfinal.config.Routes.add(Routes.java:49)
	at omq.main.JfinalConfig.configRoute(JfinalConfig.java:51)
	at com.jfinal.core.Config.configJFinal(Config.java:51)
	at com.jfinal.core.JFinal.init(JFinal.java:63)
	at com.jfinal.core.JFinalFilter.init(JFinalFilter.java:49)
	at org.eclipse.jetty.servlet.FilterHolder.doStart(FilterHolder.java:119)
	at org.eclipse.jetty.util.component.AbstractLifeCycle.start(AbstractLifeCycle.java:64)
	at org.eclipse.jetty.servlet.ServletHandler.initialize(ServletHandler.java:724)
	at org.eclipse.jetty.servlet.ServletContextHandler.startContext(ServletContextHandler.java:265)
	at org.eclipse.jetty.webapp.WebAppContext.startContext(WebAppContext.java:1250)
	at org.eclipse.jetty.server.handler.ContextHandler.doStart(ContextHandler.java:706)
	at org.eclipse.jetty.webapp.WebAppContext.doStart(WebAppContext.java:492)
	at org.eclipse.jetty.util.component.AbstractLifeCycle.start(AbstractLifeCycle.java:64)
	at com.jfinal.server.JettyServer$1.onChange(JettyServer.java:117)
	at com.jfinal.server.Scanner.compare(Scanner.java:88)
	at com.jfinal.server.Scanner.working(Scanner.java:57)
	at com.jfinal.server.Scanner.access$000(Scanner.java:31)
	at com.jfinal.server.Scanner$1.run(Scanner.java:94)
	at java.util.TimerThread.mainLoop(Timer.java:555)
	at java.util.TimerThread.run(Timer.java:505)

2017-07-17 16:14:26
[ERROR]-[Thread: JFinal-Scanner]-[com.jfinal.kit.LogKit.error()]: The action "omq.my.newsfeed.NewsFeedController.newsFeed()" can not be mapped, actionKey "/my" is already in use.
java.lang.RuntimeException: The action "omq.my.newsfeed.NewsFeedController.newsFeed()" can not be mapped, actionKey "/my" is already in use.
	at com.jfinal.core.ActionMapping.buildActionMapping(ActionMapping.java:108)
	at com.jfinal.core.JFinal.initActionMapping(JFinal.java:102)
	at com.jfinal.core.JFinal.init(JFinal.java:66)
	at com.jfinal.core.JFinalFilter.init(JFinalFilter.java:49)
	at org.eclipse.jetty.servlet.FilterHolder.doStart(FilterHolder.java:119)
	at org.eclipse.jetty.util.component.AbstractLifeCycle.start(AbstractLifeCycle.java:64)
	at org.eclipse.jetty.servlet.ServletHandler.initialize(ServletHandler.java:724)
	at org.eclipse.jetty.servlet.ServletContextHandler.startContext(ServletContextHandler.java:265)
	at org.eclipse.jetty.webapp.WebAppContext.startContext(WebAppContext.java:1250)
	at org.eclipse.jetty.server.handler.ContextHandler.doStart(ContextHandler.java:706)
	at org.eclipse.jetty.webapp.WebAppContext.doStart(WebAppContext.java:492)
	at org.eclipse.jetty.util.component.AbstractLifeCycle.start(AbstractLifeCycle.java:64)
	at com.jfinal.server.JettyServer$1.onChange(JettyServer.java:117)
	at com.jfinal.server.Scanner.compare(Scanner.java:88)
	at com.jfinal.server.Scanner.working(Scanner.java:57)
	at com.jfinal.server.Scanner.access$000(Scanner.java:31)
	at com.jfinal.server.Scanner$1.run(Scanner.java:94)
	at java.util.TimerThread.mainLoop(Timer.java:555)
	at java.util.TimerThread.run(Timer.java:505)
